Mock Version: 1.1.41
Mock Version: 1.1.41
ENTER do(['bash', '--login', '-c', 'rpmbuild -bs --target noarch --nodeps builddir/build/SPECS/checkstyle.spec'], False, '/var/lib/mock/el7-build-199-118/root/', None, 86400, True, False, 996, 135, None, False, {'LANG': 'en_US.UTF-8', 'TERM': 'vt100', 'SHELL': '/bin/bash', 'HOSTNAME': 'mock', 'PROMPT_COMMAND': 'echo -n "<mock-chroot>"', 'HOME': '/builddir', 'PATH': '/usr/bin:/bin:/usr/sbin:/sbin'}, logger=<mockbuild.trace_decorator.getLog object at 0x253de10>)
Executing command: ['bash', '--login', '-c', 'rpmbuild -bs --target noarch --nodeps builddir/build/SPECS/checkstyle.spec'] with env {'LANG': 'en_US.UTF-8', 'TERM': 'vt100', 'SHELL': '/bin/bash', 'HOSTNAME': 'mock', 'PROMPT_COMMAND': 'echo -n "<mock-chroot>"', 'HOME': '/builddir', 'PATH': '/usr/bin:/bin:/usr/sbin:/sbin'}
warning: bogus date in %changelog: Thu Feb 24 2007 Deepak Bhole <dbhole@redhat.com> - 0:4.1-4jpp.1
Building target platforms: noarch
Building for target noarch
Wrote: /builddir/build/SRPMS/checkstyle-5.6-5.el7.centos.src.rpm
Child return code was: 0
LEAVE do --> 

ENTER do(['bash', '--login', '-c', 'rpmbuild -bb --target noarch --nodeps  builddir/build/SPECS/checkstyle.spec'], False, '/var/lib/mock/el7-build-199-118/root/', None, 86400, True, False, 996, 135, None, False, {'LANG': 'en_US.UTF-8', 'TERM': 'vt100', 'SHELL': '/bin/bash', 'HOSTNAME': 'mock', 'PROMPT_COMMAND': 'echo -n "<mock-chroot>"', 'HOME': '/builddir', 'PATH': '/usr/bin:/bin:/usr/sbin:/sbin'}, logger=<mockbuild.trace_decorator.getLog object at 0x253de10>)
Executing command: ['bash', '--login', '-c', 'rpmbuild -bb --target noarch --nodeps  builddir/build/SPECS/checkstyle.spec'] with env {'LANG': 'en_US.UTF-8', 'TERM': 'vt100', 'SHELL': '/bin/bash', 'HOSTNAME': 'mock', 'PROMPT_COMMAND': 'echo -n "<mock-chroot>"', 'HOME': '/builddir', 'PATH': '/usr/bin:/bin:/usr/sbin:/sbin'}
warning: bogus date in %changelog: Thu Feb 24 2007 Deepak Bhole <dbhole@redhat.com> - 0:4.1-4jpp.1
Building target platforms: noarch
Building for target noarch
Executing(%prep): /bin/sh -e /var/tmp/rpm-tmp.rl6skR
+ umask 022
+ cd /builddir/build/BUILD
+ cd /builddir/build/BUILD
+ rm -rf checkstyle-5.6
+ /usr/bin/gzip -dc /builddir/build/SOURCES/checkstyle-5.6-src.tar.gz
+ /usr/bin/tar -xf -
+ STATUS=0
+ '[' 0 -ne 0 ']'
+ cd checkstyle-5.6
+ /usr/bin/chmod -Rf a+rX,u+w,g-w,o-w .
+ echo 'Patch #0 (0001-Remove-sonatype-parent.patch):'
Patch #0 (0001-Remove-sonatype-parent.patch):
+ /usr/bin/cat /builddir/build/SOURCES/0001-Remove-sonatype-parent.patch
+ /usr/bin/patch -p1 --fuzz=0
patching file pom.xml
+ echo 'Patch #1 (0002-Remove-linkcheck-plugin.patch):'
Patch #1 (0002-Remove-linkcheck-plugin.patch):
+ /usr/bin/cat /builddir/build/SOURCES/0002-Remove-linkcheck-plugin.patch
+ /usr/bin/patch -p1 --fuzz=0
patching file pom.xml
Hunk #1 succeeded at 368 (offset 1 line).
+ echo 'Patch #2 (0003-Remove-eclipse-plugin.patch):'
Patch #2 (0003-Remove-eclipse-plugin.patch):
+ /usr/bin/cat /builddir/build/SOURCES/0003-Remove-eclipse-plugin.patch
+ /usr/bin/patch -p1 --fuzz=0
patching file pom.xml
Hunk #1 succeeded at 367 (offset 1 line).
+ sed -i 's/\r//' LICENSE LICENSE.apache20 README RIGHTS.antlr checkstyle_checks.xml sun_checks.xml suppressions.xml contrib/hooks/git-pre-commit-hook.pl src/site/resources/css/site.css java.header
+ rm -f src/tests/com/puppycrawl/tools/checkstyle/filters/SuppressionsLoaderTest.java
+ exit 0
Executing(%build): /bin/sh -e /var/tmp/rpm-tmp.4y0LWu
+ umask 022
+ cd /builddir/build/BUILD
+ cd checkstyle-5.6
+ mvn-file : checkstyle
+ mvn-build
[INFO] Scanning for projects...
[INFO]                                                                         
[INFO] ------------------------------------------------------------------------
[INFO] Building checkstyle 5.6
[INFO] ------------------------------------------------------------------------
[INFO] 
[INFO] --- maven-enforcer-plugin:1.2:enforce (enforce-versions) @ checkstyle ---
[INFO] 
[INFO] --- antlr-maven-plugin:2.2:generate (default) @ checkstyle ---
[INFO] performing grammar generation [java.g]
ANTLR Parser Generator   Version 2.7.7 (2006-11-01)   1989-2005
/builddir/build/BUILD/checkstyle-5.6/src/checkstyle/com/puppycrawl/tools/checkstyle/grammars/java.g:919: warning:Syntactic predicate superfluous for single alternative
[INFO] 
[INFO] --- maven-resources-plugin:2.6:resources (default-resources) @ checkstyle ---
[INFO] Using 'iso-8859-1' encoding to copy filtered resources.
[INFO] Copying 130 resources
[INFO] Copying 1 resource
[INFO] 
[INFO] --- maven-compiler-plugin:3.0:compile (default-compile) @ checkstyle ---
[INFO] Changes detected - recompiling the module!
[INFO] Compiling 301 source files to /builddir/build/BUILD/checkstyle-5.6/target/classes
[WARNING] /builddir/build/BUILD/checkstyle-5.6/target/generated-sources/antlr/com/puppycrawl/tools/checkstyle/grammars/GeneratedJavaLexer.java: /builddir/build/BUILD/checkstyle-5.6/target/generated-sources/antlr/com/puppycrawl/tools/checkstyle/grammars/GeneratedJavaLexer.java uses unchecked or unsafe operations.
[WARNING] /builddir/build/BUILD/checkstyle-5.6/target/generated-sources/antlr/com/puppycrawl/tools/checkstyle/grammars/GeneratedJavaLexer.java: Recompile with -Xlint:unchecked for details.
[INFO] 
[INFO] --- maven-antrun-plugin:1.7:run (ant-phase-compile) @ checkstyle ---
[INFO] Executing tasks
main:
execute:
[propertyfile] Creating new property file: /builddir/build/BUILD/checkstyle-5.6/target/classes/checkstylecompilation.properties
  [javadoc] Generating Javadoc
  [javadoc] Javadoc execution
  [javadoc] warning: [options] bootstrap class path not set in conjunction with -source 1.5
  [javadoc] Loading source file /builddir/build/BUILD/checkstyle-5.6/src/checkstyle/com/puppycrawl/tools/checkstyle/api/TokenTypes.java...
  [javadoc] Constructing Javadoc information...
  [javadoc] 1 warning
[INFO] Executed tasks
[INFO] 
[INFO] --- maven-resources-plugin:2.6:testResources (default-testResources) @ checkstyle ---
[INFO] Using 'iso-8859-1' encoding to copy filtered resources.
[INFO] Copying 2 resources
[INFO] 
[INFO] --- maven-compiler-plugin:3.0:testCompile (default-testCompile) @ checkstyle ---
[INFO] Changes detected - recompiling the module!
[INFO] Compiling 184 source files to /builddir/build/BUILD/checkstyle-5.6/target/test-classes
[INFO] 
[INFO] --- maven-surefire-plugin:2.14:test (default-test) @ checkstyle ---
[INFO] Surefire report directory: /builddir/build/BUILD/checkstyle-5.6/target/surefire-reports
-------------------------------------------------------
 T E S T S
-------------------------------------------------------
Running com.puppycrawl.tools.checkstyle.checks.imports.ImportOrderCheckTest
log4j:WARN No appenders could be found for logger (org.apache.commons.beanutils.converters.BooleanConverter).
log4j:WARN Please initialize the log4j system properly.
log4j:WARN See http://logging.apache.org/log4j/1.2/faq.html#noconfig for more info.
Tests run: 14, Failures: 0, Errors: 0, Skipped: 0, Time elapsed: 0.448 sec
Running com.puppycrawl.tools.checkstyle.checks.imports.IllegalImportCheckTest
Tests run: 2, Failures: 0, Errors: 0, Skipped: 0, Time elapsed: 0.049 sec
Running com.puppycrawl.tools.checkstyle.checks.imports.GuardTest
Tests run: 9, Failures: 0, Errors: 0, Skipped: 0, Time elapsed: 0.007 sec
Running com.puppycrawl.tools.checkstyle.checks.imports.UnusedImportsCheckTest
Tests run: 4, Failures: 0, Errors: 0, Skipped: 0, Time elapsed: 0.074 sec
Running com.puppycrawl.tools.checkstyle.checks.imports.ImportControlLoaderTest
Tests run: 1, Failures: 0, Errors: 0, Skipped: 0, Time elapsed: 0.006 sec
Running com.puppycrawl.tools.checkstyle.checks.imports.RedundantImportCheckTest
Tests run: 1, Failures: 0, Errors: 0, Skipped: 0, Time elapsed: 0.026 sec
Running com.puppycrawl.tools.checkstyle.checks.imports.PkgControlTest
Tests run: 4, Failures: 0, Errors: 0, Skipped: 0, Time elapsed: 0.001 sec
Running com.puppycrawl.tools.checkstyle.checks.imports.PkgControlRegExpTest
Tests run: 4, Failures: 0, Errors: 0, Skipped: 0, Time elapsed: 0.002 sec
Running com.puppycrawl.tools.checkstyle.checks.imports.AvoidStaticImportTest
Tests run: 4, Failures: 0, Errors: 0, Skipped: 0, Time elapsed: 0.068 sec
Running com.puppycrawl.tools.checkstyle.checks.imports.ImportControlCheckTest
Tests run: 7, Failures: 0, Errors: 0, Skipped: 0, Time elapsed: 0.072 sec
Running com.puppycrawl.tools.checkstyle.checks.imports.AvoidStarImportTest
Tests run: 3, Failures: 0, Errors: 0, Skipped: 0, Time elapsed: 0.036 sec
Running com.puppycrawl.tools.checkstyle.checks.imports.ImportControlCheckRegExTest
Tests run: 2, Failures: 0, Errors: 0, Skipped: 0, Time elapsed: 0.022 sec
Running com.puppycrawl.tools.checkstyle.checks.header.HeaderCheckTest
Tests run: 15, Failures: 0, Errors: 0, Skipped: 0, Time elapsed: 0.125 sec
Running com.puppycrawl.tools.checkstyle.checks.whitespace.WhitespaceAfterCheckTest
Tests run: 6, Failures: 0, Errors: 0, Skipped: 0, Time elapsed: 0.066 sec
Running com.puppycrawl.tools.checkstyle.checks.whitespace.NoWhitespaceAfterCheckTest
Tests run: 3, Failures: 0, Errors: 0, Skipped: 0, Time elapsed: 0.061 sec
Running com.puppycrawl.tools.checkstyle.checks.whitespace.EmptyForIteratorPadCheckTest
Tests run: 2, Failures: 0, Errors: 0, Skipped: 0, Time elapsed: 0.029 sec
Running com.puppycrawl.tools.checkstyle.checks.whitespace.FileTabCharacterCheckTest
Tests run: 3, Failures: 0, Errors: 0, Skipped: 0, Time elapsed: 0.025 sec
Running com.puppycrawl.tools.checkstyle.checks.whitespace.EmptyForInitializerPadCheckTest
Tests run: 2, Failures: 0, Errors: 0, Skipped: 0, Time elapsed: 0.027 sec
Running com.puppycrawl.tools.checkstyle.checks.whitespace.ParenPadCheckTest
Tests run: 5, Failures: 0, Errors: 0, Skipped: 0, Time elapsed: 0.081 sec
Running com.puppycrawl.tools.checkstyle.checks.whitespace.GenericWhitespaceCheckTest
Tests run: 1, Failures: 0, Errors: 0, Skipped: 0, Time elapsed: 0.016 sec
Running com.puppycrawl.tools.checkstyle.checks.whitespace.OperatorWrapCheckTest
Tests run: 3, Failures: 0, Errors: 0, Skipped: 0, Time elapsed: 0.031 sec
Running com.puppycrawl.tools.checkstyle.checks.whitespace.WhitespaceAroundTest
Tests run: 7, Failures: 0, Errors: 0, Skipped: 0, Time elapsed: 0.081 sec
Running com.puppycrawl.tools.checkstyle.checks.whitespace.MethodParamPadCheckTest
Tests run: 4, Failures: 0, Errors: 0, Skipped: 0, Time elapsed: 0.036 sec
Running com.puppycrawl.tools.checkstyle.checks.whitespace.NoWhitespaceBeforeCheckTest
Tests run: 3, Failures: 0, Errors: 0, Skipped: 0, Time elapsed: 0.035 sec
Running com.puppycrawl.tools.checkstyle.checks.whitespace.TypecastParenPadCheckTest
Tests run: 3, Failures: 0, Errors: 0, Skipped: 0, Time elapsed: 0.027 sec
Running com.puppycrawl.tools.checkstyle.checks.coding.CovariantEqualsCheckTest
Tests run: 1, Failures: 0, Errors: 0, Skipped: 0, Time elapsed: 0.01 sec
Running com.puppycrawl.tools.checkstyle.checks.coding.MissingSwitchDefaultCheckTest
Tests run: 1, Failures: 0, Errors: 0, Skipped: 0, Time elapsed: 0.008 sec
Running com.puppycrawl.tools.checkstyle.checks.coding.SuperFinalizeCheckTest
Tests run: 1, Failures: 0, Errors: 0, Skipped: 0, Time elapsed: 0.009 sec
Running com.puppycrawl.tools.checkstyle.checks.coding.ParameterAssignmentCheckTest
Tests run: 1, Failures: 0, Errors: 0, Skipped: 0, Time elapsed: 0.008 sec
Running com.puppycrawl.tools.checkstyle.checks.coding.MultipleStringLiteralsCheckTest
Tests run: 4, Failures: 0, Errors: 0, Skipped: 0, Time elapsed: 0.027 sec
Running com.puppycrawl.tools.checkstyle.checks.coding.DeclarationOrderCheckTest
Tests run: 3, Failures: 0, Errors: 0, Skipped: 0, Time elapsed: 0.029 sec
Running com.puppycrawl.tools.checkstyle.checks.coding.InnerAssignmentCheckTest
Tests run: 1, Failures: 0, Errors: 0, Skipped: 0, Time elapsed: 0.01 sec
Running com.puppycrawl.tools.checkstyle.checks.coding.IllegalTokenCheckTest
Tests run: 2, Failures: 0, Errors: 0, Skipped: 0, Time elapsed: 0.024 sec
Running com.puppycrawl.tools.checkstyle.checks.coding.ExplicitInitializationCheckTest
Tests run: 1, Failures: 0, Errors: 0, Skipped: 0, Time elapsed: 0.014 sec
Running com.puppycrawl.tools.checkstyle.checks.coding.MultipleVariableDeclarationsCheckTest
Tests run: 1, Failures: 0, Errors: 0, Skipped: 0, Time elapsed: 0.014 sec
Running com.puppycrawl.tools.checkstyle.checks.coding.UnnecessaryParenthesesCheckTest
Tests run: 2, Failures: 0, Errors: 0, Skipped: 0, Time elapsed: 0.027 sec
Running com.puppycrawl.tools.checkstyle.checks.coding.ReturnCountCheckTest
Tests run: 2, Failures: 0, Errors: 0, Skipped: 0, Time elapsed: 0.014 sec
Running com.puppycrawl.tools.checkstyle.checks.coding.IllegalCatchCheckTest
Tests run: 2, Failures: 0, Errors: 0, Skipped: 0, Time elapsed: 0.011 sec
Running com.puppycrawl.tools.checkstyle.checks.coding.FallThroughCheckTest
Tests run: 3, Failures: 0, Errors: 0, Skipped: 0, Time elapsed: 0.038 sec
Running com.puppycrawl.tools.checkstyle.checks.coding.ModifiedControlVariableCheckTest
Tests run: 1, Failures: 0, Errors: 0, Skipped: 0, Time elapsed: 0.008 sec
Running com.puppycrawl.tools.checkstyle.checks.coding.ArrayTrailingCommaCheckTest
Tests run: 1, Failures: 0, Errors: 0, Skipped: 0, Time elapsed: 0.006 sec
Running com.puppycrawl.tools.checkstyle.checks.coding.NestedTryDepthCheckTest
Tests run: 2, Failures: 0, Errors: 0, Skipped: 0, Time elapsed: 0.012 sec
Running com.puppycrawl.tools.checkstyle.checks.coding.MissingCtorCheckTest
Tests run: 1, Failures: 0, Errors: 0, Skipped: 0, Time elapsed: 0.005 sec
Running com.puppycrawl.tools.checkstyle.checks.coding.IllegalTypeCheckTest
Tests run: 4, Failures: 0, Errors: 0, Skipped: 0, Time elapsed: 0.019 sec
Running com.puppycrawl.tools.checkstyle.checks.coding.MagicNumberCheckTest
Tests run: 6, Failures: 0, Errors: 0, Skipped: 0, Time elapsed: 0.067 sec
Running com.puppycrawl.tools.checkstyle.checks.coding.RequireThisCheckTest
Tests run: 4, Failures: 0, Errors: 0, Skipped: 0, Time elapsed: 0.024 sec
Running com.puppycrawl.tools.checkstyle.checks.coding.NestedIfDepthCheckTest
Tests run: 2, Failures: 0, Errors: 0, Skipped: 0, Time elapsed: 0.01 sec
Running com.puppycrawl.tools.checkstyle.checks.coding.NestedForDepthCheckTest
Tests run: 2, Failures: 0, Errors: 0, Skipped: 0, Time elapsed: 0.011 sec
Running com.puppycrawl.tools.checkstyle.checks.coding.PackageDeclarationCheckTest
Tests run: 3, Failures: 0, Errors: 0, Skipped: 0, Time elapsed: 0.012 sec
Running com.puppycrawl.tools.checkstyle.checks.coding.EqualsAvoidNullTest
Tests run: 2, Failures: 0, Errors: 0, Skipped: 0, Time elapsed: 0.02 sec
Running com.puppycrawl.tools.checkstyle.checks.coding.OneStatementPerLineCheckTest
Tests run: 1, Failures: 0, Errors: 0, Skipped: 0, Time elapsed: 0.006 sec
Running com.puppycrawl.tools.checkstyle.checks.coding.EmptyStatementCheckTest
Tests run: 1, Failures: 0, Errors: 0, Skipped: 0, Time elapsed: 0.005 sec
Running com.puppycrawl.tools.checkstyle.checks.coding.RedundantThrowsCheckTest
Tests run: 10, Failures: 0, Errors: 0, Skipped: 0, Time elapsed: 0.057 sec
Running com.puppycrawl.tools.checkstyle.checks.coding.NoCloneCheckTest
Tests run: 1, Failures: 0, Errors: 0, Skipped: 0, Time elapsed: 0.007 sec
Running com.puppycrawl.tools.checkstyle.checks.coding.EqualsHashCodeCheckTest
Tests run: 1, Failures: 0, Errors: 0, Skipped: 0, Time elapsed: 0.007 sec
Running com.puppycrawl.tools.checkstyle.checks.coding.SuperCloneCheckTest
Tests run: 1, Failures: 0, Errors: 0, Skipped: 0, Time elapsed: 0.006 sec
Running com.puppycrawl.tools.checkstyle.checks.coding.IllegalInstantiationCheckTest
Tests run: 1, Failures: 0, Errors: 0, Skipped: 0, Time elapsed: 0.008 sec
Running com.puppycrawl.tools.checkstyle.checks.coding.AvoidInlineConditionalsCheckTest
Tests run: 1, Failures: 0, Errors: 0, Skipped: 0, Time elapsed: 0.008 sec
Running com.puppycrawl.tools.checkstyle.checks.coding.HiddenFieldCheckTest
Tests run: 7, Failures: 0, Errors: 0, Skipped: 0, Time elapsed: 0.052 sec
Running com.puppycrawl.tools.checkstyle.checks.coding.DefaultComesLastCheckTest
Tests run: 1, Failures: 0, Errors: 0, Skipped: 0, Time elapsed: 0.006 sec
Running com.puppycrawl.tools.checkstyle.checks.coding.StringLiteralEqualityCheckTest
Tests run: 1, Failures: 0, Errors: 0, Skipped: 0, Time elapsed: 0.005 sec
Running com.puppycrawl.tools.checkstyle.checks.coding.JUnitTestCaseCheckTest
Tests run: 1, Failures: 0, Errors: 0, Skipped: 0, Time elapsed: 0.006 sec
Running com.puppycrawl.tools.checkstyle.checks.coding.NoFinalizerCheckTest
Tests run: 2, Failures: 0, Errors: 0, Skipped: 0, Time elapsed: 0.015 sec
Running com.puppycrawl.tools.checkstyle.checks.coding.IllegalTokenTextCheckTest
Tests run: 2, Failures: 0, Errors: 0, Skipped: 0, Time elapsed: 0.011 sec
Running com.puppycrawl.tools.checkstyle.checks.coding.FinalLocalVariableCheckTest
Tests run: 2, Failures: 0, Errors: 0, Skipped: 0, Time elapsed: 0.015 sec
Running com.puppycrawl.tools.checkstyle.checks.coding.SimplifyBooleanReturnCheckTest
Tests run: 1, Failures: 0, Errors: 0, Skipped: 0, Time elapsed: 0.006 sec
Running com.puppycrawl.tools.checkstyle.checks.coding.SimplifyBooleanExpressionCheckTest
Tests run: 1, Failures: 0, Errors: 0, Skipped: 0, Time elapsed: 0.006 sec
Running com.puppycrawl.tools.checkstyle.checks.coding.IllegalThrowsCheckTest
Tests run: 4, Failures: 0, Errors: 0, Skipped: 0, Time elapsed: 0.018 sec
Running com.puppycrawl.tools.checkstyle.checks.sizes.ExecutableStatementCountCheckTest
Tests run: 5, Failures: 0, Errors: 0, Skipped: 0, Time elapsed: 0.031 sec
Running com.puppycrawl.tools.checkstyle.checks.sizes.OuterTypeNumberCheckTest
Tests run: 2, Failures: 0, Errors: 0, Skipped: 0, Time elapsed: 0.013 sec
Running com.puppycrawl.tools.checkstyle.checks.sizes.LineLengthCheckTest
Tests run: 2, Failures: 0, Errors: 0, Skipped: 0, Time elapsed: 0.014 sec
Running com.puppycrawl.tools.checkstyle.checks.sizes.ParameterNumberCheckTest
Tests run: 3, Failures: 0, Errors: 0, Skipped: 0, Time elapsed: 0.019 sec
Running com.puppycrawl.tools.checkstyle.checks.sizes.FileLengthCheckTest
Tests run: 3, Failures: 0, Errors: 0, Skipped: 0, Time elapsed: 0.009 sec
Running com.puppycrawl.tools.checkstyle.checks.sizes.AnonInnerLengthCheckTest
Tests run: 2, Failures: 0, Errors: 0, Skipped: 0, Time elapsed: 0.013 sec
Running com.puppycrawl.tools.checkstyle.checks.sizes.MethodCountCheckTest
Tests run: 3, Failures: 0, Errors: 0, Skipped: 0, Time elapsed: 0.019 sec
Running com.puppycrawl.tools.checkstyle.checks.sizes.MethodLengthCheckTest
Tests run: 3, Failures: 0, Errors: 0, Skipped: 0, Time elapsed: 0.03 sec
Running com.puppycrawl.tools.checkstyle.checks.metrics.ClassDataAbstractionCouplingCheckTest
Tests run: 1, Failures: 0, Errors: 0, Skipped: 0, Time elapsed: 0.009 sec
Running com.puppycrawl.tools.checkstyle.checks.metrics.NPathComplexityCheckTest
Tests run: 2, Failures: 0, Errors: 0, Skipped: 0, Time elapsed: 0.015 sec
Running com.puppycrawl.tools.checkstyle.checks.metrics.JavaNCSSCheckTest
Tests run: 1, Failures: 0, Errors: 0, Skipped: 0, Time elapsed: 0.008 sec
Running com.puppycrawl.tools.checkstyle.checks.metrics.ClassFanOutComplexityCheckTest
Tests run: 2, Failures: 0, Errors: 0, Skipped: 0, Time elapsed: 0.01 sec
Running com.puppycrawl.tools.checkstyle.checks.metrics.CyclomaticComplexityCheckTest
Tests run: 1, Failures: 0, Errors: 0, Skipped: 0, Time elapsed: 0.007 sec
Running com.puppycrawl.tools.checkstyle.checks.metrics.BooleanExpressionComplexityCheckTest
Tests run: 2, Failures: 0, Errors: 0, Skipped: 0, Time elapsed: 0.011 sec
Running com.puppycrawl.tools.checkstyle.checks.javadoc.JavadocMethodCheckTest
Tests run: 25, Failures: 0, Errors: 0, Skipped: 0, Time elapsed: 0.139 sec
Running com.puppycrawl.tools.checkstyle.checks.javadoc.JavadocVariableCheckTest
Tests run: 8, Failures: 0, Errors: 0, Skipped: 0, Time elapsed: 0.038 sec
Running com.puppycrawl.tools.checkstyle.checks.javadoc.WriteTagCheckTest
Tests run: 13, Failures: 0, Errors: 0, Skipped: 0, Time elapsed: 0.047 sec
Running com.puppycrawl.tools.checkstyle.checks.javadoc.JavadocStyleCheckTest
Tests run: 14, Failures: 0, Errors: 0, Skipped: 0, Time elapsed: 0.088 sec
Running com.puppycrawl.tools.checkstyle.checks.javadoc.JavadocTypeCheckTest
Tests run: 21, Failures: 0, Errors: 0, Skipped: 0, Time elapsed: 0.089 sec
Running com.puppycrawl.tools.checkstyle.checks.javadoc.JavadocUtilsTest
Tests run: 6, Failures: 0, Errors: 0, Skipped: 0, Time elapsed: 0.002 sec
Running com.puppycrawl.tools.checkstyle.checks.javadoc.JavadocPackageCheckTest
Tests run: 5, Failures: 0, Errors: 0, Skipped: 0, Time elapsed: 0.014 sec
Running com.puppycrawl.tools.checkstyle.checks.design.FinalClassCheckTest
Tests run: 1, Failures: 0, Errors: 0, Skipped: 0, Time elapsed: 0.006 sec
Running com.puppycrawl.tools.checkstyle.checks.design.InnerTypeLastCheckTest
Tests run: 1, Failures: 0, Errors: 0, Skipped: 0, Time elapsed: 0.006 sec
Running com.puppycrawl.tools.checkstyle.checks.design.DesignForExtensionCheckTest
Tests run: 1, Failures: 0, Errors: 0, Skipped: 0, Time elapsed: 0.005 sec
Running com.puppycrawl.tools.checkstyle.checks.design.VisibilityModifierCheckTest
Tests run: 4, Failures: 0, Errors: 0, Skipped: 0, Time elapsed: 0.02 sec
Running com.puppycrawl.tools.checkstyle.checks.design.InterfaceIsTypeCheckTest
Tests run: 2, Failures: 0, Errors: 0, Skipped: 0, Time elapsed: 0.008 sec
Running com.puppycrawl.tools.checkstyle.checks.design.MutableExceptionCheckTest
Tests run: 1, Failures: 0, Errors: 0, Skipped: 0, Time elapsed: 0.005 sec
Running com.puppycrawl.tools.checkstyle.checks.design.HideUtilityClassConstructorCheckTest
Tests run: 7, Failures: 0, Errors: 0, Skipped: 0, Time elapsed: 0.026 sec
Running com.puppycrawl.tools.checkstyle.checks.design.ThrowsCountCheckTest
Tests run: 2, Failures: 0, Errors: 0, Skipped: 0, Time elapsed: 0.009 sec
Running com.puppycrawl.tools.checkstyle.checks.TranslationCheckTest
Tests run: 1, Failures: 0, Errors: 0, Skipped: 0, Time elapsed: 0.005 sec
Running com.puppycrawl.tools.checkstyle.checks.ClassResolverTest
Tests run: 1, Failures: 0, Errors: 0, Skipped: 0, Time elapsed: 0.005 sec
Running com.puppycrawl.tools.checkstyle.checks.regexp.RegexpSinglelineCheckTest
Tests run: 4, Failures: 0, Errors: 0, Skipped: 0, Time elapsed: 0.022 sec
Running com.puppycrawl.tools.checkstyle.checks.regexp.RegexpSinglelineJavaCheckTest
Tests run: 18, Failures: 0, Errors: 0, Skipped: 0, Time elapsed: 0.082 sec
Running com.puppycrawl.tools.checkstyle.checks.regexp.RegexpMultilineCheckTest
Tests run: 6, Failures: 0, Errors: 0, Skipped: 1, Time elapsed: 0.02 sec
Running com.puppycrawl.tools.checkstyle.checks.naming.LocalVariableNameCheckTest
Tests run: 3, Failures: 0, Errors: 0, Skipped: 0, Time elapsed: 0.016 sec
Running com.puppycrawl.tools.checkstyle.checks.naming.StaticVariableNameCheckTest
Tests run: 2, Failures: 0, Errors: 0, Skipped: 0, Time elapsed: 0.013 sec
Running com.puppycrawl.tools.checkstyle.checks.naming.MethodNameCheckTest
Tests run: 5, Failures: 0, Errors: 0, Skipped: 0, Time elapsed: 0.023 sec
Running com.puppycrawl.tools.checkstyle.checks.naming.MemberNameCheckTest
Tests run: 9, Failures: 0, Errors: 0, Skipped: 0, Time elapsed: 0.035 sec
Running com.puppycrawl.tools.checkstyle.checks.naming.ParameterNameCheckTest
Tests run: 3, Failures: 0, Errors: 0, Skipped: 0, Time elapsed: 0.016 sec
Running com.puppycrawl.tools.checkstyle.checks.naming.AbstractClassNameCheckTest
Tests run: 3, Failures: 0, Errors: 0, Skipped: 0, Time elapsed: 0.013 sec
Running com.puppycrawl.tools.checkstyle.checks.naming.ConstantNameCheckTest
Tests run: 5, Failures: 0, Errors: 0, Skipped: 0, Time elapsed: 0.023 sec
Running com.puppycrawl.tools.checkstyle.checks.naming.TypeNameCheckTest
Tests run: 2, Failures: 0, Errors: 0, Skipped: 0, Time elapsed: 0.007 sec
Running com.puppycrawl.tools.checkstyle.checks.naming.TypeParameterNameTest
Tests run: 4, Failures: 0, Errors: 0, Skipped: 0, Time elapsed: 0.018 sec
Running com.puppycrawl.tools.checkstyle.checks.naming.LocalFinalVariableNameCheckTest
Tests run: 3, Failures: 0, Errors: 0, Skipped: 0, Time elapsed: 0.015 sec
Running com.puppycrawl.tools.checkstyle.checks.naming.PackageNameCheckTest
Tests run: 2, Failures: 0, Errors: 0, Skipped: 0, Time elapsed: 0.011 sec
Running com.puppycrawl.tools.checkstyle.checks.blocks.NeedBracesCheckTest
Tests run: 1, Failures: 0, Errors: 0, Skipped: 0, Time elapsed: 0.007 sec
Running com.puppycrawl.tools.checkstyle.checks.blocks.RightCurlyCheckTest
Tests run: 4, Failures: 0, Errors: 0, Skipped: 0, Time elapsed: 0.019 sec
Running com.puppycrawl.tools.checkstyle.checks.blocks.EmptyBlockCheckTest
Tests run: 3, Failures: 0, Errors: 0, Skipped: 0, Time elapsed: 0.017 sec
Running com.puppycrawl.tools.checkstyle.checks.blocks.AvoidNestedBlocksCheckTest
Tests run: 2, Failures: 0, Errors: 0, Skipped: 0, Time elapsed: 0.009 sec
Running com.puppycrawl.tools.checkstyle.checks.blocks.LeftCurlyCheckTest
Tests run: 10, Failures: 0, Errors: 0, Skipped: 0, Time elapsed: 0.044 sec
Running com.puppycrawl.tools.checkstyle.checks.modifier.RedundantModifierTest
Tests run: 1, Failures: 0, Errors: 0, Skipped: 0, Time elapsed: 0.007 sec
Running com.puppycrawl.tools.checkstyle.checks.modifier.ModifierOrderCheckTest
Tests run: 1, Failures: 0, Errors: 0, Skipped: 0, Time elapsed: 0.005 sec
Running com.puppycrawl.tools.checkstyle.checks.annotation.MissingDeprecatedTest
Tests run: 4, Failures: 0, Errors: 0, Skipped: 0, Time elapsed: 0.018 sec
Running com.puppycrawl.tools.checkstyle.checks.annotation.MissingOverrideCheckTest
Tests run: 13, Failures: 0, Errors: 0, Skipped: 0, Time elapsed: 0.05 sec
Running com.puppycrawl.tools.checkstyle.checks.annotation.PackageAnnotationTest
Tests run: 3, Failures: 0, Errors: 0, Skipped: 0, Time elapsed: 0.01 sec
Running com.puppycrawl.tools.checkstyle.checks.annotation.SuppressWarningsTest
Tests run: 21, Failures: 0, Errors: 0, Skipped: 0, Time elapsed: 0.098 sec
Running com.puppycrawl.tools.checkstyle.checks.annotation.AnnotationUseStyleTest
Tests run: 10, Failures: 0, Errors: 0, Skipped: 0, Time elapsed: 0.037 sec
Running com.puppycrawl.tools.checkstyle.checks.DescendantTokenCheckTest
Tests run: 16, Failures: 0, Errors: 0, Skipped: 0, Time elapsed: 0.053 sec
Running com.puppycrawl.tools.checkstyle.checks.TrailingCommentCheckTest
Tests run: 2, Failures: 0, Errors: 0, Skipped: 0, Time elapsed: 0.009 sec
Running com.puppycrawl.tools.checkstyle.checks.FinalParametersCheckTest
Tests run: 5, Failures: 0, Errors: 0, Skipped: 0, Time elapsed: 0.024 sec
Running com.puppycrawl.tools.checkstyle.checks.FileSetCheckLifecycleTest
Tests run: 1, Failures: 0, Errors: 0, Skipped: 0, Time elapsed: 0.003 sec
Running com.puppycrawl.tools.checkstyle.checks.OuterTypeFilenameCheckTest
Tests run: 2, Failures: 0, Errors: 0, Skipped: 0, Time elapsed: 0.008 sec
Running com.puppycrawl.tools.checkstyle.checks.indentation.IndentationCheckTest
Tests run: 32, Failures: 0, Errors: 0, Skipped: 0, Time elapsed: 0.264 sec
Running com.puppycrawl.tools.checkstyle.checks.RegexpCheckTest
Tests run: 21, Failures: 0, Errors: 0, Skipped: 0, Time elapsed: 0.104 sec
Running com.puppycrawl.tools.checkstyle.checks.UncommentedMainCheckTest
Tests run: 2, Failures: 0, Errors: 0, Skipped: 0, Time elapsed: 0.008 sec
Running com.puppycrawl.tools.checkstyle.checks.UpperEllCheckTest
Tests run: 1, Failures: 0, Errors: 0, Skipped: 0, Time elapsed: 0.006 sec
Running com.puppycrawl.tools.checkstyle.checks.ArrayTypeStyleCheckTest
Tests run: 2, Failures: 0, Errors: 0, Skipped: 0, Time elapsed: 0.008 sec
Running com.puppycrawl.tools.checkstyle.checks.NewlineAtEndOfFileCheckTest
Tests run: 4, Failures: 0, Errors: 0, Skipped: 0, Time elapsed: 0.011 sec
Running com.puppycrawl.tools.checkstyle.checks.duplicates.StrictDuplicateCodeCheckTest
Tests run: 4, Failures: 0, Errors: 0, Skipped: 0, Time elapsed: 0.042 sec
Running com.puppycrawl.tools.checkstyle.checks.TodoCommentCheckTest
Tests run: 1, Failures: 0, Errors: 0, Skipped: 0, Time elapsed: 0.008 sec
Running com.puppycrawl.tools.checkstyle.UtilsTest
Tests run: 2, Failures: 0, Errors: 0, Skipped: 0, Time elapsed: 0 sec
Running com.puppycrawl.tools.checkstyle.grammars.Java7TryWithResourcesTest
Tests run: 1, Failures: 0, Errors: 0, Skipped: 0, Time elapsed: 0.005 sec
Running com.puppycrawl.tools.checkstyle.grammars.HexFloatsTest
Tests run: 1, Failures: 0, Errors: 0, Skipped: 0, Time elapsed: 0.004 sec
Running com.puppycrawl.tools.checkstyle.grammars.Java7NumericalLiteralsTest
Tests run: 1, Failures: 0, Errors: 0, Skipped: 0, Time elapsed: 0.008 sec
Running com.puppycrawl.tools.checkstyle.grammars.LineCommentAtTheEndOfFileTest
Tests run: 1, Failures: 0, Errors: 0, Skipped: 0, Time elapsed: 0.003 sec
Running com.puppycrawl.tools.checkstyle.grammars.Java7DiamondTest
Tests run: 1, Failures: 0, Errors: 0, Skipped: 0, Time elapsed: 0.003 sec
Running com.puppycrawl.tools.checkstyle.grammars.VarargTest
Tests run: 1, Failures: 0, Errors: 0, Skipped: 0, Time elapsed: 0.003 sec
Running com.puppycrawl.tools.checkstyle.grammars.Java7StringSwitchTest
Tests run: 1, Failures: 0, Errors: 0, Skipped: 0, Time elapsed: 0.004 sec
Running com.puppycrawl.tools.checkstyle.grammars.Java7MultiCatchTest
Tests run: 1, Failures: 0, Errors: 0, Skipped: 0, Time elapsed: 0.004 sec
Running com.puppycrawl.tools.checkstyle.grammars.GeneratedJava14LexerTest
Tests run: 1, Failures: 0, Errors: 0, Skipped: 0, Time elapsed: 0.003 sec
Running com.puppycrawl.tools.checkstyle.grammars.EmbeddedNullCharTest
Tests run: 1, Failures: 0, Errors: 0, Skipped: 0, Time elapsed: 0.004 sec
Running com.puppycrawl.tools.checkstyle.grammars.UnicodeEscapeTest
Tests run: 1, Failures: 0, Errors: 0, Skipped: 0, Time elapsed: 0.004 sec
Running com.puppycrawl.tools.checkstyle.filters.SuppressionCommentFilterTest
Tests run: 8, Failures: 0, Errors: 0, Skipped: 0, Time elapsed: 0.06 sec
Running com.puppycrawl.tools.checkstyle.filters.IntMatchFilterTest
Tests run: 2, Failures: 0, Errors: 0, Skipped: 0, Time elapsed: 0 sec
Running com.puppycrawl.tools.checkstyle.filters.SuppressWithNearbyCommentFilterTest
Tests run: 8, Failures: 0, Errors: 0, Skipped: 0, Time elapsed: 0.062 sec
Running com.puppycrawl.tools.checkstyle.filters.IntRangeFilterTest
Tests run: 4, Failures: 0, Errors: 0, Skipped: 0, Time elapsed: 0.001 sec
Running com.puppycrawl.tools.checkstyle.filters.SuppressElementTest
Tests run: 5, Failures: 0, Errors: 0, Skipped: 0, Time elapsed: 0.002 sec
Running com.puppycrawl.tools.checkstyle.filters.SeverityMatchFilterTest
Tests run: 3, Failures: 0, Errors: 0, Skipped: 0, Time elapsed: 0.001 sec
Running com.puppycrawl.tools.checkstyle.filters.FilterSetTest
Tests run: 3, Failures: 0, Errors: 0, Skipped: 0, Time elapsed: 0 sec
Running com.puppycrawl.tools.checkstyle.filters.CSVFilterTest
Tests run: 5, Failures: 0, Errors: 0, Skipped: 0, Time elapsed: 0.001 sec
Running com.puppycrawl.tools.checkstyle.api.AbstractViolationReporterTest
Tests run: 5, Failures: 0, Errors: 0, Skipped: 0, Time elapsed: 0.001 sec
Running com.puppycrawl.tools.checkstyle.api.AutomaticBeanTest
Tests run: 1, Failures: 0, Errors: 0, Skipped: 0, Time elapsed: 0.001 sec
Running com.puppycrawl.tools.checkstyle.api.ScopeTest
Tests run: 8, Failures: 0, Errors: 0, Skipped: 0, Time elapsed: 0.001 sec
Running com.puppycrawl.tools.checkstyle.api.DetailASTTest
Tests run: 2, Failures: 0, Errors: 0, Skipped: 0, Time elapsed: 0.526 sec
Running com.puppycrawl.tools.checkstyle.api.TokenTypesTest
Tests run: 1, Failures: 0, Errors: 0, Skipped: 0, Time elapsed: 0.001 sec
Running com.puppycrawl.tools.checkstyle.api.SeverityLevelTest
Tests run: 2, Failures: 0, Errors: 0, Skipped: 0, Time elapsed: 0 sec
Running com.puppycrawl.tools.checkstyle.api.FastStackTest
Tests run: 3, Failures: 0, Errors: 0, Skipped: 0, Time elapsed: 0.001 sec
Running com.puppycrawl.tools.checkstyle.PackageNamesLoaderTest
Tests run: 1, Failures: 0, Errors: 0, Skipped: 0, Time elapsed: 0.001 sec
Running com.puppycrawl.tools.checkstyle.ConfigurationLoaderTest
Tests run: 15, Failures: 0, Errors: 0, Skipped: 0, Time elapsed: 0.017 sec
Running com.puppycrawl.tools.checkstyle.PackageObjectFactoryTest
Tests run: 4, Failures: 0, Errors: 0, Skipped: 0, Time elapsed: 0.001 sec
Running com.puppycrawl.tools.checkstyle.CheckerTest
Tests run: 7, Failures: 0, Errors: 0, Skipped: 0, Time elapsed: 0.003 sec
Running com.puppycrawl.tools.checkstyle.XMLLoggerTest
Tests run: 8, Failures: 0, Errors: 0, Skipped: 0, Time elapsed: 0.004 sec
Results :
Tests run: 692, Failures: 0, Errors: 0, Skipped: 1
[INFO] 
[INFO] --- maven-jar-plugin:2.4:jar (default-jar) @ checkstyle ---
[INFO] Building jar: /builddir/build/BUILD/checkstyle-5.6/target/checkstyle-5.6.jar
[INFO] 
[INFO] --- maven-antrun-plugin:1.7:run (ant-phase-verify) @ checkstyle ---
[INFO] Executing tasks
main:
execute:
log4j:WARN No appenders could be found for logger (org.apache.commons.beanutils.converters.BooleanConverter).
log4j:WARN Please initialize the log4j system properly.
log4j:WARN See http://logging.apache.org/log4j/1.2/faq.html#noconfig for more info.
[checkstyle] Running Checkstyle 5.6 on 600 files
[INFO] Executed tasks
[INFO]                                                                         
[INFO] ------------------------------------------------------------------------
[INFO] Building checkstyle 5.6
[INFO] ------------------------------------------------------------------------
[INFO] 
[INFO] --- xmvn-mojo:0.5.0:install (default-cli) @ checkstyle ---
[INFO] 
[INFO] >>> maven-javadoc-plugin:2.9:aggregate (default-cli) @ checkstyle >>>
[INFO] 
[INFO] --- maven-enforcer-plugin:1.2:enforce (enforce-versions) @ checkstyle ---
[INFO] 
[INFO] --- antlr-maven-plugin:2.2:generate (default) @ checkstyle ---
[INFO] grammar [java.g] was up-to-date; skipping
[INFO] 
[INFO] <<< maven-javadoc-plugin:2.9:aggregate (default-cli) @ checkstyle <<<
[INFO] 
[INFO] --- maven-javadoc-plugin:2.9:aggregate (default-cli) @ checkstyle ---
[INFO] 
Loading source files for package com.puppycrawl.tools.checkstyle.api...
Loading source files for package com.puppycrawl.tools.checkstyle.checks.annotation...
Loading source files for package com.puppycrawl.tools.checkstyle.checks.blocks...
Loading source files for package com.puppycrawl.tools.checkstyle.checks.coding...
Loading source files for package com.puppycrawl.tools.checkstyle.checks.design...
Loading source files for package com.puppycrawl.tools.checkstyle.checks.duplicates...
Loading source files for package com.puppycrawl.tools.checkstyle.checks.header...
Loading source files for package com.puppycrawl.tools.checkstyle.checks.imports...
Loading source files for package com.puppycrawl.tools.checkstyle.checks.indentation...
Loading source files for package com.puppycrawl.tools.checkstyle.checks.javadoc...
Loading source files for package com.puppycrawl.tools.checkstyle.checks.metrics...
Loading source files for package com.puppycrawl.tools.checkstyle.checks.modifier...
Loading source files for package com.puppycrawl.tools.checkstyle.checks.naming...
Loading source files for package com.puppycrawl.tools.checkstyle.checks.regexp...
Loading source files for package com.puppycrawl.tools.checkstyle.checks.sizes...
Loading source files for package com.puppycrawl.tools.checkstyle.checks.whitespace...
Loading source files for package com.puppycrawl.tools.checkstyle.checks...
Loading source files for package com.puppycrawl.tools.checkstyle.doclets...
Loading source files for package com.puppycrawl.tools.checkstyle.filters...
Loading source files for package com.puppycrawl.tools.checkstyle.grammars...
Loading source files for package com.puppycrawl.tools.checkstyle.gui...
Loading source files for package com.puppycrawl.tools.checkstyle...
Constructing Javadoc information...
Standard Doclet version 1.7.0_25
Building tree for all the packages and classes...
Generating /builddir/build/BUILD/checkstyle-5.6/target/site/apidocs/com/puppycrawl/tools/checkstyle/api/AbstractFileSetCheck.html...
Generating /builddir/build/BUILD/checkstyle-5.6/target/site/apidocs/com/puppycrawl/tools/checkstyle/api/AbstractLoader.html...
Generating /builddir/build/BUILD/checkstyle-5.6/target/site/apidocs/com/puppycrawl/tools/checkstyle/api/AbstractViolationReporter.html...
Generating /builddir/build/BUILD/checkstyle-5.6/target/site/apidocs/com/puppycrawl/tools/checkstyle/api/AnnotationUtility.html...
Generating /builddir/build/BUILD/checkstyle-5.6/target/site/apidocs/com/puppycrawl/tools/checkstyle/api/AuditEvent.html...
Generating /builddir/build/BUILD/checkstyle-5.6/target/site/apidocs/com/puppycrawl/tools/checkstyle/api/AuditListener.html...
Generating /builddir/build/BUILD/checkstyle-5.6/target/site/apidocs/com/puppycrawl/tools/checkstyle/api/AutomaticBean.html...
Generating /builddir/build/BUILD/checkstyle-5.6/target/site/apidocs/com/puppycrawl/tools/checkstyle/api/Check.html...
Generating /builddir/build/BUILD/checkstyle-5.6/target/site/apidocs/com/puppycrawl/tools/checkstyle/api/CheckstyleException.html...
Generating /builddir/build/BUILD/checkstyle-5.6/target/site/apidocs/com/puppycrawl/tools/checkstyle/api/Comment.html...
Generating /builddir/build/BUILD/checkstyle-5.6/target/site/apidocs/com/puppycrawl/tools/checkstyle/api/Configurable.html...
Generating /builddir/build/BUILD/checkstyle-5.6/target/site/apidocs/com/puppycrawl/tools/checkstyle/api/Configuration.html...
Generating /builddir/build/BUILD/checkstyle-5.6/target/site/apidocs/com/puppycrawl/tools/checkstyle/api/Context.html...
Generating /builddir/build/BUILD/checkstyle-5.6/target/site/apidocs/com/puppycrawl/tools/checkstyle/api/Contextualizable.html...
Generating /builddir/build/BUILD/checkstyle-5.6/target/site/apidocs/com/puppycrawl/tools/checkstyle/api/DetailAST.html...
Generating /builddir/build/BUILD/checkstyle-5.6/target/site/apidocs/com/puppycrawl/tools/checkstyle/api/FastStack.html...
Generating /builddir/build/BUILD/checkstyle-5.6/target/site/apidocs/com/puppycrawl/tools/checkstyle/api/FileContents.html...
Generating /builddir/build/BUILD/checkstyle-5.6/target/site/apidocs/com/puppycrawl/tools/checkstyle/api/FileSetCheck.html...
Generating /builddir/build/BUILD/checkstyle-5.6/target/site/apidocs/com/puppycrawl/tools/checkstyle/api/FileText.html...
Generating /builddir/build/BUILD/checkstyle-5.6/target/site/apidocs/com/puppycrawl/tools/checkstyle/api/Filter.html...
Generating /builddir/build/BUILD/checkstyle-5.6/target/site/apidocs/com/puppycrawl/tools/checkstyle/api/FilterSet.html...
Generating /builddir/build/BUILD/checkstyle-5.6/target/site/apidocs/com/puppycrawl/tools/checkstyle/api/FullIdent.html...
Generating /builddir/build/BUILD/checkstyle-5.6/target/site/apidocs/com/puppycrawl/tools/checkstyle/api/JavadocTagInfo.html...
Generating /builddir/build/BUILD/checkstyle-5.6/target/site/apidocs/com/puppycrawl/tools/checkstyle/api/JavadocTagInfo.Type.html...
Generating /builddir/build/BUILD/checkstyle-5.6/target/site/apidocs/com/puppycrawl/tools/checkstyle/api/LineColumn.html...
Generating /builddir/build/BUILD/checkstyle-5.6/target/site/apidocs/com/puppycrawl/tools/checkstyle/api/LocalizedMessage.html...
Generating /builddir/build/BUILD/checkstyle-5.6/target/site/apidocs/com/puppycrawl/tools/checkstyle/api/LocalizedMessages.html...
Generating /builddir/build/BUILD/checkstyle-5.6/target/site/apidocs/com/puppycrawl/tools/checkstyle/api/MessageDispatcher.html...
Generating /builddir/build/BUILD/checkstyle-5.6/target/site/apidocs/com/puppycrawl/tools/checkstyle/api/Scope.html...
Generating /builddir/build/BUILD/checkstyle-5.6/target/site/apidocs/com/puppycrawl/tools/checkstyle/api/ScopeUtils.html...
Generating /builddir/build/BUILD/checkstyle-5.6/target/site/apidocs/com/puppycrawl/tools/checkstyle/api/SeverityLevel.html...
Generating /builddir/build/BUILD/checkstyle-5.6/target/site/apidocs/com/puppycrawl/tools/checkstyle/api/SeverityLevelCounter.html...
Generating /builddir/build/BUILD/checkstyle-5.6/target/site/apidocs/com/puppycrawl/tools/checkstyle/api/TextBlock.html...
Generating /builddir/build/BUILD/checkstyle-5.6/target/site/apidocs/com/puppycrawl/tools/checkstyle/api/TokenTypes.html...
Generating /builddir/build/BUILD/checkstyle-5.6/target/site/apidocs/com/puppycrawl/tools/checkstyle/api/Utils.html...
Generating /builddir/build/BUILD/checkstyle-5.6/target/site/apidocs/com/puppycrawl/tools/checkstyle/checks/annotation/AnnotationUseStyleCheck.html...
Generating /builddir/build/BUILD/checkstyle-5.6/target/site/apidocs/com/puppycrawl/tools/checkstyle/checks/annotation/AnnotationUseStyleCheck.ClosingParens.html...
Generating /builddir/build/BUILD/checkstyle-5.6/target/site/apidocs/com/puppycrawl/tools/checkstyle/checks/annotation/AnnotationUseStyleCheck.ElementStyle.html...
Generating /builddir/build/BUILD/checkstyle-5.6/target/site/apidocs/com/puppycrawl/tools/checkstyle/checks/annotation/AnnotationUseStyleCheck.TrailingArrayComma.html...
Generating /builddir/build/BUILD/checkstyle-5.6/target/site/apidocs/com/puppycrawl/tools/checkstyle/checks/annotation/MissingDeprecatedCheck.html...
Generating /builddir/build/BUILD/checkstyle-5.6/target/site/apidocs/com/puppycrawl/tools/checkstyle/checks/annotation/MissingOverrideCheck.html...
Generating /builddir/build/BUILD/checkstyle-5.6/target/site/apidocs/com/puppycrawl/tools/checkstyle/checks/annotation/PackageAnnotationCheck.html...
Generating /builddir/build/BUILD/checkstyle-5.6/target/site/apidocs/com/puppycrawl/tools/checkstyle/checks/annotation/SuppressWarningsCheck.html...
Generating /builddir/build/BUILD/checkstyle-5.6/target/site/apidocs/com/puppycrawl/tools/checkstyle/checks/blocks/AvoidNestedBlocksCheck.html...
Generating /builddir/build/BUILD/checkstyle-5.6/target/site/apidocs/com/puppycrawl/tools/checkstyle/checks/blocks/BlockOption.html...
Generating /builddir/build/BUILD/checkstyle-5.6/target/site/apidocs/com/puppycrawl/tools/checkstyle/checks/blocks/EmptyBlockCheck.html...
Generating /builddir/build/BUILD/checkstyle-5.6/target/site/apidocs/com/puppycrawl/tools/checkstyle/checks/blocks/LeftCurlyCheck.html...
Generating /builddir/build/BUILD/checkstyle-5.6/target/site/apidocs/com/puppycrawl/tools/checkstyle/checks/blocks/LeftCurlyOption.html...
Generating /builddir/build/BUILD/checkstyle-5.6/target/site/apidocs/com/puppycrawl/tools/checkstyle/checks/blocks/NeedBracesCheck.html...
Generating /builddir/build/BUILD/checkstyle-5.6/target/site/apidocs/com/puppycrawl/tools/checkstyle/checks/blocks/RightCurlyCheck.html...
Generating /builddir/build/BUILD/checkstyle-5.6/target/site/apidocs/com/puppycrawl/tools/checkstyle/checks/blocks/RightCurlyOption.html...
Generating /builddir/build/BUILD/checkstyle-5.6/target/site/apidocs/com/puppycrawl/tools/checkstyle/checks/coding/AbstractIllegalCheck.html...
Generating /builddir/build/BUILD/checkstyle-5.6/target/site/apidocs/com/puppycrawl/tools/checkstyle/checks/coding/AbstractIllegalMethodCheck.html...
Generating /builddir/build/BUILD/checkstyle-5.6/target/site/apidocs/com/puppycrawl/tools/checkstyle/checks/coding/AbstractNestedDepthCheck.html...
Generating /builddir/build/BUILD/checkstyle-5.6/target/site/apidocs/com/puppycrawl/tools/checkstyle/checks/coding/AbstractSuperCheck.html...
Generating /builddir/build/BUILD/checkstyle-5.6/target/site/apidocs/com/puppycrawl/tools/checkstyle/checks/coding/ArrayTrailingCommaCheck.html...
Generating /builddir/build/BUILD/checkstyle-5.6/target/site/apidocs/com/puppycrawl/tools/checkstyle/checks/coding/AvoidInlineConditionalsCheck.html...
Generating /builddir/build/BUILD/checkstyle-5.6/target/site/apidocs/com/puppycrawl/tools/checkstyle/checks/coding/CovariantEqualsCheck.html...
Generating /builddir/build/BUILD/checkstyle-5.6/target/site/apidocs/com/puppycrawl/tools/checkstyle/checks/coding/DeclarationOrderCheck.html...
Generating /builddir/build/BUILD/checkstyle-5.6/target/site/apidocs/com/puppycrawl/tools/checkstyle/checks/coding/DefaultComesLastCheck.html...
Generating /builddir/build/BUILD/checkstyle-5.6/target/site/apidocs/com/puppycrawl/tools/checkstyle/checks/coding/EmptyStatementCheck.html...
Generating /builddir/build/BUILD/checkstyle-5.6/target/site/apidocs/com/puppycrawl/tools/checkstyle/checks/coding/EqualsAvoidNullCheck.html...
Generating /builddir/build/BUILD/checkstyle-5.6/target/site/apidocs/com/puppycrawl/tools/checkstyle/checks/coding/EqualsHashCodeCheck.html...
Generating /builddir/build/BUILD/checkstyle-5.6/target/site/apidocs/com/puppycrawl/tools/checkstyle/checks/coding/ExplicitInitializationCheck.html...
Generating /builddir/build/BUILD/checkstyle-5.6/target/site/apidocs/com/puppycrawl/tools/checkstyle/checks/coding/FallThroughCheck.html...
Generating /builddir/build/BUILD/checkstyle-5.6/target/site/apidocs/com/puppycrawl/tools/checkstyle/checks/coding/FinalLocalVariableCheck.html...
Generating /builddir/build/BUILD/checkstyle-5.6/target/site/apidocs/com/puppycrawl/tools/checkstyle/checks/coding/HiddenFieldCheck.html...
Generating /builddir/build/BUILD/checkstyle-5.6/target/site/apidocs/com/puppycrawl/tools/checkstyle/checks/coding/IllegalCatchCheck.html...
Generating /builddir/build/BUILD/checkstyle-5.6/target/site/apidocs/com/puppycrawl/tools/checkstyle/checks/coding/IllegalInstantiationCheck.html...
Generating /builddir/build/BUILD/checkstyle-5.6/target/site/apidocs/com/puppycrawl/tools/checkstyle/checks/coding/IllegalThrowsCheck.html...
Generating /builddir/build/BUILD/checkstyle-5.6/target/site/apidocs/com/puppycrawl/tools/checkstyle/checks/coding/IllegalTokenCheck.html...
Generating /builddir/build/BUILD/checkstyle-5.6/target/site/apidocs/com/puppycrawl/tools/checkstyle/checks/coding/IllegalTokenTextCheck.html...
Generating /builddir/build/BUILD/checkstyle-5.6/target/site/apidocs/com/puppycrawl/tools/checkstyle/checks/coding/IllegalTypeCheck.html...
Generating /builddir/build/BUILD/checkstyle-5.6/target/site/apidocs/com/puppycrawl/tools/checkstyle/checks/coding/InnerAssignmentCheck.html...
Generating /builddir/build/BUILD/checkstyle-5.6/target/site/apidocs/com/puppycrawl/tools/checkstyle/checks/coding/JUnitTestCaseCheck.html...
Generating /builddir/build/BUILD/checkstyle-5.6/target/site/apidocs/com/puppycrawl/tools/checkstyle/checks/coding/MagicNumberCheck.html...
Generating /builddir/build/BUILD/checkstyle-5.6/target/site/apidocs/com/puppycrawl/tools/checkstyle/checks/coding/MissingCtorCheck.html...
Generating /builddir/build/BUILD/checkstyle-5.6/target/site/apidocs/com/puppycrawl/tools/checkstyle/checks/coding/MissingSwitchDefaultCheck.html...
Generating /builddir/build/BUILD/checkstyle-5.6/target/site/apidocs/com/puppycrawl/tools/checkstyle/checks/coding/ModifiedControlVariableCheck.html...
Generating /builddir/build/BUILD/checkstyle-5.6/target/site/apidocs/com/puppycrawl/tools/checkstyle/checks/coding/MultipleStringLiteralsCheck.html...
Generating /builddir/build/BUILD/checkstyle-5.6/target/site/apidocs/com/puppycrawl/tools/checkstyle/checks/coding/MultipleVariableDeclarationsCheck.html...
Generating /builddir/build/BUILD/checkstyle-5.6/target/site/apidocs/com/puppycrawl/tools/checkstyle/checks/coding/NestedForDepthCheck.html...
Generating /builddir/build/BUILD/checkstyle-5.6/target/site/apidocs/com/puppycrawl/tools/checkstyle/checks/coding/NestedIfDepthCheck.html...
Generating /builddir/build/BUILD/checkstyle-5.6/target/site/apidocs/com/puppycrawl/tools/checkstyle/checks/coding/NestedTryDepthCheck.html...
Generating /builddir/build/BUILD/checkstyle-5.6/target/site/apidocs/com/puppycrawl/tools/checkstyle/checks/coding/NoCloneCheck.html...
Generating /builddir/build/BUILD/checkstyle-5.6/target/site/apidocs/com/puppycrawl/tools/checkstyle/checks/coding/NoFinalizerCheck.html...
Generating /builddir/build/BUILD/checkstyle-5.6/target/site/apidocs/com/puppycrawl/tools/checkstyle/checks/coding/OneStatementPerLineCheck.html...
Generating /builddir/build/BUILD/checkstyle-5.6/target/site/apidocs/com/puppycrawl/tools/checkstyle/checks/coding/PackageDeclarationCheck.html...
Generating /builddir/build/BUILD/checkstyle-5.6/target/site/apidocs/com/puppycrawl/tools/checkstyle/checks/coding/ParameterAssignmentCheck.html...
Generating /builddir/build/BUILD/checkstyle-5.6/target/site/apidocs/com/puppycrawl/tools/checkstyle/checks/coding/RedundantThrowsCheck.html...
Generating /builddir/build/BUILD/checkstyle-5.6/target/site/apidocs/com/puppycrawl/tools/checkstyle/checks/coding/RequireThisCheck.html...
Generating /builddir/build/BUILD/checkstyle-5.6/target/site/apidocs/com/puppycrawl/tools/checkstyle/checks/coding/ReturnCountCheck.html...
Generating /builddir/build/BUILD/checkstyle-5.6/target/site/apidocs/com/puppycrawl/tools/checkstyle/checks/coding/SimplifyBooleanExpressionCheck.html...
Generating /builddir/build/BUILD/checkstyle-5.6/target/site/apidocs/com/puppycrawl/tools/checkstyle/checks/coding/SimplifyBooleanReturnCheck.html...
Generating /builddir/build/BUILD/checkstyle-5.6/target/site/apidocs/com/puppycrawl/tools/checkstyle/checks/coding/StringLiteralEqualityCheck.html...
Generating /builddir/build/BUILD/checkstyle-5.6/target/site/apidocs/com/puppycrawl/tools/checkstyle/checks/coding/SuperCloneCheck.html...
Generating /builddir/build/BUILD/checkstyle-5.6/target/site/apidocs/com/puppycrawl/tools/checkstyle/checks/coding/SuperFinalizeCheck.html...
Generating /builddir/build/BUILD/checkstyle-5.6/target/site/apidocs/com/puppycrawl/tools/checkstyle/checks/coding/UnnecessaryParenthesesCheck.html...
Generating /builddir/build/BUILD/checkstyle-5.6/target/site/apidocs/com/puppycrawl/tools/checkstyle/checks/design/DesignForExtensionCheck.html...
Generating /builddir/build/BUILD/checkstyle-5.6/target/site/apidocs/com/puppycrawl/tools/checkstyle/checks/design/FinalClassCheck.html...
Generating /builddir/build/BUILD/checkstyle-5.6/target/site/apidocs/com/puppycrawl/tools/checkstyle/checks/design/HideUtilityClassConstructorCheck.html...
Generating /builddir/build/BUILD/checkstyle-5.6/target/site/apidocs/com/puppycrawl/tools/checkstyle/checks/design/InnerTypeLastCheck.html...
Generating /builddir/build/BUILD/checkstyle-5.6/target/site/apidocs/com/puppycrawl/tools/checkstyle/checks/design/InterfaceIsTypeCheck.html...
Generating /builddir/build/BUILD/checkstyle-5.6/target/site/apidocs/com/puppycrawl/tools/checkstyle/checks/design/MutableExceptionCheck.html...
Generating /builddir/build/BUILD/checkstyle-5.6/target/site/apidocs/com/puppycrawl/tools/checkstyle/checks/design/ThrowsCountCheck.html...
Generating /builddir/build/BUILD/checkstyle-5.6/target/site/apidocs/com/puppycrawl/tools/checkstyle/checks/design/VisibilityModifierCheck.html...
Generating /builddir/build/BUILD/checkstyle-5.6/target/site/apidocs/com/puppycrawl/tools/checkstyle/checks/duplicates/StrictDuplicateCodeCheck.html...
Generating /builddir/build/BUILD/checkstyle-5.6/target/site/apidocs/com/puppycrawl/tools/checkstyle/checks/header/AbstractHeaderCheck.html...
Generating /builddir/build/BUILD/checkstyle-5.6/target/site/apidocs/com/puppycrawl/tools/checkstyle/checks/header/HeaderCheck.html...
Generating /builddir/build/BUILD/checkstyle-5.6/target/site/apidocs/com/puppycrawl/tools/checkstyle/checks/header/RegexpHeaderCheck.html...
Generating /builddir/build/BUILD/checkstyle-5.6/target/site/apidocs/com/puppycrawl/tools/checkstyle/checks/imports/AvoidStarImportCheck.html...
Generating /builddir/build/BUILD/checkstyle-5.6/target/site/apidocs/com/puppycrawl/tools/checkstyle/checks/imports/AvoidStaticImportCheck.html...
Generating /builddir/build/BUILD/checkstyle-5.6/target/site/apidocs/com/puppycrawl/tools/checkstyle/checks/imports/IllegalImportCheck.html...
Generating /builddir/build/BUILD/checkstyle-5.6/target/site/apidocs/com/puppycrawl/tools/checkstyle/checks/imports/ImportControlCheck.html...
Generating /builddir/build/BUILD/checkstyle-5.6/target/site/apidocs/com/puppycrawl/tools/checkstyle/checks/imports/ImportOrderCheck.html...
Generating /builddir/build/BUILD/checkstyle-5.6/target/site/apidocs/com/puppycrawl/tools/checkstyle/checks/imports/ImportOrderOption.html...
Generating /builddir/build/BUILD/checkstyle-5.6/target/site/apidocs/com/puppycrawl/tools/checkstyle/checks/imports/RedundantImportCheck.html...
Generating /builddir/build/BUILD/checkstyle-5.6/target/site/apidocs/com/puppycrawl/tools/checkstyle/checks/imports/UnusedImportsCheck.html...
Generating /builddir/build/BUILD/checkstyle-5.6/target/site/apidocs/com/puppycrawl/tools/checkstyle/checks/indentation/ArrayInitHandler.html...
Generating /builddir/build/BUILD/checkstyle-5.6/target/site/apidocs/com/puppycrawl/tools/checkstyle/checks/indentation/AssignHandler.html...
Generating /builddir/build/BUILD/checkstyle-5.6/target/site/apidocs/com/puppycrawl/tools/checkstyle/checks/indentation/BlockParentHandler.html...
Generating /builddir/build/BUILD/checkstyle-5.6/target/site/apidocs/com/puppycrawl/tools/checkstyle/checks/indentation/CaseHandler.html...
Generating /builddir/build/BUILD/checkstyle-5.6/target/site/apidocs/com/puppycrawl/tools/checkstyle/checks/indentation/CatchHandler.html...
Generating /builddir/build/BUILD/checkstyle-5.6/target/site/apidocs/com/puppycrawl/tools/checkstyle/checks/indentation/ClassDefHandler.html...
Generating /builddir/build/BUILD/checkstyle-5.6/target/site/apidocs/com/puppycrawl/tools/checkstyle/checks/indentation/DoWhileHandler.html...
Generating /builddir/build/BUILD/checkstyle-5.6/target/site/apidocs/com/puppycrawl/tools/checkstyle/checks/indentation/ElseHandler.html...
Generating /builddir/build/BUILD/checkstyle-5.6/target/site/apidocs/com/puppycrawl/tools/checkstyle/checks/indentation/ExpressionHandler.html...
Generating /builddir/build/BUILD/checkstyle-5.6/target/site/apidocs/com/puppycrawl/tools/checkstyle/checks/indentation/FinallyHandler.html...
Generating /builddir/build/BUILD/checkstyle-5.6/target/site/apidocs/com/puppycrawl/tools/checkstyle/checks/indentation/ForHandler.html...
Generating /builddir/build/BUILD/checkstyle-5.6/target/site/apidocs/com/puppycrawl/tools/checkstyle/checks/indentation/HandlerFactory.html...
Generating /builddir/build/BUILD/checkstyle-5.6/target/site/apidocs/com/puppycrawl/tools/checkstyle/checks/indentation/IfHandler.html...
Generating /builddir/build/BUILD/checkstyle-5.6/target/site/apidocs/com/puppycrawl/tools/checkstyle/checks/indentation/ImportHandler.html...
Generating /builddir/build/BUILD/checkstyle-5.6/target/site/apidocs/com/puppycrawl/tools/checkstyle/checks/indentation/IndentationCheck.html...
Generating /builddir/build/BUILD/checkstyle-5.6/target/site/apidocs/com/puppycrawl/tools/checkstyle/checks/indentation/IndentLevel.html...
Generating /builddir/build/BUILD/checkstyle-5.6/target/site/apidocs/com/puppycrawl/tools/checkstyle/checks/indentation/LabelHandler.html...
Generating /builddir/build/BUILD/checkstyle-5.6/target/site/apidocs/com/puppycrawl/tools/checkstyle/checks/indentation/LineSet.html...
Generating /builddir/build/BUILD/checkstyle-5.6/target/site/apidocs/com/puppycrawl/tools/checkstyle/checks/indentation/MemberDefHandler.html...
Generating /builddir/build/BUILD/checkstyle-5.6/target/site/apidocs/com/puppycrawl/tools/checkstyle/checks/indentation/MethodCallHandler.html...
Generating /builddir/build/BUILD/checkstyle-5.6/target/site/apidocs/com/puppycrawl/tools/checkstyle/checks/indentation/MethodDefHandler.html...
Generating /builddir/build/BUILD/checkstyle-5.6/target/site/apidocs/com/puppycrawl/tools/checkstyle/checks/indentation/NewHandler.html...
Generating /builddir/build/BUILD/checkstyle-5.6/target/site/apidocs/com/puppycrawl/tools/checkstyle/checks/indentation/ObjectBlockHandler.html...
Generating /builddir/build/BUILD/checkstyle-5.6/target/site/apidocs/com/puppycrawl/tools/checkstyle/checks/indentation/PackageDefHandler.html...
Generating /builddir/build/BUILD/checkstyle-5.6/target/site/apidocs/com/puppycrawl/tools/checkstyle/checks/indentation/PrimordialHandler.html...
Generating /builddir/build/BUILD/checkstyle-5.6/target/site/apidocs/com/puppycrawl/tools/checkstyle/checks/indentation/SlistHandler.html...
Generating /builddir/build/BUILD/checkstyle-5.6/target/site/apidocs/com/puppycrawl/tools/checkstyle/checks/indentation/StaticInitHandler.html...
Generating /builddir/build/BUILD/checkstyle-5.6/target/site/apidocs/com/puppycrawl/tools/checkstyle/checks/indentation/SwitchHandler.html...
Generating /builddir/build/BUILD/checkstyle-5.6/target/site/apidocs/com/puppycrawl/tools/checkstyle/checks/indentation/TryHandler.html...
Generating /builddir/build/BUILD/checkstyle-5.6/target/site/apidocs/com/puppycrawl/tools/checkstyle/checks/indentation/WhileHandler.html...
Generating /builddir/build/BUILD/checkstyle-5.6/target/site/apidocs/com/puppycrawl/tools/checkstyle/checks/javadoc/InvalidJavadocTag.html...
Generating /builddir/build/BUILD/checkstyle-5.6/target/site/apidocs/com/puppycrawl/tools/checkstyle/checks/javadoc/JavadocMethodCheck.html...
Generating /builddir/build/BUILD/checkstyle-5.6/target/site/apidocs/com/puppycrawl/tools/checkstyle/checks/javadoc/JavadocPackageCheck.html...
Generating /builddir/build/BUILD/checkstyle-5.6/target/site/apidocs/com/puppycrawl/tools/checkstyle/checks/javadoc/JavadocStyleCheck.html...
Generating /builddir/build/BUILD/checkstyle-5.6/target/site/apidocs/com/puppycrawl/tools/checkstyle/checks/javadoc/JavadocTag.html...
Generating /builddir/build/BUILD/checkstyle-5.6/target/site/apidocs/com/puppycrawl/tools/checkstyle/checks/javadoc/JavadocTags.html...
Generating /builddir/build/BUILD/checkstyle-5.6/target/site/apidocs/com/puppycrawl/tools/checkstyle/checks/javadoc/JavadocTypeCheck.html...
Generating /builddir/build/BUILD/checkstyle-5.6/target/site/apidocs/com/puppycrawl/tools/checkstyle/checks/javadoc/JavadocUtils.html...
Generating /builddir/build/BUILD/checkstyle-5.6/target/site/apidocs/com/puppycrawl/tools/checkstyle/checks/javadoc/JavadocUtils.JavadocTagType.html...
Generating /builddir/build/BUILD/checkstyle-5.6/target/site/apidocs/com/puppycrawl/tools/checkstyle/checks/javadoc/JavadocVariableCheck.html...
Generating /builddir/build/BUILD/checkstyle-5.6/target/site/apidocs/com/puppycrawl/tools/checkstyle/checks/javadoc/WriteTagCheck.html...
Generating /builddir/build/BUILD/checkstyle-5.6/target/site/apidocs/com/puppycrawl/tools/checkstyle/checks/metrics/AbstractClassCouplingCheck.html...
Generating /builddir/build/BUILD/checkstyle-5.6/target/site/apidocs/com/puppycrawl/tools/checkstyle/checks/metrics/AbstractComplexityCheck.html...
Generating /builddir/build/BUILD/checkstyle-5.6/target/site/apidocs/com/puppycrawl/tools/checkstyle/checks/metrics/BooleanExpressionComplexityCheck.html...
Generating /builddir/build/BUILD/checkstyle-5.6/target/site/apidocs/com/puppycrawl/tools/checkstyle/checks/metrics/ClassDataAbstractionCouplingCheck.html...
Generating /builddir/build/BUILD/checkstyle-5.6/target/site/apidocs/com/puppycrawl/tools/checkstyle/checks/metrics/ClassFanOutComplexityCheck.html...
Generating /builddir/build/BUILD/checkstyle-5.6/target/site/apidocs/com/puppycrawl/tools/checkstyle/checks/metrics/CyclomaticComplexityCheck.html...
Generating /builddir/build/BUILD/checkstyle-5.6/target/site/apidocs/com/puppycrawl/tools/checkstyle/checks/metrics/JavaNCSSCheck.html...
Generating /builddir/build/BUILD/checkstyle-5.6/target/site/apidocs/com/puppycrawl/tools/checkstyle/checks/metrics/NPathComplexityCheck.html...
Generating /builddir/build/BUILD/checkstyle-5.6/target/site/apidocs/com/puppycrawl/tools/checkstyle/checks/modifier/ModifierOrderCheck.html...
Generating /builddir/build/BUILD/checkstyle-5.6/target/site/apidocs/com/puppycrawl/tools/checkstyle/checks/modifier/RedundantModifierCheck.html...
Generating /builddir/build/BUILD/checkstyle-5.6/target/site/apidocs/com/puppycrawl/tools/checkstyle/checks/naming/AbstractAccessControlNameCheck.html...
Generating /builddir/build/BUILD/checkstyle-5.6/target/site/apidocs/com/puppycrawl/tools/checkstyle/checks/naming/AbstractClassNameCheck.html...
Generating /builddir/build/BUILD/checkstyle-5.6/target/site/apidocs/com/puppycrawl/tools/checkstyle/checks/naming/AbstractNameCheck.html...
Generating /builddir/build/BUILD/checkstyle-5.6/target/site/apidocs/com/puppycrawl/tools/checkstyle/checks/naming/AbstractTypeParameterNameCheck.html...
Generating /builddir/build/BUILD/checkstyle-5.6/target/site/apidocs/com/puppycrawl/tools/checkstyle/checks/naming/ClassTypeParameterNameCheck.html...
Generating /builddir/build/BUILD/checkstyle-5.6/target/site/apidocs/com/puppycrawl/tools/checkstyle/checks/naming/ConstantNameCheck.html...
Generating /builddir/build/BUILD/checkstyle-5.6/target/site/apidocs/com/puppycrawl/tools/checkstyle/checks/naming/LocalFinalVariableNameCheck.html...
Generating /builddir/build/BUILD/checkstyle-5.6/target/site/apidocs/com/puppycrawl/tools/checkstyle/checks/naming/LocalVariableNameCheck.html...
Generating /builddir/build/BUILD/checkstyle-5.6/target/site/apidocs/com/puppycrawl/tools/checkstyle/checks/naming/MemberNameCheck.html...
Generating /builddir/build/BUILD/checkstyle-5.6/target/site/apidocs/com/puppycrawl/tools/checkstyle/checks/naming/MethodNameCheck.html...
Generating /builddir/build/BUILD/checkstyle-5.6/target/site/apidocs/com/puppycrawl/tools/checkstyle/checks/naming/MethodTypeParameterNameCheck.html...
Generating /builddir/build/BUILD/checkstyle-5.6/target/site/apidocs/com/puppycrawl/tools/checkstyle/checks/naming/PackageNameCheck.html...
Generating /builddir/build/BUILD/checkstyle-5.6/target/site/apidocs/com/puppycrawl/tools/checkstyle/checks/naming/ParameterNameCheck.html...
Generating /builddir/build/BUILD/checkstyle-5.6/target/site/apidocs/com/puppycrawl/tools/checkstyle/checks/naming/StaticVariableNameCheck.html...
Generating /builddir/build/BUILD/checkstyle-5.6/target/site/apidocs/com/puppycrawl/tools/checkstyle/checks/naming/TypeNameCheck.html...
Generating /builddir/build/BUILD/checkstyle-5.6/target/site/apidocs/com/puppycrawl/tools/checkstyle/checks/regexp/NeverSuppress.html...
Generating /builddir/build/BUILD/checkstyle-5.6/target/site/apidocs/com/puppycrawl/tools/checkstyle/checks/regexp/RegexpMultilineCheck.html...
Generating /builddir/build/BUILD/checkstyle-5.6/target/site/apidocs/com/puppycrawl/tools/checkstyle/checks/regexp/RegexpSinglelineCheck.html...
Generating /builddir/build/BUILD/checkstyle-5.6/target/site/apidocs/com/puppycrawl/tools/checkstyle/checks/regexp/RegexpSinglelineJavaCheck.html...
Generating /builddir/build/BUILD/checkstyle-5.6/target/site/apidocs/com/puppycrawl/tools/checkstyle/checks/sizes/AnonInnerLengthCheck.html...
Generating /builddir/build/BUILD/checkstyle-5.6/target/site/apidocs/com/puppycrawl/tools/checkstyle/checks/sizes/ExecutableStatementCountCheck.html...
Generating /builddir/build/BUILD/checkstyle-5.6/target/site/apidocs/com/puppycrawl/tools/checkstyle/checks/sizes/FileLengthCheck.html...
Generating /builddir/build/BUILD/checkstyle-5.6/target/site/apidocs/com/puppycrawl/tools/checkstyle/checks/sizes/LineLengthCheck.html...
Generating /builddir/build/BUILD/checkstyle-5.6/target/site/apidocs/com/puppycrawl/tools/checkstyle/checks/sizes/MethodCountCheck.html...
Generating /builddir/build/BUILD/checkstyle-5.6/target/site/apidocs/com/puppycrawl/tools/checkstyle/checks/sizes/MethodLengthCheck.html...
Generating /builddir/build/BUILD/checkstyle-5.6/target/site/apidocs/com/puppycrawl/tools/checkstyle/checks/sizes/OuterTypeNumberCheck.html...
Generating /builddir/build/BUILD/checkstyle-5.6/target/site/apidocs/com/puppycrawl/tools/checkstyle/checks/sizes/ParameterNumberCheck.html...
Generating /builddir/build/BUILD/checkstyle-5.6/target/site/apidocs/com/puppycrawl/tools/checkstyle/checks/whitespace/EmptyForInitializerPadCheck.html...
Generating /builddir/build/BUILD/checkstyle-5.6/target/site/apidocs/com/puppycrawl/tools/checkstyle/checks/whitespace/EmptyForIteratorPadCheck.html...
Generating /builddir/build/BUILD/checkstyle-5.6/target/site/apidocs/com/puppycrawl/tools/checkstyle/checks/whitespace/FileTabCharacterCheck.html...
Generating /builddir/build/BUILD/checkstyle-5.6/target/site/apidocs/com/puppycrawl/tools/checkstyle/checks/whitespace/GenericWhitespaceCheck.html...
Generating /builddir/build/BUILD/checkstyle-5.6/target/site/apidocs/com/puppycrawl/tools/checkstyle/checks/whitespace/MethodParamPadCheck.html...
Generating /builddir/build/BUILD/checkstyle-5.6/target/site/apidocs/com/puppycrawl/tools/checkstyle/checks/whitespace/NoWhitespaceAfterCheck.html...
Generating /builddir/build/BUILD/checkstyle-5.6/target/site/apidocs/com/puppycrawl/tools/checkstyle/checks/whitespace/NoWhitespaceBeforeCheck.html...
Generating /builddir/build/BUILD/checkstyle-5.6/target/site/apidocs/com/puppycrawl/tools/checkstyle/checks/whitespace/OperatorWrapCheck.html...
Generating /builddir/build/BUILD/checkstyle-5.6/target/site/apidocs/com/puppycrawl/tools/checkstyle/checks/whitespace/OperatorWrapOption.html...
Generating /builddir/build/BUILD/checkstyle-5.6/target/site/apidocs/com/puppycrawl/tools/checkstyle/checks/whitespace/PadOption.html...
Generating /builddir/build/BUILD/checkstyle-5.6/target/site/apidocs/com/puppycrawl/tools/checkstyle/checks/whitespace/ParenPadCheck.html...
Generating /builddir/build/BUILD/checkstyle-5.6/target/site/apidocs/com/puppycrawl/tools/checkstyle/checks/whitespace/TypecastParenPadCheck.html...
Generating /builddir/build/BUILD/checkstyle-5.6/target/site/apidocs/com/puppycrawl/tools/checkstyle/checks/whitespace/WhitespaceAfterCheck.html...
Generating /builddir/build/BUILD/checkstyle-5.6/target/site/apidocs/com/puppycrawl/tools/checkstyle/checks/whitespace/WhitespaceAroundCheck.html...
Generating /builddir/build/BUILD/checkstyle-5.6/target/site/apidocs/com/puppycrawl/tools/checkstyle/checks/AbstractFormatCheck.html...
Generating /builddir/build/BUILD/checkstyle-5.6/target/site/apidocs/com/puppycrawl/tools/checkstyle/checks/AbstractOptionCheck.html...
Generating /builddir/build/BUILD/checkstyle-5.6/target/site/apidocs/com/puppycrawl/tools/checkstyle/checks/AbstractTypeAwareCheck.html...
Generating /builddir/build/BUILD/checkstyle-5.6/target/site/apidocs/com/puppycrawl/tools/checkstyle/checks/AbstractTypeAwareCheck.ClassInfo.html...
Generating /builddir/build/BUILD/checkstyle-5.6/target/site/apidocs/com/puppycrawl/tools/checkstyle/checks/AbstractTypeAwareCheck.Token.html...
Generating /builddir/build/BUILD/checkstyle-5.6/target/site/apidocs/com/puppycrawl/tools/checkstyle/checks/ArrayTypeStyleCheck.html...
Generating /builddir/build/BUILD/checkstyle-5.6/target/site/apidocs/com/puppycrawl/tools/checkstyle/checks/CheckUtils.html...
Generating /builddir/build/BUILD/checkstyle-5.6/target/site/apidocs/com/puppycrawl/tools/checkstyle/checks/ClassResolver.html...
Generating /builddir/build/BUILD/checkstyle-5.6/target/site/apidocs/com/puppycrawl/tools/checkstyle/checks/DeclarationCollector.html...
Generating /builddir/build/BUILD/checkstyle-5.6/target/site/apidocs/com/puppycrawl/tools/checkstyle/checks/DescendantTokenCheck.html...
Generating /builddir/build/BUILD/checkstyle-5.6/target/site/apidocs/com/puppycrawl/tools/checkstyle/checks/FileContentsHolder.html...
Generating /builddir/build/BUILD/checkstyle-5.6/target/site/apidocs/com/puppycrawl/tools/checkstyle/checks/FinalParametersCheck.html...
Generating /builddir/build/BUILD/checkstyle-5.6/target/site/apidocs/com/puppycrawl/tools/checkstyle/checks/LineSeparatorOption.html...
Generating /builddir/build/BUILD/checkstyle-5.6/target/site/apidocs/com/puppycrawl/tools/checkstyle/checks/NewlineAtEndOfFileCheck.html...
Generating /builddir/build/BUILD/checkstyle-5.6/target/site/apidocs/com/puppycrawl/tools/checkstyle/checks/OuterTypeFilenameCheck.html...
Generating /builddir/build/BUILD/checkstyle-5.6/target/site/apidocs/com/puppycrawl/tools/checkstyle/checks/RegexpCheck.html...
Generating /builddir/build/BUILD/checkstyle-5.6/target/site/apidocs/com/puppycrawl/tools/checkstyle/checks/TodoCommentCheck.html...
Generating /builddir/build/BUILD/checkstyle-5.6/target/site/apidocs/com/puppycrawl/tools/checkstyle/checks/TrailingCommentCheck.html...
Generating /builddir/build/BUILD/checkstyle-5.6/target/site/apidocs/com/puppycrawl/tools/checkstyle/checks/TranslationCheck.html...
Generating /builddir/build/BUILD/checkstyle-5.6/target/site/apidocs/com/puppycrawl/tools/checkstyle/checks/UncommentedMainCheck.html...
Generating /builddir/build/BUILD/checkstyle-5.6/target/site/apidocs/com/puppycrawl/tools/checkstyle/checks/UpperEllCheck.html...
Generating /builddir/build/BUILD/checkstyle-5.6/target/site/apidocs/com/puppycrawl/tools/checkstyle/doclets/CheckDocsDoclet.html...
Generating /builddir/build/BUILD/checkstyle-5.6/target/site/apidocs/com/puppycrawl/tools/checkstyle/doclets/TokenTypesDoclet.html...
Generating /builddir/build/BUILD/checkstyle-5.6/target/site/apidocs/com/puppycrawl/tools/checkstyle/filters/SeverityMatchFilter.html...
Generating /builddir/build/BUILD/checkstyle-5.6/target/site/apidocs/com/puppycrawl/tools/checkstyle/filters/SuppressElement.html...
Generating /builddir/build/BUILD/checkstyle-5.6/target/site/apidocs/com/puppycrawl/tools/checkstyle/filters/SuppressionCommentFilter.html...
Generating /builddir/build/BUILD/checkstyle-5.6/target/site/apidocs/com/puppycrawl/tools/checkstyle/filters/SuppressionCommentFilter.Tag.html...
Generating /builddir/build/BUILD/checkstyle-5.6/target/site/apidocs/com/puppycrawl/tools/checkstyle/filters/SuppressionFilter.html...
Generating /builddir/build/BUILD/checkstyle-5.6/target/site/apidocs/com/puppycrawl/tools/checkstyle/filters/SuppressionsLoader.html...
Generating /builddir/build/BUILD/checkstyle-5.6/target/site/apidocs/com/puppycrawl/tools/checkstyle/filters/SuppressWithNearbyCommentFilter.html...
Generating /builddir/build/BUILD/checkstyle-5.6/target/site/apidocs/com/puppycrawl/tools/checkstyle/filters/SuppressWithNearbyCommentFilter.Tag.html...
Generating /builddir/build/BUILD/checkstyle-5.6/target/site/apidocs/com/puppycrawl/tools/checkstyle/grammars/CommentListener.html...
Generating /builddir/build/BUILD/checkstyle-5.6/target/site/apidocs/com/puppycrawl/tools/checkstyle/grammars/GeneratedJavaLexer.html...
Generating /builddir/build/BUILD/checkstyle-5.6/target/site/apidocs/com/puppycrawl/tools/checkstyle/grammars/GeneratedJavaRecognizer.html...
Generating /builddir/build/BUILD/checkstyle-5.6/target/site/apidocs/com/puppycrawl/tools/checkstyle/grammars/GeneratedJavaTokenTypes.html...
Generating /builddir/build/BUILD/checkstyle-5.6/target/site/apidocs/com/puppycrawl/tools/checkstyle/gui/AbstractCellEditor.html...
Generating /builddir/build/BUILD/checkstyle-5.6/target/site/apidocs/com/puppycrawl/tools/checkstyle/gui/AbstractTreeTableModel.html...
Generating /builddir/build/BUILD/checkstyle-5.6/target/site/apidocs/com/puppycrawl/tools/checkstyle/gui/CodeSelector.html...
Generating /builddir/build/BUILD/checkstyle-5.6/target/site/apidocs/com/puppycrawl/tools/checkstyle/gui/JTreeTable.html...
Generating /builddir/build/BUILD/checkstyle-5.6/target/site/apidocs/com/puppycrawl/tools/checkstyle/gui/JTreeTable.TreeTableCellEditor.html...
Generating /builddir/build/BUILD/checkstyle-5.6/target/site/apidocs/com/puppycrawl/tools/checkstyle/gui/Main.html...
Generating /builddir/build/BUILD/checkstyle-5.6/target/site/apidocs/com/puppycrawl/tools/checkstyle/gui/ParseTreeInfoPanel.html...
Generating /builddir/build/BUILD/checkstyle-5.6/target/site/apidocs/com/puppycrawl/tools/checkstyle/gui/ParseTreeModel.html...
Generating /builddir/build/BUILD/checkstyle-5.6/target/site/apidocs/com/puppycrawl/tools/checkstyle/gui/TreeTableModel.html...
Generating /builddir/build/BUILD/checkstyle-5.6/target/site/apidocs/com/puppycrawl/tools/checkstyle/gui/TreeTableModelAdapter.html...
Generating /builddir/build/BUILD/checkstyle-5.6/target/site/apidocs/com/puppycrawl/tools/checkstyle/Checker.html...
Generating /builddir/build/BUILD/checkstyle-5.6/target/site/apidocs/com/puppycrawl/tools/checkstyle/CheckStyleTask.html...
Generating /builddir/build/BUILD/checkstyle-5.6/target/site/apidocs/com/puppycrawl/tools/checkstyle/CheckStyleTask.Formatter.html...
Generating /builddir/build/BUILD/checkstyle-5.6/target/site/apidocs/com/puppycrawl/tools/checkstyle/CheckStyleTask.FormatterType.html...
Generating /builddir/build/BUILD/checkstyle-5.6/target/site/apidocs/com/puppycrawl/tools/checkstyle/CheckStyleTask.Listener.html...
Generating /builddir/build/BUILD/checkstyle-5.6/target/site/apidocs/com/puppycrawl/tools/checkstyle/CheckStyleTask.Property.html...
Generating /builddir/build/BUILD/checkstyle-5.6/target/site/apidocs/com/puppycrawl/tools/checkstyle/ConfigurationLoader.html...
Generating /builddir/build/BUILD/checkstyle-5.6/target/site/apidocs/com/puppycrawl/tools/checkstyle/DefaultConfiguration.html...
Generating /builddir/build/BUILD/checkstyle-5.6/target/site/apidocs/com/puppycrawl/tools/checkstyle/DefaultContext.html...
Generating /builddir/build/BUILD/checkstyle-5.6/target/site/apidocs/com/puppycrawl/tools/checkstyle/DefaultLogger.html...
Generating /builddir/build/BUILD/checkstyle-5.6/target/site/apidocs/com/puppycrawl/tools/checkstyle/Defn.html...
Generating /builddir/build/BUILD/checkstyle-5.6/target/site/apidocs/com/puppycrawl/tools/checkstyle/Main.html...
Generating /builddir/build/BUILD/checkstyle-5.6/target/site/apidocs/com/puppycrawl/tools/checkstyle/ModuleFactory.html...
Generating /builddir/build/BUILD/checkstyle-5.6/target/site/apidocs/com/puppycrawl/tools/checkstyle/PackageNamesLoader.html...
Generating /builddir/build/BUILD/checkstyle-5.6/target/site/apidocs/com/puppycrawl/tools/checkstyle/PropertiesExpander.html...
Generating /builddir/build/BUILD/checkstyle-5.6/target/site/apidocs/com/puppycrawl/tools/checkstyle/PropertyResolver.html...
Generating /builddir/build/BUILD/checkstyle-5.6/target/site/apidocs/com/puppycrawl/tools/checkstyle/TreeWalker.html...
Generating /builddir/build/BUILD/checkstyle-5.6/target/site/apidocs/com/puppycrawl/tools/checkstyle/XMLLogger.html...
Generating /builddir/build/BUILD/checkstyle-5.6/target/site/apidocs/overview-frame.html...
Generating /builddir/build/BUILD/checkstyle-5.6/target/site/apidocs/com/puppycrawl/tools/checkstyle/package-frame.html...
Generating /builddir/build/BUILD/checkstyle-5.6/target/site/apidocs/com/puppycrawl/tools/checkstyle/package-summary.html...
Generating /builddir/build/BUILD/checkstyle-5.6/target/site/apidocs/com/puppycrawl/tools/checkstyle/package-tree.html...
Generating /builddir/build/BUILD/checkstyle-5.6/target/site/apidocs/com/puppycrawl/tools/checkstyle/api/package-frame.html...
Generating /builddir/build/BUILD/checkstyle-5.6/target/site/apidocs/com/puppycrawl/tools/checkstyle/api/package-summary.html...
Generating /builddir/build/BUILD/checkstyle-5.6/target/site/apidocs/com/puppycrawl/tools/checkstyle/api/package-tree.html...
Generating /builddir/build/BUILD/checkstyle-5.6/target/site/apidocs/com/puppycrawl/tools/checkstyle/checks/package-frame.html...
Generating /builddir/build/BUILD/checkstyle-5.6/target/site/apidocs/com/puppycrawl/tools/checkstyle/checks/package-summary.html...
Generating /builddir/build/BUILD/checkstyle-5.6/target/site/apidocs/com/puppycrawl/tools/checkstyle/checks/package-tree.html...
Generating /builddir/build/BUILD/checkstyle-5.6/target/site/apidocs/com/puppycrawl/tools/checkstyle/checks/annotation/package-frame.html...
Generating /builddir/build/BUILD/checkstyle-5.6/target/site/apidocs/com/puppycrawl/tools/checkstyle/checks/annotation/package-summary.html...
Generating /builddir/build/BUILD/checkstyle-5.6/target/site/apidocs/com/puppycrawl/tools/checkstyle/checks/annotation/package-tree.html...
Generating /builddir/build/BUILD/checkstyle-5.6/target/site/apidocs/com/puppycrawl/tools/checkstyle/checks/blocks/package-frame.html...
Generating /builddir/build/BUILD/checkstyle-5.6/target/site/apidocs/com/puppycrawl/tools/checkstyle/checks/blocks/package-summary.html...
Generating /builddir/build/BUILD/checkstyle-5.6/target/site/apidocs/com/puppycrawl/tools/checkstyle/checks/blocks/package-tree.html...
Generating /builddir/build/BUILD/checkstyle-5.6/target/site/apidocs/com/puppycrawl/tools/checkstyle/checks/coding/package-frame.html...
Generating /builddir/build/BUILD/checkstyle-5.6/target/site/apidocs/com/puppycrawl/tools/checkstyle/checks/coding/package-summary.html...
Generating /builddir/build/BUILD/checkstyle-5.6/target/site/apidocs/com/puppycrawl/tools/checkstyle/checks/coding/package-tree.html...
Generating /builddir/build/BUILD/checkstyle-5.6/target/site/apidocs/com/puppycrawl/tools/checkstyle/checks/design/package-frame.html...
Generating /builddir/build/BUILD/checkstyle-5.6/target/site/apidocs/com/puppycrawl/tools/checkstyle/checks/design/package-summary.html...
Generating /builddir/build/BUILD/checkstyle-5.6/target/site/apidocs/com/puppycrawl/tools/checkstyle/checks/design/package-tree.html...
Generating /builddir/build/BUILD/checkstyle-5.6/target/site/apidocs/com/puppycrawl/tools/checkstyle/checks/duplicates/package-frame.html...
Generating /builddir/build/BUILD/checkstyle-5.6/target/site/apidocs/com/puppycrawl/tools/checkstyle/checks/duplicates/package-summary.html...
Generating /builddir/build/BUILD/checkstyle-5.6/target/site/apidocs/com/puppycrawl/tools/checkstyle/checks/duplicates/package-tree.html...
Generating /builddir/build/BUILD/checkstyle-5.6/target/site/apidocs/com/puppycrawl/tools/checkstyle/checks/header/package-frame.html...
Generating /builddir/build/BUILD/checkstyle-5.6/target/site/apidocs/com/puppycrawl/tools/checkstyle/checks/header/package-summary.html...
Generating /builddir/build/BUILD/checkstyle-5.6/target/site/apidocs/com/puppycrawl/tools/checkstyle/checks/header/package-tree.html...
Generating /builddir/build/BUILD/checkstyle-5.6/target/site/apidocs/com/puppycrawl/tools/checkstyle/checks/imports/package-frame.html...
Generating /builddir/build/BUILD/checkstyle-5.6/target/site/apidocs/com/puppycrawl/tools/checkstyle/checks/imports/package-summary.html...
Generating /builddir/build/BUILD/checkstyle-5.6/target/site/apidocs/com/puppycrawl/tools/checkstyle/checks/imports/package-tree.html...
Generating /builddir/build/BUILD/checkstyle-5.6/target/site/apidocs/com/puppycrawl/tools/checkstyle/checks/indentation/package-frame.html...
Generating /builddir/build/BUILD/checkstyle-5.6/target/site/apidocs/com/puppycrawl/tools/checkstyle/checks/indentation/package-summary.html...
Generating /builddir/build/BUILD/checkstyle-5.6/target/site/apidocs/com/puppycrawl/tools/checkstyle/checks/indentation/package-tree.html...
Generating /builddir/build/BUILD/checkstyle-5.6/target/site/apidocs/com/puppycrawl/tools/checkstyle/checks/javadoc/package-frame.html...
Generating /builddir/build/BUILD/checkstyle-5.6/target/site/apidocs/com/puppycrawl/tools/checkstyle/checks/javadoc/package-summary.html...
Generating /builddir/build/BUILD/checkstyle-5.6/target/site/apidocs/com/puppycrawl/tools/checkstyle/checks/javadoc/package-tree.html...
Generating /builddir/build/BUILD/checkstyle-5.6/target/site/apidocs/com/puppycrawl/tools/checkstyle/checks/metrics/package-frame.html...
Generating /builddir/build/BUILD/checkstyle-5.6/target/site/apidocs/com/puppycrawl/tools/checkstyle/checks/metrics/package-summary.html...
Generating /builddir/build/BUILD/checkstyle-5.6/target/site/apidocs/com/puppycrawl/tools/checkstyle/checks/metrics/package-tree.html...
Generating /builddir/build/BUILD/checkstyle-5.6/target/site/apidocs/com/puppycrawl/tools/checkstyle/checks/modifier/package-frame.html...
Generating /builddir/build/BUILD/checkstyle-5.6/target/site/apidocs/com/puppycrawl/tools/checkstyle/checks/modifier/package-summary.html...
Generating /builddir/build/BUILD/checkstyle-5.6/target/site/apidocs/com/puppycrawl/tools/checkstyle/checks/modifier/package-tree.html...
Generating /builddir/build/BUILD/checkstyle-5.6/target/site/apidocs/com/puppycrawl/tools/checkstyle/checks/naming/package-frame.html...
Generating /builddir/build/BUILD/checkstyle-5.6/target/site/apidocs/com/puppycrawl/tools/checkstyle/checks/naming/package-summary.html...
Generating /builddir/build/BUILD/checkstyle-5.6/target/site/apidocs/com/puppycrawl/tools/checkstyle/checks/naming/package-tree.html...
Generating /builddir/build/BUILD/checkstyle-5.6/target/site/apidocs/com/puppycrawl/tools/checkstyle/checks/regexp/package-frame.html...
Generating /builddir/build/BUILD/checkstyle-5.6/target/site/apidocs/com/puppycrawl/tools/checkstyle/checks/regexp/package-summary.html...
Generating /builddir/build/BUILD/checkstyle-5.6/target/site/apidocs/com/puppycrawl/tools/checkstyle/checks/regexp/package-tree.html...
Generating /builddir/build/BUILD/checkstyle-5.6/target/site/apidocs/com/puppycrawl/tools/checkstyle/checks/sizes/package-frame.html...
Generating /builddir/build/BUILD/checkstyle-5.6/target/site/apidocs/com/puppycrawl/tools/checkstyle/checks/sizes/package-summary.html...
Generating /builddir/build/BUILD/checkstyle-5.6/target/site/apidocs/com/puppycrawl/tools/checkstyle/checks/sizes/package-tree.html...
Generating /builddir/build/BUILD/checkstyle-5.6/target/site/apidocs/com/puppycrawl/tools/checkstyle/checks/whitespace/package-frame.html...
Generating /builddir/build/BUILD/checkstyle-5.6/target/site/apidocs/com/puppycrawl/tools/checkstyle/checks/whitespace/package-summary.html...
Generating /builddir/build/BUILD/checkstyle-5.6/target/site/apidocs/com/puppycrawl/tools/checkstyle/checks/whitespace/package-tree.html...
Generating /builddir/build/BUILD/checkstyle-5.6/target/site/apidocs/com/puppycrawl/tools/checkstyle/doclets/package-frame.html...
Generating /builddir/build/BUILD/checkstyle-5.6/target/site/apidocs/com/puppycrawl/tools/checkstyle/doclets/package-summary.html...
Generating /builddir/build/BUILD/checkstyle-5.6/target/site/apidocs/com/puppycrawl/tools/checkstyle/doclets/package-tree.html...
Generating /builddir/build/BUILD/checkstyle-5.6/target/site/apidocs/com/puppycrawl/tools/checkstyle/filters/package-frame.html...
Generating /builddir/build/BUILD/checkstyle-5.6/target/site/apidocs/com/puppycrawl/tools/checkstyle/filters/package-summary.html...
Generating /builddir/build/BUILD/checkstyle-5.6/target/site/apidocs/com/puppycrawl/tools/checkstyle/filters/package-tree.html...
Generating /builddir/build/BUILD/checkstyle-5.6/target/site/apidocs/com/puppycrawl/tools/checkstyle/grammars/package-frame.html...
Generating /builddir/build/BUILD/checkstyle-5.6/target/site/apidocs/com/puppycrawl/tools/checkstyle/grammars/package-summary.html...
Generating /builddir/build/BUILD/checkstyle-5.6/target/site/apidocs/com/puppycrawl/tools/checkstyle/grammars/package-tree.html...
Generating /builddir/build/BUILD/checkstyle-5.6/target/site/apidocs/com/puppycrawl/tools/checkstyle/gui/package-frame.html...
Generating /builddir/build/BUILD/checkstyle-5.6/target/site/apidocs/com/puppycrawl/tools/checkstyle/gui/package-summary.html...
Generating /builddir/build/BUILD/checkstyle-5.6/target/site/apidocs/com/puppycrawl/tools/checkstyle/gui/package-tree.html...
Generating /builddir/build/BUILD/checkstyle-5.6/target/site/apidocs/constant-values.html...
Generating /builddir/build/BUILD/checkstyle-5.6/target/site/apidocs/serialized-form.html...
Generating /builddir/build/BUILD/checkstyle-5.6/target/site/apidocs/com/puppycrawl/tools/checkstyle/api/class-use/Utils.html...
Generating /builddir/build/BUILD/checkstyle-5.6/target/site/apidocs/com/puppycrawl/tools/checkstyle/api/class-use/AnnotationUtility.html...
Generating /builddir/build/BUILD/checkstyle-5.6/target/site/apidocs/com/puppycrawl/tools/checkstyle/api/class-use/ScopeUtils.html...
Generating /builddir/build/BUILD/checkstyle-5.6/target/site/apidocs/com/puppycrawl/tools/checkstyle/api/class-use/Comment.html...
Generating /builddir/build/BUILD/checkstyle-5.6/target/site/apidocs/com/puppycrawl/tools/checkstyle/api/class-use/JavadocTagInfo.html...
Generating /builddir/build/BUILD/checkstyle-5.6/target/site/apidocs/com/puppycrawl/tools/checkstyle/api/class-use/JavadocTagInfo.Type.html...
Generating /builddir/build/BUILD/checkstyle-5.6/target/site/apidocs/com/puppycrawl/tools/checkstyle/api/class-use/TokenTypes.html...
Generating /builddir/build/BUILD/checkstyle-5.6/target/site/apidocs/com/puppycrawl/tools/checkstyle/api/class-use/AuditListener.html...
Generating /builddir/build/BUILD/checkstyle-5.6/target/site/apidocs/com/puppycrawl/tools/checkstyle/api/class-use/SeverityLevelCounter.html...
Generating /builddir/build/BUILD/checkstyle-5.6/target/site/apidocs/com/puppycrawl/tools/checkstyle/api/class-use/FilterSet.html...
Generating /builddir/build/BUILD/checkstyle-5.6/target/site/apidocs/com/puppycrawl/tools/checkstyle/api/class-use/AbstractLoader.html...
Generating /builddir/build/BUILD/checkstyle-5.6/target/site/apidocs/com/puppycrawl/tools/checkstyle/api/class-use/FullIdent.html...
Generating /builddir/build/BUILD/checkstyle-5.6/target/site/apidocs/com/puppycrawl/tools/checkstyle/api/class-use/AuditEvent.html...
Generating /builddir/build/BUILD/checkstyle-5.6/target/site/apidocs/com/puppycrawl/tools/checkstyle/api/class-use/Filter.html...
Generating /builddir/build/BUILD/checkstyle-5.6/target/site/apidocs/com/puppycrawl/tools/checkstyle/api/class-use/FastStack.html...
Generating /builddir/build/BUILD/checkstyle-5.6/target/site/apidocs/com/puppycrawl/tools/checkstyle/api/class-use/Scope.html...
Generating /builddir/build/BUILD/checkstyle-5.6/target/site/apidocs/com/puppycrawl/tools/checkstyle/api/class-use/MessageDispatcher.html...
Generating /builddir/build/BUILD/checkstyle-5.6/target/site/apidocs/com/puppycrawl/tools/checkstyle/api/class-use/FileSetCheck.html...
Generating /builddir/build/BUILD/checkstyle-5.6/target/site/apidocs/com/puppycrawl/tools/checkstyle/api/class-use/AbstractFileSetCheck.html...
Generating /builddir/build/BUILD/checkstyle-5.6/target/site/apidocs/com/puppycrawl/tools/checkstyle/api/class-use/LineColumn.html...
Generating /builddir/build/BUILD/checkstyle-5.6/target/site/apidocs/com/puppycrawl/tools/checkstyle/api/class-use/LocalizedMessage.html...
Generating /builddir/build/BUILD/checkstyle-5.6/target/site/apidocs/com/puppycrawl/tools/checkstyle/api/class-use/TextBlock.html...
Generating /builddir/build/BUILD/checkstyle-5.6/target/site/apidocs/com/puppycrawl/tools/checkstyle/api/class-use/FileText.html...
Generating /builddir/build/BUILD/checkstyle-5.6/target/site/apidocs/com/puppycrawl/tools/checkstyle/api/class-use/Context.html...
Generating /builddir/build/BUILD/checkstyle-5.6/target/site/apidocs/com/puppycrawl/tools/checkstyle/api/class-use/CheckstyleException.html...
Generating /builddir/build/BUILD/checkstyle-5.6/target/site/apidocs/com/puppycrawl/tools/checkstyle/api/class-use/Configuration.html...
Generating /builddir/build/BUILD/checkstyle-5.6/target/site/apidocs/com/puppycrawl/tools/checkstyle/api/class-use/SeverityLevel.html...
Generating /builddir/build/BUILD/checkstyle-5.6/target/site/apidocs/com/puppycrawl/tools/checkstyle/api/class-use/LocalizedMessages.html...
Generating /builddir/build/BUILD/checkstyle-5.6/target/site/apidocs/com/puppycrawl/tools/checkstyle/api/class-use/FileContents.html...
Generating /builddir/build/BUILD/checkstyle-5.6/target/site/apidocs/com/puppycrawl/tools/checkstyle/api/class-use/DetailAST.html...
Generating /builddir/build/BUILD/checkstyle-5.6/target/site/apidocs/com/puppycrawl/tools/checkstyle/api/class-use/Contextualizable.html...
Generating /builddir/build/BUILD/checkstyle-5.6/target/site/apidocs/com/puppycrawl/tools/checkstyle/api/class-use/Configurable.html...
Generating /builddir/build/BUILD/checkstyle-5.6/target/site/apidocs/com/puppycrawl/tools/checkstyle/api/class-use/AutomaticBean.html...
Generating /builddir/build/BUILD/checkstyle-5.6/target/site/apidocs/com/puppycrawl/tools/checkstyle/api/class-use/AbstractViolationReporter.html...
Generating /builddir/build/BUILD/checkstyle-5.6/target/site/apidocs/com/puppycrawl/tools/checkstyle/api/class-use/Check.html...
Generating /builddir/build/BUILD/checkstyle-5.6/target/site/apidocs/com/puppycrawl/tools/checkstyle/checks/annotation/class-use/PackageAnnotationCheck.html...
Generating /builddir/build/BUILD/checkstyle-5.6/target/site/apidocs/com/puppycrawl/tools/checkstyle/checks/annotation/class-use/MissingDeprecatedCheck.html...
Generating /builddir/build/BUILD/checkstyle-5.6/target/site/apidocs/com/puppycrawl/tools/checkstyle/checks/annotation/class-use/MissingOverrideCheck.html...
Generating /builddir/build/BUILD/checkstyle-5.6/target/site/apidocs/com/puppycrawl/tools/checkstyle/checks/annotation/class-use/SuppressWarningsCheck.html...
Generating /builddir/build/BUILD/checkstyle-5.6/target/site/apidocs/com/puppycrawl/tools/checkstyle/checks/annotation/class-use/AnnotationUseStyleCheck.html...
Generating /builddir/build/BUILD/checkstyle-5.6/target/site/apidocs/com/puppycrawl/tools/checkstyle/checks/annotation/class-use/AnnotationUseStyleCheck.ElementStyle.html...
Generating /builddir/build/BUILD/checkstyle-5.6/target/site/apidocs/com/puppycrawl/tools/checkstyle/checks/annotation/class-use/AnnotationUseStyleCheck.TrailingArrayComma.html...
Generating /builddir/build/BUILD/checkstyle-5.6/target/site/apidocs/com/puppycrawl/tools/checkstyle/checks/annotation/class-use/AnnotationUseStyleCheck.ClosingParens.html...
Generating /builddir/build/BUILD/checkstyle-5.6/target/site/apidocs/com/puppycrawl/tools/checkstyle/checks/blocks/class-use/RightCurlyCheck.html...
Generating /builddir/build/BUILD/checkstyle-5.6/target/site/apidocs/com/puppycrawl/tools/checkstyle/checks/blocks/class-use/AvoidNestedBlocksCheck.html...
Generating /builddir/build/BUILD/checkstyle-5.6/target/site/apidocs/com/puppycrawl/tools/checkstyle/checks/blocks/class-use/NeedBracesCheck.html...
Generating /builddir/build/BUILD/checkstyle-5.6/target/site/apidocs/com/puppycrawl/tools/checkstyle/checks/blocks/class-use/EmptyBlockCheck.html...
Generating /builddir/build/BUILD/checkstyle-5.6/target/site/apidocs/com/puppycrawl/tools/checkstyle/checks/blocks/class-use/RightCurlyOption.html...
Generating /builddir/build/BUILD/checkstyle-5.6/target/site/apidocs/com/puppycrawl/tools/checkstyle/checks/blocks/class-use/BlockOption.html...
Generating /builddir/build/BUILD/checkstyle-5.6/target/site/apidocs/com/puppycrawl/tools/checkstyle/checks/blocks/class-use/LeftCurlyCheck.html...
Generating /builddir/build/BUILD/checkstyle-5.6/target/site/apidocs/com/puppycrawl/tools/checkstyle/checks/blocks/class-use/LeftCurlyOption.html...
Generating /builddir/build/BUILD/checkstyle-5.6/target/site/apidocs/com/puppycrawl/tools/checkstyle/checks/coding/class-use/RequireThisCheck.html...
Generating /builddir/build/BUILD/checkstyle-5.6/target/site/apidocs/com/puppycrawl/tools/checkstyle/checks/coding/class-use/PackageDeclarationCheck.html...
Generating /builddir/build/BUILD/checkstyle-5.6/target/site/apidocs/com/puppycrawl/tools/checkstyle/checks/coding/class-use/IllegalThrowsCheck.html...
Generating /builddir/build/BUILD/checkstyle-5.6/target/site/apidocs/com/puppycrawl/tools/checkstyle/checks/coding/class-use/ArrayTrailingCommaCheck.html...
Generating /builddir/build/BUILD/checkstyle-5.6/target/site/apidocs/com/puppycrawl/tools/checkstyle/checks/coding/class-use/NoFinalizerCheck.html...
Generating /builddir/build/BUILD/checkstyle-5.6/target/site/apidocs/com/puppycrawl/tools/checkstyle/checks/coding/class-use/FinalLocalVariableCheck.html...
Generating /builddir/build/BUILD/checkstyle-5.6/target/site/apidocs/com/puppycrawl/tools/checkstyle/checks/coding/class-use/MissingCtorCheck.html...
Generating /builddir/build/BUILD/checkstyle-5.6/target/site/apidocs/com/puppycrawl/tools/checkstyle/checks/coding/class-use/SimplifyBooleanReturnCheck.html...
Generating /builddir/build/BUILD/checkstyle-5.6/target/site/apidocs/com/puppycrawl/tools/checkstyle/checks/coding/class-use/ExplicitInitializationCheck.html...
Generating /builddir/build/BUILD/checkstyle-5.6/target/site/apidocs/com/puppycrawl/tools/checkstyle/checks/coding/class-use/ReturnCountCheck.html...
Generating /builddir/build/BUILD/checkstyle-5.6/target/site/apidocs/com/puppycrawl/tools/checkstyle/checks/coding/class-use/IllegalTypeCheck.html...
Generating /builddir/build/BUILD/checkstyle-5.6/target/site/apidocs/com/puppycrawl/tools/checkstyle/checks/coding/class-use/ModifiedControlVariableCheck.html...
Generating /builddir/build/BUILD/checkstyle-5.6/target/site/apidocs/com/puppycrawl/tools/checkstyle/checks/coding/class-use/NestedForDepthCheck.html...
Generating /builddir/build/BUILD/checkstyle-5.6/target/site/apidocs/com/puppycrawl/tools/checkstyle/checks/coding/class-use/AvoidInlineConditionalsCheck.html...
Generating /builddir/build/BUILD/checkstyle-5.6/target/site/apidocs/com/puppycrawl/tools/checkstyle/checks/coding/class-use/RedundantThrowsCheck.html...
Generating /builddir/build/BUILD/checkstyle-5.6/target/site/apidocs/com/puppycrawl/tools/checkstyle/checks/coding/class-use/StringLiteralEqualityCheck.html...
Generating /builddir/build/BUILD/checkstyle-5.6/target/site/apidocs/com/puppycrawl/tools/checkstyle/checks/coding/class-use/FallThroughCheck.html...
Generating /builddir/build/BUILD/checkstyle-5.6/target/site/apidocs/com/puppycrawl/tools/checkstyle/checks/coding/class-use/SuperCloneCheck.html...
Generating /builddir/build/BUILD/checkstyle-5.6/target/site/apidocs/com/puppycrawl/tools/checkstyle/checks/coding/class-use/SuperFinalizeCheck.html...
Generating /builddir/build/BUILD/checkstyle-5.6/target/site/apidocs/com/puppycrawl/tools/checkstyle/checks/coding/class-use/IllegalTokenTextCheck.html...
Generating /builddir/build/BUILD/checkstyle-5.6/target/site/apidocs/com/puppycrawl/tools/checkstyle/checks/coding/class-use/NestedTryDepthCheck.html...
Generating /builddir/build/BUILD/checkstyle-5.6/target/site/apidocs/com/puppycrawl/tools/checkstyle/checks/coding/class-use/MultipleVariableDeclarationsCheck.html...
Generating /builddir/build/BUILD/checkstyle-5.6/target/site/apidocs/com/puppycrawl/tools/checkstyle/checks/coding/class-use/InnerAssignmentCheck.html...
Generating /builddir/build/BUILD/checkstyle-5.6/target/site/apidocs/com/puppycrawl/tools/checkstyle/checks/coding/class-use/MultipleStringLiteralsCheck.html...
Generating /builddir/build/BUILD/checkstyle-5.6/target/site/apidocs/com/puppycrawl/tools/checkstyle/checks/coding/class-use/DefaultComesLastCheck.html...
Generating /builddir/build/BUILD/checkstyle-5.6/target/site/apidocs/com/puppycrawl/tools/checkstyle/checks/coding/class-use/AbstractIllegalCheck.html...
Generating /builddir/build/BUILD/checkstyle-5.6/target/site/apidocs/com/puppycrawl/tools/checkstyle/checks/coding/class-use/IllegalCatchCheck.html...
Generating /builddir/build/BUILD/checkstyle-5.6/target/site/apidocs/com/puppycrawl/tools/checkstyle/checks/coding/class-use/AbstractSuperCheck.html...
Generating /builddir/build/BUILD/checkstyle-5.6/target/site/apidocs/com/puppycrawl/tools/checkstyle/checks/coding/class-use/EqualsAvoidNullCheck.html...
Generating /builddir/build/BUILD/checkstyle-5.6/target/site/apidocs/com/puppycrawl/tools/checkstyle/checks/coding/class-use/DeclarationOrderCheck.html...
Generating /builddir/build/BUILD/checkstyle-5.6/target/site/apidocs/com/puppycrawl/tools/checkstyle/checks/coding/class-use/OneStatementPerLineCheck.html...
Generating /builddir/build/BUILD/checkstyle-5.6/target/site/apidocs/com/puppycrawl/tools/checkstyle/checks/coding/class-use/EmptyStatementCheck.html...
Generating /builddir/build/BUILD/checkstyle-5.6/target/site/apidocs/com/puppycrawl/tools/checkstyle/checks/coding/class-use/AbstractIllegalMethodCheck.html...
Generating /builddir/build/BUILD/checkstyle-5.6/target/site/apidocs/com/puppycrawl/tools/checkstyle/checks/coding/class-use/NoCloneCheck.html...
Generating /builddir/build/BUILD/checkstyle-5.6/target/site/apidocs/com/puppycrawl/tools/checkstyle/checks/coding/class-use/ParameterAssignmentCheck.html...
Generating /builddir/build/BUILD/checkstyle-5.6/target/site/apidocs/com/puppycrawl/tools/checkstyle/checks/coding/class-use/IllegalTokenCheck.html...
Generating /builddir/build/BUILD/checkstyle-5.6/target/site/apidocs/com/puppycrawl/tools/checkstyle/checks/coding/class-use/MagicNumberCheck.html...
Generating /builddir/build/BUILD/checkstyle-5.6/target/site/apidocs/com/puppycrawl/tools/checkstyle/checks/coding/class-use/MissingSwitchDefaultCheck.html...
Generating /builddir/build/BUILD/checkstyle-5.6/target/site/apidocs/com/puppycrawl/tools/checkstyle/checks/coding/class-use/HiddenFieldCheck.html...
Generating /builddir/build/BUILD/checkstyle-5.6/target/site/apidocs/com/puppycrawl/tools/checkstyle/checks/coding/class-use/SimplifyBooleanExpressionCheck.html...
Generating /builddir/build/BUILD/checkstyle-5.6/target/site/apidocs/com/puppycrawl/tools/checkstyle/checks/coding/class-use/JUnitTestCaseCheck.html...
Generating /builddir/build/BUILD/checkstyle-5.6/target/site/apidocs/com/puppycrawl/tools/checkstyle/checks/coding/class-use/CovariantEqualsCheck.html...
Generating /builddir/build/BUILD/checkstyle-5.6/target/site/apidocs/com/puppycrawl/tools/checkstyle/checks/coding/class-use/EqualsHashCodeCheck.html...
Generating /builddir/build/BUILD/checkstyle-5.6/target/site/apidocs/com/puppycrawl/tools/checkstyle/checks/coding/class-use/NestedIfDepthCheck.html...
Generating /builddir/build/BUILD/checkstyle-5.6/target/site/apidocs/com/puppycrawl/tools/checkstyle/checks/coding/class-use/AbstractNestedDepthCheck.html...
Generating /builddir/build/BUILD/checkstyle-5.6/target/site/apidocs/com/puppycrawl/tools/checkstyle/checks/coding/class-use/IllegalInstantiationCheck.html...
Generating /builddir/build/BUILD/checkstyle-5.6/target/site/apidocs/com/puppycrawl/tools/checkstyle/checks/coding/class-use/UnnecessaryParenthesesCheck.html...
Generating /builddir/build/BUILD/checkstyle-5.6/target/site/apidocs/com/puppycrawl/tools/checkstyle/checks/design/class-use/DesignForExtensionCheck.html...
Generating /builddir/build/BUILD/checkstyle-5.6/target/site/apidocs/com/puppycrawl/tools/checkstyle/checks/design/class-use/InterfaceIsTypeCheck.html...
Generating /builddir/build/BUILD/checkstyle-5.6/target/site/apidocs/com/puppycrawl/tools/checkstyle/checks/design/class-use/ThrowsCountCheck.html...
Generating /builddir/build/BUILD/checkstyle-5.6/target/site/apidocs/com/puppycrawl/tools/checkstyle/checks/design/class-use/MutableExceptionCheck.html...
Generating /builddir/build/BUILD/checkstyle-5.6/target/site/apidocs/com/puppycrawl/tools/checkstyle/checks/design/class-use/InnerTypeLastCheck.html...
Generating /builddir/build/BUILD/checkstyle-5.6/target/site/apidocs/com/puppycrawl/tools/checkstyle/checks/design/class-use/HideUtilityClassConstructorCheck.html...
Generating /builddir/build/BUILD/checkstyle-5.6/target/site/apidocs/com/puppycrawl/tools/checkstyle/checks/design/class-use/FinalClassCheck.html...
Generating /builddir/build/BUILD/checkstyle-5.6/target/site/apidocs/com/puppycrawl/tools/checkstyle/checks/design/class-use/VisibilityModifierCheck.html...
Generating /builddir/build/BUILD/checkstyle-5.6/target/site/apidocs/com/puppycrawl/tools/checkstyle/checks/duplicates/class-use/StrictDuplicateCodeCheck.html...
Generating /builddir/build/BUILD/checkstyle-5.6/target/site/apidocs/com/puppycrawl/tools/checkstyle/checks/header/class-use/HeaderCheck.html...
Generating /builddir/build/BUILD/checkstyle-5.6/target/site/apidocs/com/puppycrawl/tools/checkstyle/checks/header/class-use/AbstractHeaderCheck.html...
Generating /builddir/build/BUILD/checkstyle-5.6/target/site/apidocs/com/puppycrawl/tools/checkstyle/checks/header/class-use/RegexpHeaderCheck.html...
Generating /builddir/build/BUILD/checkstyle-5.6/target/site/apidocs/com/puppycrawl/tools/checkstyle/checks/imports/class-use/AvoidStarImportCheck.html...
Generating /builddir/build/BUILD/checkstyle-5.6/target/site/apidocs/com/puppycrawl/tools/checkstyle/checks/imports/class-use/ImportControlCheck.html...
Generating /builddir/build/BUILD/checkstyle-5.6/target/site/apidocs/com/puppycrawl/tools/checkstyle/checks/imports/class-use/RedundantImportCheck.html...
Generating /builddir/build/BUILD/checkstyle-5.6/target/site/apidocs/com/puppycrawl/tools/checkstyle/checks/imports/class-use/AvoidStaticImportCheck.html...
Generating /builddir/build/BUILD/checkstyle-5.6/target/site/apidocs/com/puppycrawl/tools/checkstyle/checks/imports/class-use/UnusedImportsCheck.html...
Generating /builddir/build/BUILD/checkstyle-5.6/target/site/apidocs/com/puppycrawl/tools/checkstyle/checks/imports/class-use/ImportOrderOption.html...
Generating /builddir/build/BUILD/checkstyle-5.6/target/site/apidocs/com/puppycrawl/tools/checkstyle/checks/imports/class-use/ImportOrderCheck.html...
Generating /builddir/build/BUILD/checkstyle-5.6/target/site/apidocs/com/puppycrawl/tools/checkstyle/checks/imports/class-use/IllegalImportCheck.html...
Generating /builddir/build/BUILD/checkstyle-5.6/target/site/apidocs/com/puppycrawl/tools/checkstyle/checks/indentation/class-use/IfHandler.html...
Generating /builddir/build/BUILD/checkstyle-5.6/target/site/apidocs/com/puppycrawl/tools/checkstyle/checks/indentation/class-use/FinallyHandler.html...
Generating /builddir/build/BUILD/checkstyle-5.6/target/site/apidocs/com/puppycrawl/tools/checkstyle/checks/indentation/class-use/SlistHandler.html...
Generating /builddir/build/BUILD/checkstyle-5.6/target/site/apidocs/com/puppycrawl/tools/checkstyle/checks/indentation/class-use/MemberDefHandler.html...
Generating /builddir/build/BUILD/checkstyle-5.6/target/site/apidocs/com/puppycrawl/tools/checkstyle/checks/indentation/class-use/SwitchHandler.html...
Generating /builddir/build/BUILD/checkstyle-5.6/target/site/apidocs/com/puppycrawl/tools/checkstyle/checks/indentation/class-use/MethodDefHandler.html...
Generating /builddir/build/BUILD/checkstyle-5.6/target/site/apidocs/com/puppycrawl/tools/checkstyle/checks/indentation/class-use/MethodCallHandler.html...
Generating /builddir/build/BUILD/checkstyle-5.6/target/site/apidocs/com/puppycrawl/tools/checkstyle/checks/indentation/class-use/StaticInitHandler.html...
Generating /builddir/build/BUILD/checkstyle-5.6/target/site/apidocs/com/puppycrawl/tools/checkstyle/checks/indentation/class-use/PackageDefHandler.html...
Generating /builddir/build/BUILD/checkstyle-5.6/target/site/apidocs/com/puppycrawl/tools/checkstyle/checks/indentation/class-use/PrimordialHandler.html...
Generating /builddir/build/BUILD/checkstyle-5.6/target/site/apidocs/com/puppycrawl/tools/checkstyle/checks/indentation/class-use/TryHandler.html...
Generating /builddir/build/BUILD/checkstyle-5.6/target/site/apidocs/com/puppycrawl/tools/checkstyle/checks/indentation/class-use/ImportHandler.html...
Generating /builddir/build/BUILD/checkstyle-5.6/target/site/apidocs/com/puppycrawl/tools/checkstyle/checks/indentation/class-use/DoWhileHandler.html...
Generating /builddir/build/BUILD/checkstyle-5.6/target/site/apidocs/com/puppycrawl/tools/checkstyle/checks/indentation/class-use/CatchHandler.html...
Generating /builddir/build/BUILD/checkstyle-5.6/target/site/apidocs/com/puppycrawl/tools/checkstyle/checks/indentation/class-use/ElseHandler.html...
Generating /builddir/build/BUILD/checkstyle-5.6/target/site/apidocs/com/puppycrawl/tools/checkstyle/checks/indentation/class-use/ObjectBlockHandler.html...
Generating /builddir/build/BUILD/checkstyle-5.6/target/site/apidocs/com/puppycrawl/tools/checkstyle/checks/indentation/class-use/AssignHandler.html...
Generating /builddir/build/BUILD/checkstyle-5.6/target/site/apidocs/com/puppycrawl/tools/checkstyle/checks/indentation/class-use/ArrayInitHandler.html...
Generating /builddir/build/BUILD/checkstyle-5.6/target/site/apidocs/com/puppycrawl/tools/checkstyle/checks/indentation/class-use/WhileHandler.html...
Generating /builddir/build/BUILD/checkstyle-5.6/target/site/apidocs/com/puppycrawl/tools/checkstyle/checks/indentation/class-use/ForHandler.html...
Generating /builddir/build/BUILD/checkstyle-5.6/target/site/apidocs/com/puppycrawl/tools/checkstyle/checks/indentation/class-use/LabelHandler.html...
Generating /builddir/build/BUILD/checkstyle-5.6/target/site/apidocs/com/puppycrawl/tools/checkstyle/checks/indentation/class-use/CaseHandler.html...
Generating /builddir/build/BUILD/checkstyle-5.6/target/site/apidocs/com/puppycrawl/tools/checkstyle/checks/indentation/class-use/BlockParentHandler.html...
Generating /builddir/build/BUILD/checkstyle-5.6/target/site/apidocs/com/puppycrawl/tools/checkstyle/checks/indentation/class-use/ClassDefHandler.html...
Generating /builddir/build/BUILD/checkstyle-5.6/target/site/apidocs/com/puppycrawl/tools/checkstyle/checks/indentation/class-use/HandlerFactory.html...
Generating /builddir/build/BUILD/checkstyle-5.6/target/site/apidocs/com/puppycrawl/tools/checkstyle/checks/indentation/class-use/IndentLevel.html...
Generating /builddir/build/BUILD/checkstyle-5.6/target/site/apidocs/com/puppycrawl/tools/checkstyle/checks/indentation/class-use/IndentationCheck.html...
Generating /builddir/build/BUILD/checkstyle-5.6/target/site/apidocs/com/puppycrawl/tools/checkstyle/checks/indentation/class-use/ExpressionHandler.html...
Generating /builddir/build/BUILD/checkstyle-5.6/target/site/apidocs/com/puppycrawl/tools/checkstyle/checks/indentation/class-use/NewHandler.html...
Generating /builddir/build/BUILD/checkstyle-5.6/target/site/apidocs/com/puppycrawl/tools/checkstyle/checks/indentation/class-use/LineSet.html...
Generating /builddir/build/BUILD/checkstyle-5.6/target/site/apidocs/com/puppycrawl/tools/checkstyle/checks/javadoc/class-use/WriteTagCheck.html...
Generating /builddir/build/BUILD/checkstyle-5.6/target/site/apidocs/com/puppycrawl/tools/checkstyle/checks/javadoc/class-use/JavadocTypeCheck.html...
Generating /builddir/build/BUILD/checkstyle-5.6/target/site/apidocs/com/puppycrawl/tools/checkstyle/checks/javadoc/class-use/JavadocMethodCheck.html...
Generating /builddir/build/BUILD/checkstyle-5.6/target/site/apidocs/com/puppycrawl/tools/checkstyle/checks/javadoc/class-use/JavadocVariableCheck.html...
Generating /builddir/build/BUILD/checkstyle-5.6/target/site/apidocs/com/puppycrawl/tools/checkstyle/checks/javadoc/class-use/JavadocUtils.html...
Generating /builddir/build/BUILD/checkstyle-5.6/target/site/apidocs/com/puppycrawl/tools/checkstyle/checks/javadoc/class-use/JavadocUtils.JavadocTagType.html...
Generating /builddir/build/BUILD/checkstyle-5.6/target/site/apidocs/com/puppycrawl/tools/checkstyle/checks/javadoc/class-use/JavadocTag.html...
Generating /builddir/build/BUILD/checkstyle-5.6/target/site/apidocs/com/puppycrawl/tools/checkstyle/checks/javadoc/class-use/JavadocTags.html...
Generating /builddir/build/BUILD/checkstyle-5.6/target/site/apidocs/com/puppycrawl/tools/checkstyle/checks/javadoc/class-use/JavadocPackageCheck.html...
Generating /builddir/build/BUILD/checkstyle-5.6/target/site/apidocs/com/puppycrawl/tools/checkstyle/checks/javadoc/class-use/InvalidJavadocTag.html...
Generating /builddir/build/BUILD/checkstyle-5.6/target/site/apidocs/com/puppycrawl/tools/checkstyle/checks/javadoc/class-use/JavadocStyleCheck.html...
Generating /builddir/build/BUILD/checkstyle-5.6/target/site/apidocs/com/puppycrawl/tools/checkstyle/checks/metrics/class-use/BooleanExpressionComplexityCheck.html...
Generating /builddir/build/BUILD/checkstyle-5.6/target/site/apidocs/com/puppycrawl/tools/checkstyle/checks/metrics/class-use/JavaNCSSCheck.html...
Generating /builddir/build/BUILD/checkstyle-5.6/target/site/apidocs/com/puppycrawl/tools/checkstyle/checks/metrics/class-use/NPathComplexityCheck.html...
Generating /builddir/build/BUILD/checkstyle-5.6/target/site/apidocs/com/puppycrawl/tools/checkstyle/checks/metrics/class-use/ClassDataAbstractionCouplingCheck.html...
Generating /builddir/build/BUILD/checkstyle-5.6/target/site/apidocs/com/puppycrawl/tools/checkstyle/checks/metrics/class-use/ClassFanOutComplexityCheck.html...
Generating /builddir/build/BUILD/checkstyle-5.6/target/site/apidocs/com/puppycrawl/tools/checkstyle/checks/metrics/class-use/AbstractComplexityCheck.html...
Generating /builddir/build/BUILD/checkstyle-5.6/target/site/apidocs/com/puppycrawl/tools/checkstyle/checks/metrics/class-use/CyclomaticComplexityCheck.html...
Generating /builddir/build/BUILD/checkstyle-5.6/target/site/apidocs/com/puppycrawl/tools/checkstyle/checks/metrics/class-use/AbstractClassCouplingCheck.html...
Generating /builddir/build/BUILD/checkstyle-5.6/target/site/apidocs/com/puppycrawl/tools/checkstyle/checks/modifier/class-use/ModifierOrderCheck.html...
Generating /builddir/build/BUILD/checkstyle-5.6/target/site/apidocs/com/puppycrawl/tools/checkstyle/checks/modifier/class-use/RedundantModifierCheck.html...
Generating /builddir/build/BUILD/checkstyle-5.6/target/site/apidocs/com/puppycrawl/tools/checkstyle/checks/naming/class-use/MemberNameCheck.html...
Generating /builddir/build/BUILD/checkstyle-5.6/target/site/apidocs/com/puppycrawl/tools/checkstyle/checks/naming/class-use/LocalFinalVariableNameCheck.html...
Generating /builddir/build/BUILD/checkstyle-5.6/target/site/apidocs/com/puppycrawl/tools/checkstyle/checks/naming/class-use/ClassTypeParameterNameCheck.html...
Generating /builddir/build/BUILD/checkstyle-5.6/target/site/apidocs/com/puppycrawl/tools/checkstyle/checks/naming/class-use/MethodTypeParameterNameCheck.html...
Generating /builddir/build/BUILD/checkstyle-5.6/target/site/apidocs/com/puppycrawl/tools/checkstyle/checks/naming/class-use/TypeNameCheck.html...
Generating /builddir/build/BUILD/checkstyle-5.6/target/site/apidocs/com/puppycrawl/tools/checkstyle/checks/naming/class-use/MethodNameCheck.html...
Generating /builddir/build/BUILD/checkstyle-5.6/target/site/apidocs/com/puppycrawl/tools/checkstyle/checks/naming/class-use/LocalVariableNameCheck.html...
Generating /builddir/build/BUILD/checkstyle-5.6/target/site/apidocs/com/puppycrawl/tools/checkstyle/checks/naming/class-use/AbstractTypeParameterNameCheck.html...
Generating /builddir/build/BUILD/checkstyle-5.6/target/site/apidocs/com/puppycrawl/tools/checkstyle/checks/naming/class-use/PackageNameCheck.html...
Generating /builddir/build/BUILD/checkstyle-5.6/target/site/apidocs/com/puppycrawl/tools/checkstyle/checks/naming/class-use/ParameterNameCheck.html...
Generating /builddir/build/BUILD/checkstyle-5.6/target/site/apidocs/com/puppycrawl/tools/checkstyle/checks/naming/class-use/AbstractClassNameCheck.html...
Generating /builddir/build/BUILD/checkstyle-5.6/target/site/apidocs/com/puppycrawl/tools/checkstyle/checks/naming/class-use/StaticVariableNameCheck.html...
Generating /builddir/build/BUILD/checkstyle-5.6/target/site/apidocs/com/puppycrawl/tools/checkstyle/checks/naming/class-use/AbstractNameCheck.html...
Generating /builddir/build/BUILD/checkstyle-5.6/target/site/apidocs/com/puppycrawl/tools/checkstyle/checks/naming/class-use/AbstractAccessControlNameCheck.html...
Generating /builddir/build/BUILD/checkstyle-5.6/target/site/apidocs/com/puppycrawl/tools/checkstyle/checks/naming/class-use/ConstantNameCheck.html...
Generating /builddir/build/BUILD/checkstyle-5.6/target/site/apidocs/com/puppycrawl/tools/checkstyle/checks/regexp/class-use/RegexpSinglelineJavaCheck.html...
Generating /builddir/build/BUILD/checkstyle-5.6/target/site/apidocs/com/puppycrawl/tools/checkstyle/checks/regexp/class-use/RegexpSinglelineCheck.html...
Generating /builddir/build/BUILD/checkstyle-5.6/target/site/apidocs/com/puppycrawl/tools/checkstyle/checks/regexp/class-use/NeverSuppress.html...
Generating /builddir/build/BUILD/checkstyle-5.6/target/site/apidocs/com/puppycrawl/tools/checkstyle/checks/regexp/class-use/RegexpMultilineCheck.html...
Generating /builddir/build/BUILD/checkstyle-5.6/target/site/apidocs/com/puppycrawl/tools/checkstyle/checks/sizes/class-use/ParameterNumberCheck.html...
Generating /builddir/build/BUILD/checkstyle-5.6/target/site/apidocs/com/puppycrawl/tools/checkstyle/checks/sizes/class-use/OuterTypeNumberCheck.html...
Generating /builddir/build/BUILD/checkstyle-5.6/target/site/apidocs/com/puppycrawl/tools/checkstyle/checks/sizes/class-use/ExecutableStatementCountCheck.html...
Generating /builddir/build/BUILD/checkstyle-5.6/target/site/apidocs/com/puppycrawl/tools/checkstyle/checks/sizes/class-use/MethodLengthCheck.html...
Generating /builddir/build/BUILD/checkstyle-5.6/target/site/apidocs/com/puppycrawl/tools/checkstyle/checks/sizes/class-use/LineLengthCheck.html...
Generating /builddir/build/BUILD/checkstyle-5.6/target/site/apidocs/com/puppycrawl/tools/checkstyle/checks/sizes/class-use/MethodCountCheck.html...
Generating /builddir/build/BUILD/checkstyle-5.6/target/site/apidocs/com/puppycrawl/tools/checkstyle/checks/sizes/class-use/FileLengthCheck.html...
Generating /builddir/build/BUILD/checkstyle-5.6/target/site/apidocs/com/puppycrawl/tools/checkstyle/checks/sizes/class-use/AnonInnerLengthCheck.html...
Generating /builddir/build/BUILD/checkstyle-5.6/target/site/apidocs/com/puppycrawl/tools/checkstyle/checks/whitespace/class-use/EmptyForInitializerPadCheck.html...
Generating /builddir/build/BUILD/checkstyle-5.6/target/site/apidocs/com/puppycrawl/tools/checkstyle/checks/whitespace/class-use/TypecastParenPadCheck.html...
Generating /builddir/build/BUILD/checkstyle-5.6/target/site/apidocs/com/puppycrawl/tools/checkstyle/checks/whitespace/class-use/NoWhitespaceAfterCheck.html...
Generating /builddir/build/BUILD/checkstyle-5.6/target/site/apidocs/com/puppycrawl/tools/checkstyle/checks/whitespace/class-use/ParenPadCheck.html...
Generating /builddir/build/BUILD/checkstyle-5.6/target/site/apidocs/com/puppycrawl/tools/checkstyle/checks/whitespace/class-use/FileTabCharacterCheck.html...
Generating /builddir/build/BUILD/checkstyle-5.6/target/site/apidocs/com/puppycrawl/tools/checkstyle/checks/whitespace/class-use/GenericWhitespaceCheck.html...
Generating /builddir/build/BUILD/checkstyle-5.6/target/site/apidocs/com/puppycrawl/tools/checkstyle/checks/whitespace/class-use/OperatorWrapOption.html...
Generating /builddir/build/BUILD/checkstyle-5.6/target/site/apidocs/com/puppycrawl/tools/checkstyle/checks/whitespace/class-use/OperatorWrapCheck.html...
Generating /builddir/build/BUILD/checkstyle-5.6/target/site/apidocs/com/puppycrawl/tools/checkstyle/checks/whitespace/class-use/NoWhitespaceBeforeCheck.html...
Generating /builddir/build/BUILD/checkstyle-5.6/target/site/apidocs/com/puppycrawl/tools/checkstyle/checks/whitespace/class-use/EmptyForIteratorPadCheck.html...
Generating /builddir/build/BUILD/checkstyle-5.6/target/site/apidocs/com/puppycrawl/tools/checkstyle/checks/whitespace/class-use/PadOption.html...
Generating /builddir/build/BUILD/checkstyle-5.6/target/site/apidocs/com/puppycrawl/tools/checkstyle/checks/whitespace/class-use/MethodParamPadCheck.html...
Generating /builddir/build/BUILD/checkstyle-5.6/target/site/apidocs/com/puppycrawl/tools/checkstyle/checks/whitespace/class-use/WhitespaceAroundCheck.html...
Generating /builddir/build/BUILD/checkstyle-5.6/target/site/apidocs/com/puppycrawl/tools/checkstyle/checks/whitespace/class-use/WhitespaceAfterCheck.html...
Generating /builddir/build/BUILD/checkstyle-5.6/target/site/apidocs/com/puppycrawl/tools/checkstyle/checks/class-use/TodoCommentCheck.html...
Generating /builddir/build/BUILD/checkstyle-5.6/target/site/apidocs/com/puppycrawl/tools/checkstyle/checks/class-use/OuterTypeFilenameCheck.html...
Generating /builddir/build/BUILD/checkstyle-5.6/target/site/apidocs/com/puppycrawl/tools/checkstyle/checks/class-use/RegexpCheck.html...
Generating /builddir/build/BUILD/checkstyle-5.6/target/site/apidocs/com/puppycrawl/tools/checkstyle/checks/class-use/FinalParametersCheck.html...
Generating /builddir/build/BUILD/checkstyle-5.6/target/site/apidocs/com/puppycrawl/tools/checkstyle/checks/class-use/NewlineAtEndOfFileCheck.html...
Generating /builddir/build/BUILD/checkstyle-5.6/target/site/apidocs/com/puppycrawl/tools/checkstyle/checks/class-use/AbstractTypeAwareCheck.html...
Generating /builddir/build/BUILD/checkstyle-5.6/target/site/apidocs/com/puppycrawl/tools/checkstyle/checks/class-use/AbstractTypeAwareCheck.ClassInfo.html...
Generating /builddir/build/BUILD/checkstyle-5.6/target/site/apidocs/com/puppycrawl/tools/checkstyle/checks/class-use/AbstractTypeAwareCheck.Token.html...
Generating /builddir/build/BUILD/checkstyle-5.6/target/site/apidocs/com/puppycrawl/tools/checkstyle/checks/class-use/LineSeparatorOption.html...
Generating /builddir/build/BUILD/checkstyle-5.6/target/site/apidocs/com/puppycrawl/tools/checkstyle/checks/class-use/UncommentedMainCheck.html...
Generating /builddir/build/BUILD/checkstyle-5.6/target/site/apidocs/com/puppycrawl/tools/checkstyle/checks/class-use/TrailingCommentCheck.html...
Generating /builddir/build/BUILD/checkstyle-5.6/target/site/apidocs/com/puppycrawl/tools/checkstyle/checks/class-use/DeclarationCollector.html...
Generating /builddir/build/BUILD/checkstyle-5.6/target/site/apidocs/com/puppycrawl/tools/checkstyle/checks/class-use/TranslationCheck.html...
Generating /builddir/build/BUILD/checkstyle-5.6/target/site/apidocs/com/puppycrawl/tools/checkstyle/checks/class-use/UpperEllCheck.html...
Generating /builddir/build/BUILD/checkstyle-5.6/target/site/apidocs/com/puppycrawl/tools/checkstyle/checks/class-use/ArrayTypeStyleCheck.html...
Generating /builddir/build/BUILD/checkstyle-5.6/target/site/apidocs/com/puppycrawl/tools/checkstyle/checks/class-use/CheckUtils.html...
Generating /builddir/build/BUILD/checkstyle-5.6/target/site/apidocs/com/puppycrawl/tools/checkstyle/checks/class-use/ClassResolver.html...
Generating /builddir/build/BUILD/checkstyle-5.6/target/site/apidocs/com/puppycrawl/tools/checkstyle/checks/class-use/FileContentsHolder.html...
Generating /builddir/build/BUILD/checkstyle-5.6/target/site/apidocs/com/puppycrawl/tools/checkstyle/checks/class-use/DescendantTokenCheck.html...
Generating /builddir/build/BUILD/checkstyle-5.6/target/site/apidocs/com/puppycrawl/tools/checkstyle/checks/class-use/AbstractOptionCheck.html...
Generating /builddir/build/BUILD/checkstyle-5.6/target/site/apidocs/com/puppycrawl/tools/checkstyle/checks/class-use/AbstractFormatCheck.html...
Generating /builddir/build/BUILD/checkstyle-5.6/target/site/apidocs/com/puppycrawl/tools/checkstyle/doclets/class-use/TokenTypesDoclet.html...
Generating /builddir/build/BUILD/checkstyle-5.6/target/site/apidocs/com/puppycrawl/tools/checkstyle/doclets/class-use/CheckDocsDoclet.html...
Generating /builddir/build/BUILD/checkstyle-5.6/target/site/apidocs/com/puppycrawl/tools/checkstyle/filters/class-use/SuppressElement.html...
Generating /builddir/build/BUILD/checkstyle-5.6/target/site/apidocs/com/puppycrawl/tools/checkstyle/filters/class-use/SeverityMatchFilter.html...
Generating /builddir/build/BUILD/checkstyle-5.6/target/site/apidocs/com/puppycrawl/tools/checkstyle/filters/class-use/SuppressWithNearbyCommentFilter.html...
Generating /builddir/build/BUILD/checkstyle-5.6/target/site/apidocs/com/puppycrawl/tools/checkstyle/filters/class-use/SuppressWithNearbyCommentFilter.Tag.html...
Generating /builddir/build/BUILD/checkstyle-5.6/target/site/apidocs/com/puppycrawl/tools/checkstyle/filters/class-use/SuppressionFilter.html...
Generating /builddir/build/BUILD/checkstyle-5.6/target/site/apidocs/com/puppycrawl/tools/checkstyle/filters/class-use/SuppressionsLoader.html...
Generating /builddir/build/BUILD/checkstyle-5.6/target/site/apidocs/com/puppycrawl/tools/checkstyle/filters/class-use/SuppressionCommentFilter.html...
Generating /builddir/build/BUILD/checkstyle-5.6/target/site/apidocs/com/puppycrawl/tools/checkstyle/filters/class-use/SuppressionCommentFilter.Tag.html...
Generating /builddir/build/BUILD/checkstyle-5.6/target/site/apidocs/com/puppycrawl/tools/checkstyle/grammars/class-use/GeneratedJavaLexer.html...
Generating /builddir/build/BUILD/checkstyle-5.6/target/site/apidocs/com/puppycrawl/tools/checkstyle/grammars/class-use/GeneratedJavaTokenTypes.html...
Generating /builddir/build/BUILD/checkstyle-5.6/target/site/apidocs/com/puppycrawl/tools/checkstyle/grammars/class-use/GeneratedJavaRecognizer.html...
Generating /builddir/build/BUILD/checkstyle-5.6/target/site/apidocs/com/puppycrawl/tools/checkstyle/grammars/class-use/CommentListener.html...
Generating /builddir/build/BUILD/checkstyle-5.6/target/site/apidocs/com/puppycrawl/tools/checkstyle/gui/class-use/TreeTableModelAdapter.html...
Generating /builddir/build/BUILD/checkstyle-5.6/target/site/apidocs/com/puppycrawl/tools/checkstyle/gui/class-use/CodeSelector.html...
Generating /builddir/build/BUILD/checkstyle-5.6/target/site/apidocs/com/puppycrawl/tools/checkstyle/gui/class-use/AbstractCellEditor.html...
Generating /builddir/build/BUILD/checkstyle-5.6/target/site/apidocs/com/puppycrawl/tools/checkstyle/gui/class-use/Main.html...
Generating /builddir/build/BUILD/checkstyle-5.6/target/site/apidocs/com/puppycrawl/tools/checkstyle/gui/class-use/TreeTableModel.html...
Generating /builddir/build/BUILD/checkstyle-5.6/target/site/apidocs/com/puppycrawl/tools/checkstyle/gui/class-use/AbstractTreeTableModel.html...
Generating /builddir/build/BUILD/checkstyle-5.6/target/site/apidocs/com/puppycrawl/tools/checkstyle/gui/class-use/ParseTreeModel.html...
Generating /builddir/build/BUILD/checkstyle-5.6/target/site/apidocs/com/puppycrawl/tools/checkstyle/gui/class-use/JTreeTable.html...
Generating /builddir/build/BUILD/checkstyle-5.6/target/site/apidocs/com/puppycrawl/tools/checkstyle/gui/class-use/JTreeTable.TreeTableCellEditor.html...
Generating /builddir/build/BUILD/checkstyle-5.6/target/site/apidocs/com/puppycrawl/tools/checkstyle/gui/class-use/ParseTreeInfoPanel.html...
Generating /builddir/build/BUILD/checkstyle-5.6/target/site/apidocs/com/puppycrawl/tools/checkstyle/class-use/Defn.html...
Generating /builddir/build/BUILD/checkstyle-5.6/target/site/apidocs/com/puppycrawl/tools/checkstyle/class-use/CheckStyleTask.html...
Generating /builddir/build/BUILD/checkstyle-5.6/target/site/apidocs/com/puppycrawl/tools/checkstyle/class-use/CheckStyleTask.FormatterType.html...
Generating /builddir/build/BUILD/checkstyle-5.6/target/site/apidocs/com/puppycrawl/tools/checkstyle/class-use/CheckStyleTask.Formatter.html...
Generating /builddir/build/BUILD/checkstyle-5.6/target/site/apidocs/com/puppycrawl/tools/checkstyle/class-use/CheckStyleTask.Property.html...
Generating /builddir/build/BUILD/checkstyle-5.6/target/site/apidocs/com/puppycrawl/tools/checkstyle/class-use/CheckStyleTask.Listener.html...
Generating /builddir/build/BUILD/checkstyle-5.6/target/site/apidocs/com/puppycrawl/tools/checkstyle/class-use/DefaultLogger.html...
Generating /builddir/build/BUILD/checkstyle-5.6/target/site/apidocs/com/puppycrawl/tools/checkstyle/class-use/Main.html...
Generating /builddir/build/BUILD/checkstyle-5.6/target/site/apidocs/com/puppycrawl/tools/checkstyle/class-use/DefaultContext.html...
Generating /builddir/build/BUILD/checkstyle-5.6/target/site/apidocs/com/puppycrawl/tools/checkstyle/class-use/DefaultConfiguration.html...
Generating /builddir/build/BUILD/checkstyle-5.6/target/site/apidocs/com/puppycrawl/tools/checkstyle/class-use/ConfigurationLoader.html...
Generating /builddir/build/BUILD/checkstyle-5.6/target/site/apidocs/com/puppycrawl/tools/checkstyle/class-use/XMLLogger.html...
Generating /builddir/build/BUILD/checkstyle-5.6/target/site/apidocs/com/puppycrawl/tools/checkstyle/class-use/TreeWalker.html...
Generating /builddir/build/BUILD/checkstyle-5.6/target/site/apidocs/com/puppycrawl/tools/checkstyle/class-use/Checker.html...
Generating /builddir/build/BUILD/checkstyle-5.6/target/site/apidocs/com/puppycrawl/tools/checkstyle/class-use/PackageNamesLoader.html...
Generating /builddir/build/BUILD/checkstyle-5.6/target/site/apidocs/com/puppycrawl/tools/checkstyle/class-use/PropertyResolver.html...
Generating /builddir/build/BUILD/checkstyle-5.6/target/site/apidocs/com/puppycrawl/tools/checkstyle/class-use/PropertiesExpander.html...
Generating /builddir/build/BUILD/checkstyle-5.6/target/site/apidocs/com/puppycrawl/tools/checkstyle/class-use/ModuleFactory.html...
Generating /builddir/build/BUILD/checkstyle-5.6/target/site/apidocs/com/puppycrawl/tools/checkstyle/package-use.html...
Generating /builddir/build/BUILD/checkstyle-5.6/target/site/apidocs/com/puppycrawl/tools/checkstyle/api/package-use.html...
Generating /builddir/build/BUILD/checkstyle-5.6/target/site/apidocs/com/puppycrawl/tools/checkstyle/checks/package-use.html...
Generating /builddir/build/BUILD/checkstyle-5.6/target/site/apidocs/com/puppycrawl/tools/checkstyle/checks/annotation/package-use.html...
Generating /builddir/build/BUILD/checkstyle-5.6/target/site/apidocs/com/puppycrawl/tools/checkstyle/checks/blocks/package-use.html...
Generating /builddir/build/BUILD/checkstyle-5.6/target/site/apidocs/com/puppycrawl/tools/checkstyle/checks/coding/package-use.html...
Generating /builddir/build/BUILD/checkstyle-5.6/target/site/apidocs/com/puppycrawl/tools/checkstyle/checks/design/package-use.html...
Generating /builddir/build/BUILD/checkstyle-5.6/target/site/apidocs/com/puppycrawl/tools/checkstyle/checks/duplicates/package-use.html...
Generating /builddir/build/BUILD/checkstyle-5.6/target/site/apidocs/com/puppycrawl/tools/checkstyle/checks/header/package-use.html...
Generating /builddir/build/BUILD/checkstyle-5.6/target/site/apidocs/com/puppycrawl/tools/checkstyle/checks/imports/package-use.html...
Generating /builddir/build/BUILD/checkstyle-5.6/target/site/apidocs/com/puppycrawl/tools/checkstyle/checks/indentation/package-use.html...
Generating /builddir/build/BUILD/checkstyle-5.6/target/site/apidocs/com/puppycrawl/tools/checkstyle/checks/javadoc/package-use.html...
Generating /builddir/build/BUILD/checkstyle-5.6/target/site/apidocs/com/puppycrawl/tools/checkstyle/checks/metrics/package-use.html...
Generating /builddir/build/BUILD/checkstyle-5.6/target/site/apidocs/com/puppycrawl/tools/checkstyle/checks/modifier/package-use.html...
Generating /builddir/build/BUILD/checkstyle-5.6/target/site/apidocs/com/puppycrawl/tools/checkstyle/checks/naming/package-use.html...
Generating /builddir/build/BUILD/checkstyle-5.6/target/site/apidocs/com/puppycrawl/tools/checkstyle/checks/regexp/package-use.html...
Generating /builddir/build/BUILD/checkstyle-5.6/target/site/apidocs/com/puppycrawl/tools/checkstyle/checks/sizes/package-use.html...
Generating /builddir/build/BUILD/checkstyle-5.6/target/site/apidocs/com/puppycrawl/tools/checkstyle/checks/whitespace/package-use.html...
Generating /builddir/build/BUILD/checkstyle-5.6/target/site/apidocs/com/puppycrawl/tools/checkstyle/doclets/package-use.html...
Generating /builddir/build/BUILD/checkstyle-5.6/target/site/apidocs/com/puppycrawl/tools/checkstyle/filters/package-use.html...
Generating /builddir/build/BUILD/checkstyle-5.6/target/site/apidocs/com/puppycrawl/tools/checkstyle/grammars/package-use.html...
Generating /builddir/build/BUILD/checkstyle-5.6/target/site/apidocs/com/puppycrawl/tools/checkstyle/gui/package-use.html...
Building index for all the packages and classes...
Generating /builddir/build/BUILD/checkstyle-5.6/target/site/apidocs/overview-tree.html...
Generating /builddir/build/BUILD/checkstyle-5.6/target/site/apidocs/index-all.html...
Generating /builddir/build/BUILD/checkstyle-5.6/target/site/apidocs/deprecated-list.html...
Building index for all classes...
Generating /builddir/build/BUILD/checkstyle-5.6/target/site/apidocs/allclasses-frame.html...
Generating /builddir/build/BUILD/checkstyle-5.6/target/site/apidocs/allclasses-noframe.html...
Generating /builddir/build/BUILD/checkstyle-5.6/target/site/apidocs/index.html...
Generating /builddir/build/BUILD/checkstyle-5.6/target/site/apidocs/overview-summary.html...
Generating /builddir/build/BUILD/checkstyle-5.6/target/site/apidocs/help-doc.html...
1 warning
[WARNING] Javadoc Warnings
[WARNING] /builddir/build/BUILD/checkstyle-5.6/src/checkstyle/com/puppycrawl/tools/checkstyle/checks/javadoc/JavadocStyleCheck.java:175: warning - Tag @see: can't find checkFirstSentence(TextBlock) in com.puppycrawl.tools.checkstyle.checks.javadoc.JavadocStyleCheck
[INFO] 
[INFO] --- xmvn-mojo:0.5.0:builddep (default-cli) @ checkstyle ---
[INFO] ------------------------------------------------------------------------
[INFO] BUILD SUCCESS
[INFO] ------------------------------------------------------------------------
[INFO] Total time: 23.467s
[INFO] Finished at: Sun Aug 10 12:42:47 UTC 2014
[INFO] Final Memory: 45M/1301M
[INFO] ------------------------------------------------------------------------
+ exit 0
Executing(%install): /bin/sh -e /var/tmp/rpm-tmp.wytGCt
+ umask 022
+ cd /builddir/build/BUILD
+ '[' /builddir/build/BUILDROOT/checkstyle-5.6-5.el7.centos.noarch '!=' / ']'
+ rm -rf /builddir/build/BUILDROOT/checkstyle-5.6-5.el7.centos.noarch
++ dirname /builddir/build/BUILDROOT/checkstyle-5.6-5.el7.centos.noarch
+ mkdir -p /builddir/build/BUILDROOT
+ mkdir /builddir/build/BUILDROOT/checkstyle-5.6-5.el7.centos.noarch
+ cd checkstyle-5.6
+ '[' -d .xmvn/root ']'
+ cp -pr .xmvn/root/usr /builddir/build/BUILDROOT/checkstyle-5.6-5.el7.centos.noarch
+ '[' -d target/site/apidocs ']'
+ install -dm755 /builddir/build/BUILDROOT/checkstyle-5.6-5.el7.centos.noarch//usr/share/javadoc/checkstyle
+ cp -pr target/site/apidocs/allclasses-frame.html target/site/apidocs/allclasses-noframe.html target/site/apidocs/com target/site/apidocs/constant-values.html target/site/apidocs/deprecated-list.html target/site/apidocs/help-doc.html target/site/apidocs/index-all.html target/site/apidocs/index.html target/site/apidocs/overview-frame.html target/site/apidocs/overview-summary.html target/site/apidocs/overview-tree.html target/site/apidocs/package-list target/site/apidocs/resources target/site/apidocs/serialized-form.html target/site/apidocs/stylesheet.css /builddir/build/BUILDROOT/checkstyle-5.6-5.el7.centos.noarch/usr/share/javadoc/checkstyle
+ echo //usr/share/javadoc/checkstyle
+ install -d -m 755 /builddir/build/BUILDROOT/checkstyle-5.6-5.el7.centos.noarch/usr/bin
+ cat
+ chmod 755 /builddir/build/BUILDROOT/checkstyle-5.6-5.el7.centos.noarch/usr/bin/checkstyle
+ install -Dm 644 /builddir/build/SOURCES/checkstyle.catalog /builddir/build/BUILDROOT/checkstyle-5.6-5.el7.centos.noarch/usr/share/xml/checkstyle/catalog
+ cp -pa src/checkstyle/com/puppycrawl/tools/checkstyle/configuration_1_0.dtd src/checkstyle/com/puppycrawl/tools/checkstyle/configuration_1_1.dtd src/checkstyle/com/puppycrawl/tools/checkstyle/configuration_1_2.dtd src/checkstyle/com/puppycrawl/tools/checkstyle/configuration_1_3.dtd src/checkstyle/com/puppycrawl/tools/checkstyle/packages_1_0.dtd src/checkstyle/com/puppycrawl/tools/checkstyle/suppressions_1_0.dtd src/checkstyle/com/puppycrawl/tools/checkstyle/suppressions_1_1.dtd /builddir/build/BUILDROOT/checkstyle-5.6-5.el7.centos.noarch/usr/share/xml/checkstyle
+ install -dm 755 /builddir/build/BUILDROOT/checkstyle-5.6-5.el7.centos.noarch/usr/share/javadoc/checkstyle
+ cp -par target/site/apidocs/allclasses-frame.html target/site/apidocs/allclasses-noframe.html target/site/apidocs/com target/site/apidocs/constant-values.html target/site/apidocs/deprecated-list.html target/site/apidocs/help-doc.html target/site/apidocs/index-all.html target/site/apidocs/index.html target/site/apidocs/overview-frame.html target/site/apidocs/overview-summary.html target/site/apidocs/overview-tree.html target/site/apidocs/package-list target/site/apidocs/resources target/site/apidocs/serialized-form.html target/site/apidocs/stylesheet.css /builddir/build/BUILDROOT/checkstyle-5.6-5.el7.centos.noarch/usr/share/javadoc/checkstyle
+ install -dm 755 /builddir/build/BUILDROOT/checkstyle-5.6-5.el7.centos.noarch/usr/share/checkstyle
+ cp -par contrib/JavadocCheckDefault.java contrib/bcel contrib/checkstyle-author.xsl contrib/checkstyle-csv.xsl contrib/checkstyle-frames-errors.xsl contrib/checkstyle-frames.xsl contrib/checkstyle-noframes-severity-sorted.xsl contrib/checkstyle-noframes-sorted.xsl contrib/checkstyle-noframes.xsl contrib/checkstyle-simple.xsl contrib/checkstyle-text.xsl contrib/examples contrib/hooks contrib/usage /builddir/build/BUILDROOT/checkstyle-5.6-5.el7.centos.noarch/usr/share/checkstyle
+ install -dm 755 /builddir/build/BUILDROOT/checkstyle-5.6-5.el7.centos.noarch/etc/ant.d
+ cat
+ /usr/lib/rpm/find-debuginfo.sh --strict-build-id -m --run-dwz --dwz-low-mem-die-limit 10000000 --dwz-max-die-limit 50000000 /builddir/build/BUILD/checkstyle-5.6
+ /usr/lib/rpm/check-buildroot
+ /usr/lib/rpm/redhat/brp-compress
+ /usr/lib/rpm/redhat/brp-strip-static-archive /usr/bin/strip
+ /usr/lib/rpm/brp-python-bytecompile /usr/bin/python 1
+ /usr/lib/rpm/redhat/brp-python-hardlink
+ /usr/lib/rpm/redhat/brp-java-repack-jars
Processing files: checkstyle-5.6-5.el7.centos.noarch
Executing(%doc): /bin/sh -e /var/tmp/rpm-tmp.t0HRpx
+ umask 022
+ cd /builddir/build/BUILD
+ cd checkstyle-5.6
+ DOCDIR=/builddir/build/BUILDROOT/checkstyle-5.6-5.el7.centos.noarch/usr/share/doc/checkstyle-5.6
+ export DOCDIR
+ /usr/bin/mkdir -p /builddir/build/BUILDROOT/checkstyle-5.6-5.el7.centos.noarch/usr/share/doc/checkstyle-5.6
+ cp -pr LICENSE /builddir/build/BUILDROOT/checkstyle-5.6-5.el7.centos.noarch/usr/share/doc/checkstyle-5.6
+ cp -pr README /builddir/build/BUILDROOT/checkstyle-5.6-5.el7.centos.noarch/usr/share/doc/checkstyle-5.6
+ cp -pr checkstyle_checks.xml /builddir/build/BUILDROOT/checkstyle-5.6-5.el7.centos.noarch/usr/share/doc/checkstyle-5.6
+ cp -pr java.header /builddir/build/BUILDROOT/checkstyle-5.6-5.el7.centos.noarch/usr/share/doc/checkstyle-5.6
+ cp -pr sun_checks.xml /builddir/build/BUILDROOT/checkstyle-5.6-5.el7.centos.noarch/usr/share/doc/checkstyle-5.6
+ cp -pr suppressions.xml /builddir/build/BUILDROOT/checkstyle-5.6-5.el7.centos.noarch/usr/share/doc/checkstyle-5.6
+ exit 0
Provides: checkstyle = 5.6-5.el7.centos config(checkstyle) = 5.6-5.el7.centos mvn(com.puppycrawl.tools:checkstyle) = 5.6
Requires(interp): /bin/sh /bin/sh
Requires(rpmlib): rpmlib(CompressedFileNames) <= 3.0.4-1 rpmlib(FileDigests) <= 4.6.0-1 rpmlib(PayloadFilesHavePrefix) <= 4.0-1
Requires(post): /bin/sh
Requires(postun): /bin/sh
Requires: /bin/sh java >= 1.5 jpackage-utils mvn(antlr:antlr) mvn(com.google.collections:google-collections) mvn(commons-beanutils:commons-beanutils-core) mvn(commons-cli:commons-cli)
Obsoletes: checkstyle-optional < 5.6-5.el7.centos checkstyle-manual < 5.6-5.el7.centos
Processing files: checkstyle-demo-5.6-5.el7.centos.noarch
Provides: checkstyle-demo = 5.6-5.el7.centos
Requires(rpmlib): rpmlib(CompressedFileNames) <= 3.0.4-1 rpmlib(FileDigests) <= 4.6.0-1 rpmlib(PayloadFilesHavePrefix) <= 4.0-1
Processing files: checkstyle-javadoc-5.6-5.el7.centos.noarch
Executing(%doc): /bin/sh -e /var/tmp/rpm-tmp.otyRrD
+ umask 022
+ cd /builddir/build/BUILD
+ cd checkstyle-5.6
+ DOCDIR=/builddir/build/BUILDROOT/checkstyle-5.6-5.el7.centos.noarch/usr/share/doc/checkstyle-javadoc-5.6
+ export DOCDIR
+ /usr/bin/mkdir -p /builddir/build/BUILDROOT/checkstyle-5.6-5.el7.centos.noarch/usr/share/doc/checkstyle-javadoc-5.6
+ cp -pr LICENSE /builddir/build/BUILDROOT/checkstyle-5.6-5.el7.centos.noarch/usr/share/doc/checkstyle-javadoc-5.6
+ exit 0
Provides: checkstyle-javadoc = 5.6-5.el7.centos
Requires(rpmlib): rpmlib(CompressedFileNames) <= 3.0.4-1 rpmlib(FileDigests) <= 4.6.0-1 rpmlib(PayloadFilesHavePrefix) <= 4.0-1
Requires: jpackage-utils
Checking for unpackaged file(s): /usr/lib/rpm/check-files /builddir/build/BUILDROOT/checkstyle-5.6-5.el7.centos.noarch
Wrote: /builddir/build/RPMS/checkstyle-5.6-5.el7.centos.noarch.rpm
Wrote: /builddir/build/RPMS/checkstyle-demo-5.6-5.el7.centos.noarch.rpm
Wrote: /builddir/build/RPMS/checkstyle-javadoc-5.6-5.el7.centos.noarch.rpm
Executing(%clean): /bin/sh -e /var/tmp/rpm-tmp.PxvB5S
+ umask 022
+ cd /builddir/build/BUILD
+ cd checkstyle-5.6
+ /usr/bin/rm -rf /builddir/build/BUILDROOT/checkstyle-5.6-5.el7.centos.noarch
+ exit 0
Child return code was: 0
LEAVE do --> 

