Mock Version: 1.1.41
Mock Version: 1.1.41
ENTER do(['bash', '--login', '-c', 'rpmbuild -bs --target noarch --nodeps builddir/build/SPECS/jboss-modules.spec'], False, '/var/lib/mock/el7-build-147-88/root/', None, 86400, True, False, 996, 135, None, False, {'LANG': 'en_US.UTF-8', 'TERM': 'vt100', 'SHELL': '/bin/bash', 'HOSTNAME': 'mock', 'PROMPT_COMMAND': 'echo -n "<mock-chroot>"', 'HOME': '/builddir', 'PATH': '/usr/bin:/bin:/usr/sbin:/sbin'}, logger=<mockbuild.trace_decorator.getLog object at 0x2380e10>)
Executing command: ['bash', '--login', '-c', 'rpmbuild -bs --target noarch --nodeps builddir/build/SPECS/jboss-modules.spec'] with env {'LANG': 'en_US.UTF-8', 'TERM': 'vt100', 'SHELL': '/bin/bash', 'HOSTNAME': 'mock', 'PROMPT_COMMAND': 'echo -n "<mock-chroot>"', 'HOME': '/builddir', 'PATH': '/usr/bin:/bin:/usr/sbin:/sbin'}
warning: Could not canonicalize hostname: syseng01.internal.chango.com
Building target platforms: noarch
Building for target noarch
Wrote: /builddir/build/SRPMS/jboss-modules-1.1.1-9.el7.centos.src.rpm
Child return code was: 0
LEAVE do --> 

ENTER do(['bash', '--login', '-c', 'rpmbuild -bb --target noarch --nodeps  builddir/build/SPECS/jboss-modules.spec'], False, '/var/lib/mock/el7-build-147-88/root/', None, 86400, True, False, 996, 135, None, False, {'LANG': 'en_US.UTF-8', 'TERM': 'vt100', 'SHELL': '/bin/bash', 'HOSTNAME': 'mock', 'PROMPT_COMMAND': 'echo -n "<mock-chroot>"', 'HOME': '/builddir', 'PATH': '/usr/bin:/bin:/usr/sbin:/sbin'}, logger=<mockbuild.trace_decorator.getLog object at 0x2380e10>)
Executing command: ['bash', '--login', '-c', 'rpmbuild -bb --target noarch --nodeps  builddir/build/SPECS/jboss-modules.spec'] with env {'LANG': 'en_US.UTF-8', 'TERM': 'vt100', 'SHELL': '/bin/bash', 'HOSTNAME': 'mock', 'PROMPT_COMMAND': 'echo -n "<mock-chroot>"', 'HOME': '/builddir', 'PATH': '/usr/bin:/bin:/usr/sbin:/sbin'}
Building target platforms: noarch
Building for target noarch
Executing(%prep): /bin/sh -e /var/tmp/rpm-tmp.sOpYJP
+ umask 022
+ cd /builddir/build/BUILD
+ cd /builddir/build/BUILD
+ rm -rf jboss-modules-1.1.1.GA
+ /usr/bin/xz -dc /builddir/build/SOURCES/jboss-modules-1.1.1.GA.tar.xz
+ /usr/bin/tar -xf -
+ STATUS=0
+ '[' 0 -ne 0 ']'
+ cd jboss-modules-1.1.1.GA
+ /usr/bin/chmod -Rf a+rX,u+w,g-w,o-w .
+ echo 'Patch #0 (MODULES-128.patch):'
Patch #0 (MODULES-128.patch):
+ /usr/bin/cat /builddir/build/SOURCES/MODULES-128.patch
+ /usr/bin/patch -p1 --fuzz=0
patching file src/main/java/org/jboss/modules/Module.java
+ '[' 7 ']'
+ . /usr/share/java-utils/pom_editor.sh
+ pom_remove_plugin :maven-javadoc-plugin
+ set +x
+ exit 0
Executing(%build): /bin/sh -e /var/tmp/rpm-tmp.1reTca
+ umask 022
+ cd /builddir/build/BUILD
+ cd jboss-modules-1.1.1.GA
+ mvn-rpmbuild install javadoc:aggregate
***************************************************************
* WARNING!  mvn-rpmbuild is deprecated and it will be removed *
* in future.  Users should migrate to using %mvn_build macro  *
* or call XMvn directly if greater flexibility is required.   *
***************************************************************
[INFO] Scanning for projects...
[WARNING] Failed to resolve artifact: org.apache.maven.plugins:maven-clean-plugin:pom:2.4.1
[WARNING] The POM for org.apache.maven.plugins:maven-clean-plugin:jar:2.4.1 is missing, no dependency information available
[WARNING] Failed to retrieve plugin descriptor for org.apache.maven.plugins:maven-clean-plugin:2.4.1: Plugin org.apache.maven.plugins:maven-clean-plugin:2.4.1 or one of its dependencies could not be resolved: Failed to read artifact descriptor for org.apache.maven.plugins:maven-clean-plugin:jar:2.4.1
[WARNING] Failed to resolve artifact: org.apache.maven.plugins:maven-deploy-plugin:pom:2.5
[WARNING] The POM for org.apache.maven.plugins:maven-deploy-plugin:jar:2.5 is missing, no dependency information available
[WARNING] Failed to retrieve plugin descriptor for org.apache.maven.plugins:maven-deploy-plugin:2.5: Plugin org.apache.maven.plugins:maven-deploy-plugin:2.5 or one of its dependencies could not be resolved: Failed to read artifact descriptor for org.apache.maven.plugins:maven-deploy-plugin:jar:2.5
[WARNING] Failed to resolve artifact: org.codehaus.mojo:build-helper-maven-plugin:pom:1.5
[WARNING] The POM for org.codehaus.mojo:build-helper-maven-plugin:jar:1.5 is missing, no dependency information available
[WARNING] Failed to retrieve plugin descriptor for org.codehaus.mojo:build-helper-maven-plugin:1.5: Plugin org.codehaus.mojo:build-helper-maven-plugin:1.5 or one of its dependencies could not be resolved: Failed to read artifact descriptor for org.codehaus.mojo:build-helper-maven-plugin:jar:1.5
[WARNING] Failed to resolve artifact: org.apache.maven.plugins:maven-checkstyle-plugin:pom:2.5
[WARNING] The POM for org.apache.maven.plugins:maven-checkstyle-plugin:jar:2.5 is missing, no dependency information available
[WARNING] Failed to retrieve plugin descriptor for org.apache.maven.plugins:maven-checkstyle-plugin:2.5: Plugin org.apache.maven.plugins:maven-checkstyle-plugin:2.5 or one of its dependencies could not be resolved: Failed to read artifact descriptor for org.apache.maven.plugins:maven-checkstyle-plugin:jar:2.5
[WARNING] Failed to resolve artifact: org.apache.maven.plugins:maven-clean-plugin:pom:2.4.1
[WARNING] The POM for org.apache.maven.plugins:maven-clean-plugin:jar:2.4.1 is missing, no dependency information available
[WARNING] Failed to retrieve plugin descriptor for org.apache.maven.plugins:maven-clean-plugin:2.4.1: Plugin org.apache.maven.plugins:maven-clean-plugin:2.4.1 or one of its dependencies could not be resolved: Failed to read artifact descriptor for org.apache.maven.plugins:maven-clean-plugin:jar:2.4.1
[WARNING] Failed to resolve artifact: org.codehaus.mojo:cobertura-maven-plugin:pom:2.4
[WARNING] The POM for org.codehaus.mojo:cobertura-maven-plugin:jar:2.4 is missing, no dependency information available
[WARNING] Failed to retrieve plugin descriptor for org.codehaus.mojo:cobertura-maven-plugin:2.4: Plugin org.codehaus.mojo:cobertura-maven-plugin:2.4 or one of its dependencies could not be resolved: Failed to read artifact descriptor for org.codehaus.mojo:cobertura-maven-plugin:jar:2.4
[WARNING] Failed to resolve artifact: org.apache.maven.plugins:maven-dependency-plugin:pom:2.1
[WARNING] The POM for org.apache.maven.plugins:maven-dependency-plugin:jar:2.1 is missing, no dependency information available
[WARNING] Failed to retrieve plugin descriptor for org.apache.maven.plugins:maven-dependency-plugin:2.1: Plugin org.apache.maven.plugins:maven-dependency-plugin:2.1 or one of its dependencies could not be resolved: Failed to read artifact descriptor for org.apache.maven.plugins:maven-dependency-plugin:jar:2.1
[WARNING] Failed to resolve artifact: org.apache.maven.plugins:maven-deploy-plugin:pom:2.5
[WARNING] The POM for org.apache.maven.plugins:maven-deploy-plugin:jar:2.5 is missing, no dependency information available
[WARNING] Failed to retrieve plugin descriptor for org.apache.maven.plugins:maven-deploy-plugin:2.5: Plugin org.apache.maven.plugins:maven-deploy-plugin:2.5 or one of its dependencies could not be resolved: Failed to read artifact descriptor for org.apache.maven.plugins:maven-deploy-plugin:jar:2.5
[WARNING] Failed to resolve artifact: org.apache.maven.plugins:maven-ear-plugin:pom:2.4.2
[WARNING] The POM for org.apache.maven.plugins:maven-ear-plugin:jar:2.4.2 is missing, no dependency information available
[WARNING] Failed to retrieve plugin descriptor for org.apache.maven.plugins:maven-ear-plugin:2.4.2: Plugin org.apache.maven.plugins:maven-ear-plugin:2.4.2 or one of its dependencies could not be resolved: Failed to read artifact descriptor for org.apache.maven.plugins:maven-ear-plugin:jar:2.4.2
[WARNING] Failed to resolve artifact: org.apache.maven.plugins:maven-eclipse-plugin:pom:2.8
[WARNING] The POM for org.apache.maven.plugins:maven-eclipse-plugin:jar:2.8 is missing, no dependency information available
[WARNING] Failed to retrieve plugin descriptor for org.apache.maven.plugins:maven-eclipse-plugin:2.8: Plugin org.apache.maven.plugins:maven-eclipse-plugin:2.8 or one of its dependencies could not be resolved: Failed to read artifact descriptor for org.apache.maven.plugins:maven-eclipse-plugin:jar:2.8
[WARNING] Failed to resolve artifact: org.apache.maven.plugins:maven-ejb-plugin:pom:2.2.1
[WARNING] The POM for org.apache.maven.plugins:maven-ejb-plugin:jar:2.2.1 is missing, no dependency information available
[WARNING] Failed to retrieve plugin descriptor for org.apache.maven.plugins:maven-ejb-plugin:2.2.1: Plugin org.apache.maven.plugins:maven-ejb-plugin:2.2.1 or one of its dependencies could not be resolved: Failed to read artifact descriptor for org.apache.maven.plugins:maven-ejb-plugin:jar:2.2.1
[WARNING] Failed to resolve artifact: org.apache.maven.plugins:maven-idea-plugin:pom:2.2
[WARNING] The POM for org.apache.maven.plugins:maven-idea-plugin:jar:2.2 is missing, no dependency information available
[WARNING] Failed to retrieve plugin descriptor for org.apache.maven.plugins:maven-idea-plugin:2.2: Plugin org.apache.maven.plugins:maven-idea-plugin:2.2 or one of its dependencies could not be resolved: Failed to read artifact descriptor for org.apache.maven.plugins:maven-idea-plugin:jar:2.2
[INFO]                                                                         
[INFO] ------------------------------------------------------------------------
[INFO] Building JBoss Modules 1.1.1.GA
[INFO] ------------------------------------------------------------------------
[INFO] 
[INFO] --- maven-enforcer-plugin:1.2:enforce (enforce-java-version) @ jboss-modules ---
[INFO] 
[INFO] --- maven-enforcer-plugin:1.2:enforce (enforce-maven-version) @ jboss-modules ---
[INFO] 
[INFO] --- maven-enforcer-plugin:1.2:enforce (enforce-java-7-version) @ jboss-modules ---
[INFO] 
[INFO] --- maven-resources-plugin:2.6:resources (default-resources) @ jboss-modules ---
[INFO] Using 'UTF-8' encoding to copy filtered resources.
[INFO] Copying 2 resources
[INFO] 
[INFO] --- maven-compiler-plugin:3.1:compile (default-compile) @ jboss-modules ---
[INFO] Changes detected - recompiling the module!
[INFO] Compiling 109 source files to /builddir/build/BUILD/jboss-modules-1.1.1.GA/target/classes
[WARNING] bootstrap class path not set in conjunction with -source 1.6
[WARNING] /builddir/build/BUILD/jboss-modules-1.1.1.GA/src/main/java/__redirected/__XMLReaderFactory.java:[41,19] org.xml.sax.Parser in org.xml.sax has been deprecated
[WARNING] /builddir/build/BUILD/jboss-modules-1.1.1.GA/src/main/java/org/jboss/modules/ModuleClassLoaderFactory.java:[40] sun.misc.Unsafe is internal proprietary API and may be removed in a future release
[WARNING] /builddir/build/BUILD/jboss-modules-1.1.1.GA/src/main/java/org/jboss/modules/ConcurrentClassLoader.java:[420,23] sun.misc.Unsafe is internal proprietary API and may be removed in a future release
[WARNING] /builddir/build/BUILD/jboss-modules-1.1.1.GA/src/main/java/org/jboss/modules/ConcurrentClassLoader.java:[646,16] sun.misc.Unsafe is internal proprietary API and may be removed in a future release
[WARNING] /builddir/build/BUILD/jboss-modules-1.1.1.GA/src/main/java/org/jboss/modules/ConcurrentClassLoader.java:[650,37] sun.misc.Unsafe is internal proprietary API and may be removed in a future release
[WARNING] /builddir/build/BUILD/jboss-modules-1.1.1.GA/src/main/java/org/jboss/modules/ConcurrentClassLoader.java:[652,27] sun.misc.Unsafe is internal proprietary API and may be removed in a future release
[INFO] 
[INFO] --- maven-resources-plugin:2.6:testResources (default-testResources) @ jboss-modules ---
[INFO] Using 'UTF-8' encoding to copy filtered resources.
[INFO] Copying 34 resources
[INFO] 
[INFO] --- maven-compiler-plugin:3.1:testCompile (default-testCompile) @ jboss-modules ---
[INFO] Changes detected - recompiling the module!
[INFO] Compiling 41 source files to /builddir/build/BUILD/jboss-modules-1.1.1.GA/target/test-classes
[WARNING] bootstrap class path not set in conjunction with -source 1.6
[WARNING] /builddir/build/BUILD/jboss-modules-1.1.1.GA/src/test/java/org/jboss/modules/util/TestResourceLoader.java:[44,30] junit.framework.Assert in junit.framework has been deprecated
[INFO] 
[INFO] --- maven-surefire-plugin:2.15:test (default-test) @ jboss-modules ---
[WARNING] The parameter forkMode is deprecated since version 2.14. Use forkCount and reuseForks instead.
[INFO] Surefire report directory: /builddir/build/BUILD/jboss-modules-1.1.1.GA/target/surefire-reports
-------------------------------------------------------
 T E S T S
-------------------------------------------------------
-------------------------------------------------------
 T E S T S
-------------------------------------------------------
Running org.jboss.modules.SystemResourcesTest
Tests run: 1, Failures: 0, Errors: 0, Skipped: 0, Time elapsed: 0.106 sec - in org.jboss.modules.SystemResourcesTest
Running org.jboss.modules.ModulePropertyTest
Tests run: 1, Failures: 0, Errors: 0, Skipped: 0, Time elapsed: 0.133 sec - in org.jboss.modules.ModulePropertyTest
Running org.jboss.modules.FileResourceLoaderTest
Tests run: 7, Failures: 0, Errors: 0, Skipped: 0, Time elapsed: 28.295 sec - in org.jboss.modules.FileResourceLoaderTest
Running org.jboss.modules.PathFilterTest
Tests run: 2, Failures: 0, Errors: 0, Skipped: 0, Time elapsed: 0.049 sec - in org.jboss.modules.PathFilterTest
Running org.jboss.modules.ClassFilteringTest
Tests run: 1, Failures: 0, Errors: 0, Skipped: 0, Time elapsed: 0.128 sec - in org.jboss.modules.ClassFilteringTest
Running org.jboss.modules.ConcurrentClassLoaderTest
Tests run: 1, Failures: 0, Errors: 0, Skipped: 0, Time elapsed: 0.099 sec - in org.jboss.modules.ConcurrentClassLoaderTest
Running org.jboss.modules.JarResourceLoaderTest
Tests run: 7, Failures: 0, Errors: 0, Skipped: 0, Time elapsed: 65.435 sec - in org.jboss.modules.JarResourceLoaderTest
Running org.jboss.modules.ModuleExportTest
Tests run: 2, Failures: 0, Errors: 0, Skipped: 0, Time elapsed: 0.134 sec - in org.jboss.modules.ModuleExportTest
Running org.jboss.modules.LocalModuleLoaderTest
Tests run: 5, Failures: 0, Errors: 0, Skipped: 0, Time elapsed: 0.148 sec - in org.jboss.modules.LocalModuleLoaderTest
Running org.jboss.modules.JAXPModuleTest
Tests run: 4, Failures: 0, Errors: 0, Skipped: 0, Time elapsed: 0.51 sec - in org.jboss.modules.JAXPModuleTest
Running org.jboss.modules.ModuleIdentifierTest
Tests run: 3, Failures: 0, Errors: 0, Skipped: 0, Time elapsed: 0.049 sec - in org.jboss.modules.ModuleIdentifierTest
Running org.jboss.modules.ModuleClassLoaderTest
Tests run: 24, Failures: 0, Errors: 0, Skipped: 0, Time elapsed: 0.258 sec - in org.jboss.modules.ModuleClassLoaderTest
Running org.jboss.modules.ClassPathModuleLoaderTest
Tests run: 3, Failures: 0, Errors: 0, Skipped: 0, Time elapsed: 0.288 sec - in org.jboss.modules.ClassPathModuleLoaderTest
Results :
Tests run: 61, Failures: 0, Errors: 0, Skipped: 0
[INFO] 
[INFO] --- maven-jar-plugin:2.4:jar (default-jar) @ jboss-modules ---
[INFO] Building jar: /builddir/build/BUILD/jboss-modules-1.1.1.GA/target/jboss-modules-1.1.1.GA.jar
[INFO] 
[INFO] --- maven-source-plugin:2.2.1:jar-no-fork (attach-sources) @ jboss-modules ---
[INFO] Building jar: /builddir/build/BUILD/jboss-modules-1.1.1.GA/target/jboss-modules-1.1.1.GA-sources.jar
[INFO] 
[INFO] --- maven-install-plugin:2.4:install (default-install) @ jboss-modules ---
[INFO] Installing /builddir/build/BUILD/jboss-modules-1.1.1.GA/target/jboss-modules-1.1.1.GA.jar to /builddir/build/BUILD/jboss-modules-1.1.1.GA/.m2/org/jboss/modules/jboss-modules/1.1.1.GA/jboss-modules-1.1.1.GA.jar
[INFO] Installing /builddir/build/BUILD/jboss-modules-1.1.1.GA/pom.xml to /builddir/build/BUILD/jboss-modules-1.1.1.GA/.m2/org/jboss/modules/jboss-modules/1.1.1.GA/jboss-modules-1.1.1.GA.pom
[INFO] Installing /builddir/build/BUILD/jboss-modules-1.1.1.GA/target/jboss-modules-1.1.1.GA-sources.jar to /builddir/build/BUILD/jboss-modules-1.1.1.GA/.m2/org/jboss/modules/jboss-modules/1.1.1.GA/jboss-modules-1.1.1.GA-sources.jar
[INFO]                                                                         
[INFO] ------------------------------------------------------------------------
[INFO] Building JBoss Modules 1.1.1.GA
[INFO] ------------------------------------------------------------------------
[WARNING] Failed to resolve artifact: org.apache.maven.plugins:maven-clean-plugin:pom:2.4.1
[WARNING] The POM for org.apache.maven.plugins:maven-clean-plugin:jar:2.4.1 is missing, no dependency information available
[WARNING] Failed to retrieve plugin descriptor for org.apache.maven.plugins:maven-clean-plugin:2.4.1: Plugin org.apache.maven.plugins:maven-clean-plugin:2.4.1 or one of its dependencies could not be resolved: Failed to read artifact descriptor for org.apache.maven.plugins:maven-clean-plugin:jar:2.4.1
[WARNING] Failed to resolve artifact: org.apache.maven.plugins:maven-deploy-plugin:pom:2.5
[WARNING] The POM for org.apache.maven.plugins:maven-deploy-plugin:jar:2.5 is missing, no dependency information available
[WARNING] Failed to retrieve plugin descriptor for org.apache.maven.plugins:maven-deploy-plugin:2.5: Plugin org.apache.maven.plugins:maven-deploy-plugin:2.5 or one of its dependencies could not be resolved: Failed to read artifact descriptor for org.apache.maven.plugins:maven-deploy-plugin:jar:2.5
[WARNING] Failed to resolve artifact: org.codehaus.mojo:build-helper-maven-plugin:pom:1.5
[WARNING] The POM for org.codehaus.mojo:build-helper-maven-plugin:jar:1.5 is missing, no dependency information available
[WARNING] Failed to retrieve plugin descriptor for org.codehaus.mojo:build-helper-maven-plugin:1.5: Plugin org.codehaus.mojo:build-helper-maven-plugin:1.5 or one of its dependencies could not be resolved: Failed to read artifact descriptor for org.codehaus.mojo:build-helper-maven-plugin:jar:1.5
[WARNING] Failed to resolve artifact: org.apache.maven.plugins:maven-checkstyle-plugin:pom:2.5
[WARNING] The POM for org.apache.maven.plugins:maven-checkstyle-plugin:jar:2.5 is missing, no dependency information available
[WARNING] Failed to retrieve plugin descriptor for org.apache.maven.plugins:maven-checkstyle-plugin:2.5: Plugin org.apache.maven.plugins:maven-checkstyle-plugin:2.5 or one of its dependencies could not be resolved: Failed to read artifact descriptor for org.apache.maven.plugins:maven-checkstyle-plugin:jar:2.5
[WARNING] Failed to resolve artifact: org.apache.maven.plugins:maven-clean-plugin:pom:2.4.1
[WARNING] The POM for org.apache.maven.plugins:maven-clean-plugin:jar:2.4.1 is missing, no dependency information available
[WARNING] Failed to retrieve plugin descriptor for org.apache.maven.plugins:maven-clean-plugin:2.4.1: Plugin org.apache.maven.plugins:maven-clean-plugin:2.4.1 or one of its dependencies could not be resolved: Failed to read artifact descriptor for org.apache.maven.plugins:maven-clean-plugin:jar:2.4.1
[WARNING] Failed to resolve artifact: org.codehaus.mojo:cobertura-maven-plugin:pom:2.4
[WARNING] The POM for org.codehaus.mojo:cobertura-maven-plugin:jar:2.4 is missing, no dependency information available
[WARNING] Failed to retrieve plugin descriptor for org.codehaus.mojo:cobertura-maven-plugin:2.4: Plugin org.codehaus.mojo:cobertura-maven-plugin:2.4 or one of its dependencies could not be resolved: Failed to read artifact descriptor for org.codehaus.mojo:cobertura-maven-plugin:jar:2.4
[WARNING] Failed to resolve artifact: org.apache.maven.plugins:maven-dependency-plugin:pom:2.1
[WARNING] The POM for org.apache.maven.plugins:maven-dependency-plugin:jar:2.1 is missing, no dependency information available
[WARNING] Failed to retrieve plugin descriptor for org.apache.maven.plugins:maven-dependency-plugin:2.1: Plugin org.apache.maven.plugins:maven-dependency-plugin:2.1 or one of its dependencies could not be resolved: Failed to read artifact descriptor for org.apache.maven.plugins:maven-dependency-plugin:jar:2.1
[WARNING] Failed to resolve artifact: org.apache.maven.plugins:maven-deploy-plugin:pom:2.5
[WARNING] The POM for org.apache.maven.plugins:maven-deploy-plugin:jar:2.5 is missing, no dependency information available
[WARNING] Failed to retrieve plugin descriptor for org.apache.maven.plugins:maven-deploy-plugin:2.5: Plugin org.apache.maven.plugins:maven-deploy-plugin:2.5 or one of its dependencies could not be resolved: Failed to read artifact descriptor for org.apache.maven.plugins:maven-deploy-plugin:jar:2.5
[WARNING] Failed to resolve artifact: org.apache.maven.plugins:maven-ear-plugin:pom:2.4.2
[WARNING] The POM for org.apache.maven.plugins:maven-ear-plugin:jar:2.4.2 is missing, no dependency information available
[WARNING] Failed to retrieve plugin descriptor for org.apache.maven.plugins:maven-ear-plugin:2.4.2: Plugin org.apache.maven.plugins:maven-ear-plugin:2.4.2 or one of its dependencies could not be resolved: Failed to read artifact descriptor for org.apache.maven.plugins:maven-ear-plugin:jar:2.4.2
[WARNING] Failed to resolve artifact: org.apache.maven.plugins:maven-eclipse-plugin:pom:2.8
[WARNING] The POM for org.apache.maven.plugins:maven-eclipse-plugin:jar:2.8 is missing, no dependency information available
[WARNING] Failed to retrieve plugin descriptor for org.apache.maven.plugins:maven-eclipse-plugin:2.8: Plugin org.apache.maven.plugins:maven-eclipse-plugin:2.8 or one of its dependencies could not be resolved: Failed to read artifact descriptor for org.apache.maven.plugins:maven-eclipse-plugin:jar:2.8
[WARNING] Failed to resolve artifact: org.apache.maven.plugins:maven-ejb-plugin:pom:2.2.1
[WARNING] The POM for org.apache.maven.plugins:maven-ejb-plugin:jar:2.2.1 is missing, no dependency information available
[WARNING] Failed to retrieve plugin descriptor for org.apache.maven.plugins:maven-ejb-plugin:2.2.1: Plugin org.apache.maven.plugins:maven-ejb-plugin:2.2.1 or one of its dependencies could not be resolved: Failed to read artifact descriptor for org.apache.maven.plugins:maven-ejb-plugin:jar:2.2.1
[WARNING] Failed to resolve artifact: org.apache.maven.plugins:maven-idea-plugin:pom:2.2
[WARNING] The POM for org.apache.maven.plugins:maven-idea-plugin:jar:2.2 is missing, no dependency information available
[WARNING] Failed to retrieve plugin descriptor for org.apache.maven.plugins:maven-idea-plugin:2.2: Plugin org.apache.maven.plugins:maven-idea-plugin:2.2 or one of its dependencies could not be resolved: Failed to read artifact descriptor for org.apache.maven.plugins:maven-idea-plugin:jar:2.2
[INFO] 
[INFO] >>> maven-javadoc-plugin:2.9:aggregate (default-cli) @ jboss-modules >>>
[INFO] 
[INFO] --- maven-enforcer-plugin:1.2:enforce (enforce-java-version) @ jboss-modules ---
[INFO] 
[INFO] --- maven-enforcer-plugin:1.2:enforce (enforce-maven-version) @ jboss-modules ---
[INFO] 
[INFO] --- maven-enforcer-plugin:1.2:enforce (enforce-java-7-version) @ jboss-modules ---
[INFO] 
[INFO] <<< maven-javadoc-plugin:2.9:aggregate (default-cli) @ jboss-modules <<<
[INFO] 
[INFO] --- maven-javadoc-plugin:2.9:aggregate (default-cli) @ jboss-modules ---
[INFO] 
Loading source files for package __redirected...
Loading source files for package org.jboss.modules...
Loading source files for package org.jboss.modules.filter...
Loading source files for package org.jboss.modules.log...
Loading source files for package org.jboss.modules.management...
Loading source files for package org.jboss.modules.ref...
Constructing Javadoc information...
Standard Doclet version 1.7.0_51
Building tree for all the packages and classes...
Generating /builddir/build/BUILD/jboss-modules-1.1.1.GA/target/site/apidocs/__redirected/__DatatypeFactory.html...
Generating /builddir/build/BUILD/jboss-modules-1.1.1.GA/target/site/apidocs/__redirected/__DocumentBuilderFactory.html...
Generating /builddir/build/BUILD/jboss-modules-1.1.1.GA/target/site/apidocs/__redirected/__JAXPRedirected.html...
Generating /builddir/build/BUILD/jboss-modules-1.1.1.GA/target/site/apidocs/__redirected/__RedirectedUtils.html...
Generating /builddir/build/BUILD/jboss-modules-1.1.1.GA/target/site/apidocs/__redirected/__SAXParserFactory.html...
Generating /builddir/build/BUILD/jboss-modules-1.1.1.GA/target/site/apidocs/__redirected/__SchemaFactory.html...
Generating /builddir/build/BUILD/jboss-modules-1.1.1.GA/target/site/apidocs/__redirected/__TransformerFactory.html...
Generating /builddir/build/BUILD/jboss-modules-1.1.1.GA/target/site/apidocs/__redirected/__XMLEventFactory.html...
Generating /builddir/build/BUILD/jboss-modules-1.1.1.GA/target/site/apidocs/__redirected/__XMLInputFactory.html...
Generating /builddir/build/BUILD/jboss-modules-1.1.1.GA/target/site/apidocs/__redirected/__XMLOutputFactory.html...
Generating /builddir/build/BUILD/jboss-modules-1.1.1.GA/target/site/apidocs/__redirected/__XMLReaderFactory.html...
Generating /builddir/build/BUILD/jboss-modules-1.1.1.GA/target/site/apidocs/__redirected/__XPathFactory.html...
Generating /builddir/build/BUILD/jboss-modules-1.1.1.GA/target/site/apidocs/org/jboss/modules/AbstractLocalLoader.html...
Generating /builddir/build/BUILD/jboss-modules-1.1.1.GA/target/site/apidocs/org/jboss/modules/AbstractResourceLoader.html...
Generating /builddir/build/BUILD/jboss-modules-1.1.1.GA/target/site/apidocs/org/jboss/modules/AssertionSetting.html...
Generating /builddir/build/BUILD/jboss-modules-1.1.1.GA/target/site/apidocs/org/jboss/modules/ClassifyingModuleLoader.html...
Generating /builddir/build/BUILD/jboss-modules-1.1.1.GA/target/site/apidocs/org/jboss/modules/ClassSpec.html...
Generating /builddir/build/BUILD/jboss-modules-1.1.1.GA/target/site/apidocs/org/jboss/modules/ConcurrentClassLoader.html...
Generating /builddir/build/BUILD/jboss-modules-1.1.1.GA/target/site/apidocs/org/jboss/modules/DependencySpec.html...
Generating /builddir/build/BUILD/jboss-modules-1.1.1.GA/target/site/apidocs/org/jboss/modules/LocalLoader.html...
Generating /builddir/build/BUILD/jboss-modules-1.1.1.GA/target/site/apidocs/org/jboss/modules/LocalLoaders.html...
Generating /builddir/build/BUILD/jboss-modules-1.1.1.GA/target/site/apidocs/org/jboss/modules/LocalModuleLoader.html...
Generating /builddir/build/BUILD/jboss-modules-1.1.1.GA/target/site/apidocs/org/jboss/modules/Main.html...
Generating /builddir/build/BUILD/jboss-modules-1.1.1.GA/target/site/apidocs/org/jboss/modules/Module.html...
Generating /builddir/build/BUILD/jboss-modules-1.1.1.GA/target/site/apidocs/org/jboss/modules/ModuleClassLoader.html...
Generating /builddir/build/BUILD/jboss-modules-1.1.1.GA/target/site/apidocs/org/jboss/modules/ModuleClassLoader.Configuration.html...
Generating /builddir/build/BUILD/jboss-modules-1.1.1.GA/target/site/apidocs/org/jboss/modules/ModuleClassLoaderFactory.html...
Generating /builddir/build/BUILD/jboss-modules-1.1.1.GA/target/site/apidocs/org/jboss/modules/ModuleIdentifier.html...
Generating /builddir/build/BUILD/jboss-modules-1.1.1.GA/target/site/apidocs/org/jboss/modules/ModuleLoader.html...
Generating /builddir/build/BUILD/jboss-modules-1.1.1.GA/target/site/apidocs/org/jboss/modules/ModuleLoadError.html...
Generating /builddir/build/BUILD/jboss-modules-1.1.1.GA/target/site/apidocs/org/jboss/modules/ModuleLoadException.html...
Generating /builddir/build/BUILD/jboss-modules-1.1.1.GA/target/site/apidocs/org/jboss/modules/ModuleNotFoundException.html...
Generating /builddir/build/BUILD/jboss-modules-1.1.1.GA/target/site/apidocs/org/jboss/modules/ModuleSpec.html...
Generating /builddir/build/BUILD/jboss-modules-1.1.1.GA/target/site/apidocs/org/jboss/modules/ModuleSpec.AliasBuilder.html...
Generating /builddir/build/BUILD/jboss-modules-1.1.1.GA/target/site/apidocs/org/jboss/modules/ModuleSpec.Builder.html...
Generating /builddir/build/BUILD/jboss-modules-1.1.1.GA/target/site/apidocs/org/jboss/modules/NativeLibraryResourceLoader.html...
Generating /builddir/build/BUILD/jboss-modules-1.1.1.GA/target/site/apidocs/org/jboss/modules/PackageSpec.html...
Generating /builddir/build/BUILD/jboss-modules-1.1.1.GA/target/site/apidocs/org/jboss/modules/PathUtils.html...
Generating /builddir/build/BUILD/jboss-modules-1.1.1.GA/target/site/apidocs/org/jboss/modules/Resource.html...
Generating /builddir/build/BUILD/jboss-modules-1.1.1.GA/target/site/apidocs/org/jboss/modules/ResourceLoader.html...
Generating /builddir/build/BUILD/jboss-modules-1.1.1.GA/target/site/apidocs/org/jboss/modules/ResourceLoaders.html...
Generating /builddir/build/BUILD/jboss-modules-1.1.1.GA/target/site/apidocs/org/jboss/modules/ResourceLoaderSpec.html...
Generating /builddir/build/BUILD/jboss-modules-1.1.1.GA/target/site/apidocs/org/jboss/modules/filter/ClassFilter.html...
Generating /builddir/build/BUILD/jboss-modules-1.1.1.GA/target/site/apidocs/org/jboss/modules/filter/ClassFilters.html...
Generating /builddir/build/BUILD/jboss-modules-1.1.1.GA/target/site/apidocs/org/jboss/modules/filter/MultiplePathFilterBuilder.html...
Generating /builddir/build/BUILD/jboss-modules-1.1.1.GA/target/site/apidocs/org/jboss/modules/filter/PathFilter.html...
Generating /builddir/build/BUILD/jboss-modules-1.1.1.GA/target/site/apidocs/org/jboss/modules/filter/PathFilters.html...
Generating /builddir/build/BUILD/jboss-modules-1.1.1.GA/target/site/apidocs/org/jboss/modules/log/JDKModuleLogger.html...
Generating /builddir/build/BUILD/jboss-modules-1.1.1.GA/target/site/apidocs/org/jboss/modules/log/ModuleLogger.html...
Generating /builddir/build/BUILD/jboss-modules-1.1.1.GA/target/site/apidocs/org/jboss/modules/log/NoopModuleLogger.html...
Generating /builddir/build/BUILD/jboss-modules-1.1.1.GA/target/site/apidocs/org/jboss/modules/log/StreamModuleLogger.html...
Generating /builddir/build/BUILD/jboss-modules-1.1.1.GA/target/site/apidocs/org/jboss/modules/management/DependencyInfo.html...
Generating /builddir/build/BUILD/jboss-modules-1.1.1.GA/target/site/apidocs/org/jboss/modules/management/ModuleInfo.html...
Generating /builddir/build/BUILD/jboss-modules-1.1.1.GA/target/site/apidocs/org/jboss/modules/management/ModuleLoaderMXBean.html...
Generating /builddir/build/BUILD/jboss-modules-1.1.1.GA/target/site/apidocs/org/jboss/modules/management/ObjectProperties.html...
Generating /builddir/build/BUILD/jboss-modules-1.1.1.GA/target/site/apidocs/org/jboss/modules/management/ObjectProperties.Property.html...
Generating /builddir/build/BUILD/jboss-modules-1.1.1.GA/target/site/apidocs/org/jboss/modules/management/ResourceLoaderInfo.html...
Generating /builddir/build/BUILD/jboss-modules-1.1.1.GA/target/site/apidocs/org/jboss/modules/ref/PhantomReference.html...
Generating /builddir/build/BUILD/jboss-modules-1.1.1.GA/target/site/apidocs/org/jboss/modules/ref/Reaper.html...
Generating /builddir/build/BUILD/jboss-modules-1.1.1.GA/target/site/apidocs/org/jboss/modules/ref/Reference.html...
Generating /builddir/build/BUILD/jboss-modules-1.1.1.GA/target/site/apidocs/org/jboss/modules/ref/Reference.Type.html...
Generating /builddir/build/BUILD/jboss-modules-1.1.1.GA/target/site/apidocs/org/jboss/modules/ref/References.html...
Generating /builddir/build/BUILD/jboss-modules-1.1.1.GA/target/site/apidocs/org/jboss/modules/ref/SoftReference.html...
Generating /builddir/build/BUILD/jboss-modules-1.1.1.GA/target/site/apidocs/org/jboss/modules/ref/StrongReference.html...
Generating /builddir/build/BUILD/jboss-modules-1.1.1.GA/target/site/apidocs/org/jboss/modules/ref/WeakReference.html...
Generating /builddir/build/BUILD/jboss-modules-1.1.1.GA/target/site/apidocs/overview-frame.html...
Generating /builddir/build/BUILD/jboss-modules-1.1.1.GA/target/site/apidocs/__redirected/package-frame.html...
Generating /builddir/build/BUILD/jboss-modules-1.1.1.GA/target/site/apidocs/__redirected/package-summary.html...
Generating /builddir/build/BUILD/jboss-modules-1.1.1.GA/target/site/apidocs/__redirected/package-tree.html...
Generating /builddir/build/BUILD/jboss-modules-1.1.1.GA/target/site/apidocs/org/jboss/modules/package-frame.html...
Generating /builddir/build/BUILD/jboss-modules-1.1.1.GA/target/site/apidocs/org/jboss/modules/package-summary.html...
Generating /builddir/build/BUILD/jboss-modules-1.1.1.GA/target/site/apidocs/org/jboss/modules/package-tree.html...
Generating /builddir/build/BUILD/jboss-modules-1.1.1.GA/target/site/apidocs/org/jboss/modules/filter/package-frame.html...
Generating /builddir/build/BUILD/jboss-modules-1.1.1.GA/target/site/apidocs/org/jboss/modules/filter/package-summary.html...
Generating /builddir/build/BUILD/jboss-modules-1.1.1.GA/target/site/apidocs/org/jboss/modules/filter/package-tree.html...
Generating /builddir/build/BUILD/jboss-modules-1.1.1.GA/target/site/apidocs/org/jboss/modules/log/package-frame.html...
Generating /builddir/build/BUILD/jboss-modules-1.1.1.GA/target/site/apidocs/org/jboss/modules/log/package-summary.html...
Generating /builddir/build/BUILD/jboss-modules-1.1.1.GA/target/site/apidocs/org/jboss/modules/log/package-tree.html...
Generating /builddir/build/BUILD/jboss-modules-1.1.1.GA/target/site/apidocs/org/jboss/modules/management/package-frame.html...
Generating /builddir/build/BUILD/jboss-modules-1.1.1.GA/target/site/apidocs/org/jboss/modules/management/package-summary.html...
Generating /builddir/build/BUILD/jboss-modules-1.1.1.GA/target/site/apidocs/org/jboss/modules/management/package-tree.html...
Generating /builddir/build/BUILD/jboss-modules-1.1.1.GA/target/site/apidocs/org/jboss/modules/ref/package-frame.html...
Generating /builddir/build/BUILD/jboss-modules-1.1.1.GA/target/site/apidocs/org/jboss/modules/ref/package-summary.html...
Generating /builddir/build/BUILD/jboss-modules-1.1.1.GA/target/site/apidocs/org/jboss/modules/ref/package-tree.html...
Generating /builddir/build/BUILD/jboss-modules-1.1.1.GA/target/site/apidocs/constant-values.html...
Generating /builddir/build/BUILD/jboss-modules-1.1.1.GA/target/site/apidocs/serialized-form.html...
Generating /builddir/build/BUILD/jboss-modules-1.1.1.GA/target/site/apidocs/__redirected/class-use/__RedirectedUtils.html...
Generating /builddir/build/BUILD/jboss-modules-1.1.1.GA/target/site/apidocs/__redirected/class-use/__XMLReaderFactory.html...
Generating /builddir/build/BUILD/jboss-modules-1.1.1.GA/target/site/apidocs/__redirected/class-use/__XPathFactory.html...
Generating /builddir/build/BUILD/jboss-modules-1.1.1.GA/target/site/apidocs/__redirected/class-use/__XMLEventFactory.html...
Generating /builddir/build/BUILD/jboss-modules-1.1.1.GA/target/site/apidocs/__redirected/class-use/__XMLInputFactory.html...
Generating /builddir/build/BUILD/jboss-modules-1.1.1.GA/target/site/apidocs/__redirected/class-use/__XMLOutputFactory.html...
Generating /builddir/build/BUILD/jboss-modules-1.1.1.GA/target/site/apidocs/__redirected/class-use/__DocumentBuilderFactory.html...
Generating /builddir/build/BUILD/jboss-modules-1.1.1.GA/target/site/apidocs/__redirected/class-use/__TransformerFactory.html...
Generating /builddir/build/BUILD/jboss-modules-1.1.1.GA/target/site/apidocs/__redirected/class-use/__JAXPRedirected.html...
Generating /builddir/build/BUILD/jboss-modules-1.1.1.GA/target/site/apidocs/__redirected/class-use/__DatatypeFactory.html...
Generating /builddir/build/BUILD/jboss-modules-1.1.1.GA/target/site/apidocs/__redirected/class-use/__SAXParserFactory.html...
Generating /builddir/build/BUILD/jboss-modules-1.1.1.GA/target/site/apidocs/__redirected/class-use/__SchemaFactory.html...
Generating /builddir/build/BUILD/jboss-modules-1.1.1.GA/target/site/apidocs/org/jboss/modules/class-use/AbstractLocalLoader.html...
Generating /builddir/build/BUILD/jboss-modules-1.1.1.GA/target/site/apidocs/org/jboss/modules/class-use/ClassifyingModuleLoader.html...
Generating /builddir/build/BUILD/jboss-modules-1.1.1.GA/target/site/apidocs/org/jboss/modules/class-use/LocalLoaders.html...
Generating /builddir/build/BUILD/jboss-modules-1.1.1.GA/target/site/apidocs/org/jboss/modules/class-use/PathUtils.html...
Generating /builddir/build/BUILD/jboss-modules-1.1.1.GA/target/site/apidocs/org/jboss/modules/class-use/LocalModuleLoader.html...
Generating /builddir/build/BUILD/jboss-modules-1.1.1.GA/target/site/apidocs/org/jboss/modules/class-use/ResourceLoaders.html...
Generating /builddir/build/BUILD/jboss-modules-1.1.1.GA/target/site/apidocs/org/jboss/modules/class-use/Main.html...
Generating /builddir/build/BUILD/jboss-modules-1.1.1.GA/target/site/apidocs/org/jboss/modules/class-use/AbstractResourceLoader.html...
Generating /builddir/build/BUILD/jboss-modules-1.1.1.GA/target/site/apidocs/org/jboss/modules/class-use/NativeLibraryResourceLoader.html...
Generating /builddir/build/BUILD/jboss-modules-1.1.1.GA/target/site/apidocs/org/jboss/modules/class-use/ModuleNotFoundException.html...
Generating /builddir/build/BUILD/jboss-modules-1.1.1.GA/target/site/apidocs/org/jboss/modules/class-use/ModuleLoadError.html...
Generating /builddir/build/BUILD/jboss-modules-1.1.1.GA/target/site/apidocs/org/jboss/modules/class-use/DependencySpec.html...
Generating /builddir/build/BUILD/jboss-modules-1.1.1.GA/target/site/apidocs/org/jboss/modules/class-use/ModuleLoadException.html...
Generating /builddir/build/BUILD/jboss-modules-1.1.1.GA/target/site/apidocs/org/jboss/modules/class-use/ModuleSpec.html...
Generating /builddir/build/BUILD/jboss-modules-1.1.1.GA/target/site/apidocs/org/jboss/modules/class-use/ModuleSpec.Builder.html...
Generating /builddir/build/BUILD/jboss-modules-1.1.1.GA/target/site/apidocs/org/jboss/modules/class-use/ModuleSpec.AliasBuilder.html...
Generating /builddir/build/BUILD/jboss-modules-1.1.1.GA/target/site/apidocs/org/jboss/modules/class-use/ModuleIdentifier.html...
Generating /builddir/build/BUILD/jboss-modules-1.1.1.GA/target/site/apidocs/org/jboss/modules/class-use/ModuleLoader.html...
Generating /builddir/build/BUILD/jboss-modules-1.1.1.GA/target/site/apidocs/org/jboss/modules/class-use/AssertionSetting.html...
Generating /builddir/build/BUILD/jboss-modules-1.1.1.GA/target/site/apidocs/org/jboss/modules/class-use/PackageSpec.html...
Generating /builddir/build/BUILD/jboss-modules-1.1.1.GA/target/site/apidocs/org/jboss/modules/class-use/ClassSpec.html...
Generating /builddir/build/BUILD/jboss-modules-1.1.1.GA/target/site/apidocs/org/jboss/modules/class-use/Resource.html...
Generating /builddir/build/BUILD/jboss-modules-1.1.1.GA/target/site/apidocs/org/jboss/modules/class-use/LocalLoader.html...
Generating /builddir/build/BUILD/jboss-modules-1.1.1.GA/target/site/apidocs/org/jboss/modules/class-use/ResourceLoader.html...
Generating /builddir/build/BUILD/jboss-modules-1.1.1.GA/target/site/apidocs/org/jboss/modules/class-use/Module.html...
Generating /builddir/build/BUILD/jboss-modules-1.1.1.GA/target/site/apidocs/org/jboss/modules/class-use/ResourceLoaderSpec.html...
Generating /builddir/build/BUILD/jboss-modules-1.1.1.GA/target/site/apidocs/org/jboss/modules/class-use/ConcurrentClassLoader.html...
Generating /builddir/build/BUILD/jboss-modules-1.1.1.GA/target/site/apidocs/org/jboss/modules/class-use/ModuleClassLoader.html...
Generating /builddir/build/BUILD/jboss-modules-1.1.1.GA/target/site/apidocs/org/jboss/modules/class-use/ModuleClassLoader.Configuration.html...
Generating /builddir/build/BUILD/jboss-modules-1.1.1.GA/target/site/apidocs/org/jboss/modules/class-use/ModuleClassLoaderFactory.html...
Generating /builddir/build/BUILD/jboss-modules-1.1.1.GA/target/site/apidocs/org/jboss/modules/filter/class-use/PathFilters.html...
Generating /builddir/build/BUILD/jboss-modules-1.1.1.GA/target/site/apidocs/org/jboss/modules/filter/class-use/ClassFilters.html...
Generating /builddir/build/BUILD/jboss-modules-1.1.1.GA/target/site/apidocs/org/jboss/modules/filter/class-use/MultiplePathFilterBuilder.html...
Generating /builddir/build/BUILD/jboss-modules-1.1.1.GA/target/site/apidocs/org/jboss/modules/filter/class-use/ClassFilter.html...
Generating /builddir/build/BUILD/jboss-modules-1.1.1.GA/target/site/apidocs/org/jboss/modules/filter/class-use/PathFilter.html...
Generating /builddir/build/BUILD/jboss-modules-1.1.1.GA/target/site/apidocs/org/jboss/modules/log/class-use/JDKModuleLogger.html...
Generating /builddir/build/BUILD/jboss-modules-1.1.1.GA/target/site/apidocs/org/jboss/modules/log/class-use/StreamModuleLogger.html...
Generating /builddir/build/BUILD/jboss-modules-1.1.1.GA/target/site/apidocs/org/jboss/modules/log/class-use/NoopModuleLogger.html...
Generating /builddir/build/BUILD/jboss-modules-1.1.1.GA/target/site/apidocs/org/jboss/modules/log/class-use/ModuleLogger.html...
Generating /builddir/build/BUILD/jboss-modules-1.1.1.GA/target/site/apidocs/org/jboss/modules/management/class-use/ModuleInfo.html...
Generating /builddir/build/BUILD/jboss-modules-1.1.1.GA/target/site/apidocs/org/jboss/modules/management/class-use/ResourceLoaderInfo.html...
Generating /builddir/build/BUILD/jboss-modules-1.1.1.GA/target/site/apidocs/org/jboss/modules/management/class-use/DependencyInfo.html...
Generating /builddir/build/BUILD/jboss-modules-1.1.1.GA/target/site/apidocs/org/jboss/modules/management/class-use/ModuleLoaderMXBean.html...
Generating /builddir/build/BUILD/jboss-modules-1.1.1.GA/target/site/apidocs/org/jboss/modules/management/class-use/ObjectProperties.html...
Generating /builddir/build/BUILD/jboss-modules-1.1.1.GA/target/site/apidocs/org/jboss/modules/management/class-use/ObjectProperties.Property.html...
Generating /builddir/build/BUILD/jboss-modules-1.1.1.GA/target/site/apidocs/org/jboss/modules/ref/class-use/StrongReference.html...
Generating /builddir/build/BUILD/jboss-modules-1.1.1.GA/target/site/apidocs/org/jboss/modules/ref/class-use/SoftReference.html...
Generating /builddir/build/BUILD/jboss-modules-1.1.1.GA/target/site/apidocs/org/jboss/modules/ref/class-use/References.html...
Generating /builddir/build/BUILD/jboss-modules-1.1.1.GA/target/site/apidocs/org/jboss/modules/ref/class-use/PhantomReference.html...
Generating /builddir/build/BUILD/jboss-modules-1.1.1.GA/target/site/apidocs/org/jboss/modules/ref/class-use/WeakReference.html...
Generating /builddir/build/BUILD/jboss-modules-1.1.1.GA/target/site/apidocs/org/jboss/modules/ref/class-use/Reference.html...
Generating /builddir/build/BUILD/jboss-modules-1.1.1.GA/target/site/apidocs/org/jboss/modules/ref/class-use/Reference.Type.html...
Generating /builddir/build/BUILD/jboss-modules-1.1.1.GA/target/site/apidocs/org/jboss/modules/ref/class-use/Reaper.html...
Generating /builddir/build/BUILD/jboss-modules-1.1.1.GA/target/site/apidocs/__redirected/package-use.html...
Generating /builddir/build/BUILD/jboss-modules-1.1.1.GA/target/site/apidocs/org/jboss/modules/package-use.html...
Generating /builddir/build/BUILD/jboss-modules-1.1.1.GA/target/site/apidocs/org/jboss/modules/filter/package-use.html...
Generating /builddir/build/BUILD/jboss-modules-1.1.1.GA/target/site/apidocs/org/jboss/modules/log/package-use.html...
Generating /builddir/build/BUILD/jboss-modules-1.1.1.GA/target/site/apidocs/org/jboss/modules/management/package-use.html...
Generating /builddir/build/BUILD/jboss-modules-1.1.1.GA/target/site/apidocs/org/jboss/modules/ref/package-use.html...
Building index for all the packages and classes...
Generating /builddir/build/BUILD/jboss-modules-1.1.1.GA/target/site/apidocs/overview-tree.html...
Generating /builddir/build/BUILD/jboss-modules-1.1.1.GA/target/site/apidocs/index-all.html...
Generating /builddir/build/BUILD/jboss-modules-1.1.1.GA/target/site/apidocs/deprecated-list.html...
Building index for all classes...
Generating /builddir/build/BUILD/jboss-modules-1.1.1.GA/target/site/apidocs/allclasses-frame.html...
Generating /builddir/build/BUILD/jboss-modules-1.1.1.GA/target/site/apidocs/allclasses-noframe.html...
Generating /builddir/build/BUILD/jboss-modules-1.1.1.GA/target/site/apidocs/index.html...
Generating /builddir/build/BUILD/jboss-modules-1.1.1.GA/target/site/apidocs/overview-summary.html...
Generating /builddir/build/BUILD/jboss-modules-1.1.1.GA/target/site/apidocs/help-doc.html...
32 warnings
[WARNING] Javadoc Warnings
[WARNING] /builddir/build/BUILD/jboss-modules-1.1.1.GA/src/main/java/__redirected/__RedirectedUtils.java:46: warning - @authore is an unknown tag.
[WARNING] /builddir/build/BUILD/jboss-modules-1.1.1.GA/src/main/java/__redirected/__SAXParserFactory.java:45: warning - @authore is an unknown tag.
[WARNING] /builddir/build/BUILD/jboss-modules-1.1.1.GA/src/main/java/__redirected/__XMLEventFactory.java:56: warning - @authore is an unknown tag.
[WARNING] /builddir/build/BUILD/jboss-modules-1.1.1.GA/src/main/java/__redirected/__XMLInputFactory.java:50: warning - @authore is an unknown tag.
[WARNING] /builddir/build/BUILD/jboss-modules-1.1.1.GA/src/main/java/__redirected/__XMLOutputFactory.java:45: warning - @authore is an unknown tag.
[WARNING] /builddir/build/BUILD/jboss-modules-1.1.1.GA/src/main/java/__redirected/__XMLReaderFactory.java:54: warning - @authore is an unknown tag.
[WARNING] /builddir/build/BUILD/jboss-modules-1.1.1.GA/src/main/java/org/jboss/modules/AssertionSetting.java:32: warning - @apiviz.exclude is an unknown tag.
[WARNING] /builddir/build/BUILD/jboss-modules-1.1.1.GA/src/main/java/org/jboss/modules/ClassSpec.java:33: warning - @apiviz.exclude is an unknown tag.
[WARNING] /builddir/build/BUILD/jboss-modules-1.1.1.GA/src/main/java/org/jboss/modules/DependencySpec.java:41: warning - @apiviz.exclude is an unknown tag.
[WARNING] /builddir/build/BUILD/jboss-modules-1.1.1.GA/src/main/java/org/jboss/modules/LocalLoaders.java:37: warning - @apiviz.exclude is an unknown tag.
[WARNING] /builddir/build/BUILD/jboss-modules-1.1.1.GA/src/main/java/org/jboss/modules/Main.java:52: warning - @apiviz.exclude is an unknown tag.
[WARNING] /builddir/build/BUILD/jboss-modules-1.1.1.GA/src/main/java/org/jboss/modules/Module.java:67: warning - @apiviz.landmark is an unknown tag.
[WARNING] /builddir/build/BUILD/jboss-modules-1.1.1.GA/src/main/java/org/jboss/modules/ModuleClassLoader.java:54: warning - @apiviz.landmark is an unknown tag.
[WARNING] /builddir/build/BUILD/jboss-modules-1.1.1.GA/src/main/java/org/jboss/modules/ModuleClassLoader.java:617: warning - @apiviz.exclude is an unknown tag.
[WARNING] /builddir/build/BUILD/jboss-modules-1.1.1.GA/src/main/java/org/jboss/modules/ModuleIdentifier.java:42: warning - @apiviz.landmark is an unknown tag.
[WARNING] /builddir/build/BUILD/jboss-modules-1.1.1.GA/src/main/java/org/jboss/modules/ModuleLoader.java:69: warning - @apiviz.landmark is an unknown tag.
[WARNING] /builddir/build/BUILD/jboss-modules-1.1.1.GA/src/main/java/org/jboss/modules/ModuleSpec.java:38: warning - @apiviz.exclude is an unknown tag.
[WARNING] /builddir/build/BUILD/jboss-modules-1.1.1.GA/src/main/java/org/jboss/modules/ModuleSpec.java:169: warning - @apiviz.exclude is an unknown tag.
[WARNING] /builddir/build/BUILD/jboss-modules-1.1.1.GA/src/main/java/org/jboss/modules/PackageSpec.java:33: warning - @apiviz.exclude is an unknown tag.
[WARNING] /builddir/build/BUILD/jboss-modules-1.1.1.GA/src/main/java/org/jboss/modules/ResourceLoaders.java:37: warning - @apiviz.exclude is an unknown tag.
[WARNING] /builddir/build/BUILD/jboss-modules-1.1.1.GA/src/main/java/org/jboss/modules/ResourceLoaderSpec.java:36: warning - @apiviz.exclude is an unknown tag.
[WARNING] /builddir/build/BUILD/jboss-modules-1.1.1.GA/src/main/java/org/jboss/modules/filter/MultiplePathFilterBuilder.java:34: warning - @apiviz.exclude is an unknown tag.
[WARNING] /builddir/build/BUILD/jboss-modules-1.1.1.GA/src/main/java/org/jboss/modules/ref/Reference.java:68: warning - @apiviz.exclude is an unknown tag.
[WARNING] /builddir/build/BUILD/jboss-modules-1.1.1.GA/src/main/java/org/jboss/modules/package-info.java:29: warning - Tag @link: reference not found: Module
[WARNING] /builddir/build/BUILD/jboss-modules-1.1.1.GA/src/main/java/org/jboss/modules/package-info.java:29: warning - Tag @link: reference not found: ModuleLoader
[WARNING] /builddir/build/BUILD/jboss-modules-1.1.1.GA/src/main/java/org/jboss/modules/package-info.java:29: warning - Tag @link: reference not found: ConcurrentClassLoader
[WARNING] /builddir/build/BUILD/jboss-modules-1.1.1.GA/src/main/java/org/jboss/modules/package-info.java:29: warning - Tag @link: reference not found: ModuleClassLoader
[WARNING] /builddir/build/BUILD/jboss-modules-1.1.1.GA/src/main/java/org/jboss/modules/filter/package-info.java:27: warning - Tag @link: reference not found: PathFilter
[WARNING] /builddir/build/BUILD/jboss-modules-1.1.1.GA/src/main/java/org/jboss/modules/filter/package-info.java:27: warning - Tag @link: reference not found: PathFilters
[WARNING] /builddir/build/BUILD/jboss-modules-1.1.1.GA/src/main/java/org/jboss/modules/log/package-info.java:28: warning - Tag @link: reference not found: ModuleLogger
[WARNING] /builddir/build/BUILD/jboss-modules-1.1.1.GA/src/main/java/org/jboss/modules/ref/package-info.java:27: warning - Tag @link: reference not found: Reference
[WARNING] /builddir/build/BUILD/jboss-modules-1.1.1.GA/src/main/java/org/jboss/modules/ref/package-info.java:27: warning - Tag @link: reference not found: Reaper
[INFO] ------------------------------------------------------------------------
[INFO] BUILD SUCCESS
[INFO] ------------------------------------------------------------------------
[INFO] Total time: 1:55.614s
[INFO] Finished at: Fri Aug 08 20:33:05 UTC 2014
[INFO] Final Memory: 20M/708M
[INFO] ------------------------------------------------------------------------
+ exit 0
Executing(%install): /bin/sh -e /var/tmp/rpm-tmp.iEGiFN
+ umask 022
+ cd /builddir/build/BUILD
+ '[' /builddir/build/BUILDROOT/jboss-modules-1.1.1-9.el7.centos.noarch '!=' / ']'
+ rm -rf /builddir/build/BUILDROOT/jboss-modules-1.1.1-9.el7.centos.noarch
++ dirname /builddir/build/BUILDROOT/jboss-modules-1.1.1-9.el7.centos.noarch
+ mkdir -p /builddir/build/BUILDROOT
+ mkdir /builddir/build/BUILDROOT/jboss-modules-1.1.1-9.el7.centos.noarch
+ cd jboss-modules-1.1.1.GA
+ install -d -m 755 /builddir/build/BUILDROOT/jboss-modules-1.1.1-9.el7.centos.noarch/usr/share/java/jboss-modules
+ install -d -m 755 /builddir/build/BUILDROOT/jboss-modules-1.1.1-9.el7.centos.noarch/usr/share/maven-poms
+ install -d -m 755 /builddir/build/BUILDROOT/jboss-modules-1.1.1-9.el7.centos.noarch/usr/share/javadoc/jboss-modules
+ cp -p target/jboss-modules-1.1.1.GA.jar /builddir/build/BUILDROOT/jboss-modules-1.1.1-9.el7.centos.noarch/usr/share/java/jboss-modules.jar
+ install -pm 644 pom.xml /builddir/build/BUILDROOT/jboss-modules-1.1.1-9.el7.centos.noarch/usr/share/maven-poms/JPP-jboss-modules.pom
+ set -e
+ _pompart=JPP-jboss-modules.pom
+ _jarpart=jboss-modules.jar
+ _filelist=.mfiles
+ install -dm 755 /builddir/build/BUILDROOT/jboss-modules-1.1.1-9.el7.centos.noarch/usr/share/maven-fragments
+ for _dir in /usr/lib/java '%{_javajnidir}' /usr/share/java
+ '[' -f /builddir/build/BUILDROOT/jboss-modules-1.1.1-9.el7.centos.noarch/usr/lib/java/jboss-modules.jar ']'
+ for _dir in /usr/lib/java '%{_javajnidir}' /usr/share/java
+ '[' -f '/builddir/build/BUILDROOT/jboss-modules-1.1.1-9.el7.centos.noarch%{_javajnidir}/jboss-modules.jar' ']'
+ for _dir in /usr/lib/java '%{_javajnidir}' /usr/share/java
+ '[' -f /builddir/build/BUILDROOT/jboss-modules-1.1.1-9.el7.centos.noarch/usr/share/java/jboss-modules.jar ']'
+ _jpath=/builddir/build/BUILDROOT/jboss-modules-1.1.1-9.el7.centos.noarch/usr/share/java/jboss-modules.jar
+ python -m /usr/share/java-utils/maven_depmap -p /usr -n '' /builddir/build/BUILDROOT/jboss-modules-1.1.1-9.el7.centos.noarch/usr/share/maven-fragments/jboss-modules /builddir/build/BUILDROOT/jboss-modules-1.1.1-9.el7.centos.noarch/usr/share/maven-poms/JPP-jboss-modules.pom /builddir/build/BUILDROOT/jboss-modules-1.1.1-9.el7.centos.noarch/usr/share/java/jboss-modules.jar
+ sed -i s:/builddir/build/BUILDROOT/jboss-modules-1.1.1-9.el7.centos.noarch:: .mfiles
+ sort -u -o .mfiles .mfiles
+ cp -rp target/site/apidocs/__redirected target/site/apidocs/allclasses-frame.html target/site/apidocs/allclasses-noframe.html target/site/apidocs/constant-values.html target/site/apidocs/deprecated-list.html target/site/apidocs/help-doc.html target/site/apidocs/index-all.html target/site/apidocs/index.html target/site/apidocs/org target/site/apidocs/overview-frame.html target/site/apidocs/overview-summary.html target/site/apidocs/overview-tree.html target/site/apidocs/package-list target/site/apidocs/resources target/site/apidocs/serialized-form.html target/site/apidocs/stylesheet.css /builddir/build/BUILDROOT/jboss-modules-1.1.1-9.el7.centos.noarch/usr/share/javadoc/jboss-modules
+ /usr/lib/rpm/find-debuginfo.sh --strict-build-id -m --run-dwz --dwz-low-mem-die-limit 10000000 --dwz-max-die-limit 50000000 /builddir/build/BUILD/jboss-modules-1.1.1.GA
/usr/lib/rpm/sepdebugcrcfix: Updated 0 CRC32s, 0 CRC32s did match.
+ /usr/lib/rpm/check-buildroot
+ /usr/lib/rpm/redhat/brp-compress
+ /usr/lib/rpm/redhat/brp-strip-static-archive /usr/bin/strip
+ /usr/lib/rpm/brp-python-bytecompile /usr/bin/python 1
+ /usr/lib/rpm/redhat/brp-python-hardlink
+ /usr/lib/rpm/redhat/brp-java-repack-jars
Processing files: jboss-modules-1.1.1-9.el7.centos.noarch
Provides: jboss-modules = 1.1.1-9.el7.centos mvn(org.jboss.modules:jboss-modules) = 1.1.1.GA
Requires(rpmlib): rpmlib(CompressedFileNames) <= 3.0.4-1 rpmlib(FileDigests) <= 4.6.0-1 rpmlib(PayloadFilesHavePrefix) <= 4.0-1
Requires: jpackage-utils
Processing files: jboss-modules-javadoc-1.1.1-9.el7.centos.noarch
Provides: jboss-modules-javadoc = 1.1.1-9.el7.centos
Requires(rpmlib): rpmlib(CompressedFileNames) <= 3.0.4-1 rpmlib(FileDigests) <= 4.6.0-1 rpmlib(PayloadFilesHavePrefix) <= 4.0-1
Requires: jpackage-utils
Checking for unpackaged file(s): /usr/lib/rpm/check-files /builddir/build/BUILDROOT/jboss-modules-1.1.1-9.el7.centos.noarch
Wrote: /builddir/build/RPMS/jboss-modules-1.1.1-9.el7.centos.noarch.rpm
Wrote: /builddir/build/RPMS/jboss-modules-javadoc-1.1.1-9.el7.centos.noarch.rpm
Executing(%clean): /bin/sh -e /var/tmp/rpm-tmp.DWjrPB
+ umask 022
+ cd /builddir/build/BUILD
+ cd jboss-modules-1.1.1.GA
+ /usr/bin/rm -rf /builddir/build/BUILDROOT/jboss-modules-1.1.1-9.el7.centos.noarch
+ exit 0
Child return code was: 0
LEAVE do --> 

